<!DOCTYPE html PUBLIC "-//W3C//DTD XHTML 1.1//EN" "https://www.w3.org/TR/xhtml11/DTD/xhtml11.dtd">
<html xmlns="https://www.w3.org/1999/xhtml">
<head>
<meta http-equiv="content-type" content="text/html; charset=UTF-8"/>
<title>TestNG Report</title>
<style type="text/css">table {margin-bottom:10px;border-collapse:collapse;empty-cells:show}th,td {border:1px solid #009;padding:.25em .5em}th {vertical-align:bottom}td {vertical-align:top}table a {font-weight:bold}.stripe td {background-color: #E6EBF9}.num {text-align:right}.passedodd td {background-color: #3F3}.passedeven td {background-color: #0A0}.skippedodd td {background-color: #DDD}.skippedeven td {background-color: #CCC}.failedodd td,.attn {background-color: #F33}.failedeven td,.stripe .attn {background-color: #D00}.stacktrace {white-space:pre;font-family:monospace}.totop {font-size:85%;text-align:center;border-bottom:2px solid #000}.invisible {display:none}</style>
</head>
<body>
<table>
<tr><th>Test</th><th># Passed</th><th># Skipped</th><th># Retried</th><th># Failed</th><th>Time (ms)</th><th>Included Groups</th><th>Excluded Groups</th></tr>
<tr><th colspan="8">MyLoginSuite</th></tr>
<tr><td><a href="#t0">MyLoginTestInChrome</a></td><td class="num">0</td><td class="num attn">4</td><td class="num">0</td><td class="num">0</td><td class="num">181,949</td><td></td><td></td></tr>
<tr class="stripe"><td><a href="#t1">MyLoginTestInChrome7</a></td><td class="num">4</td><td class="num">0</td><td class="num">0</td><td class="num">0</td><td class="num">212,240</td><td></td><td></td></tr>
<tr><td><a href="#t2">MyLoginTestInChrome4</a></td><td class="num">3</td><td class="num">0</td><td class="num">0</td><td class="num attn">1</td><td class="num">313,269</td><td></td><td></td></tr>
<tr class="stripe"><td><a href="#t3">MyLoginTestInChrome2</a></td><td class="num">3</td><td class="num">0</td><td class="num">0</td><td class="num attn">1</td><td class="num">313,987</td><td></td><td></td></tr>
<tr><td><a href="#t4">MyLoginTestInChrome1</a></td><td class="num">3</td><td class="num">0</td><td class="num">0</td><td class="num attn">1</td><td class="num">314,127</td><td></td><td></td></tr>
<tr class="stripe"><td><a href="#t5">MyLoginTestInChrome3</a></td><td class="num">3</td><td class="num">0</td><td class="num">0</td><td class="num attn">1</td><td class="num">315,496</td><td></td><td></td></tr>
<tr><td><a href="#t6">MyLoginTestInChrome6</a></td><td class="num">3</td><td class="num">0</td><td class="num">0</td><td class="num attn">1</td><td class="num">316,403</td><td></td><td></td></tr>
<tr><th>Total</th><th class="num">19</th><th class="num attn">4</th><th class="num">0</th><th class="num attn">5</th><th class="num">1,967,471</th><th colspan="2"></th></tr>
</table>
<table id='summary'><thead><tr><th>Class</th><th>Method</th><th>Start</th><th>Time (ms)</th></tr></thead><tbody><tr><th colspan="4">MyLoginSuite</th></tr></tbody><tbody id="t0"><tr><th colspan="4">MyLoginTestInChrome &#8212; failed (configuration methods)</th></tr><tr class="failedeven"><td rowspan="1">itSutraGID.DemoOfMaven.EappLoginTest</td><td><a href="#m0">SetUp</a></td><td rowspan="1">1695267007756</td><td rowspan="1">181835</td></tr><tr><th colspan="4">MyLoginTestInChrome &#8212; skipped (configuration methods)</th></tr><tr class="skippedeven"><td rowspan="5">itSutraGID.DemoOfMaven.EappLoginTest</td><td><a href="#m1">Clean</a></td><td rowspan="1">1695267189680</td><td rowspan="1">0</td></tr><tr class="skippedeven"><td><a href="#m2">failureSetup</a></td><td rowspan="4">1695267189671</td><td rowspan="4">0</td></tr><tr class="skippedeven"><td><a href="#m3">failureSetup</a></td></tr><tr class="skippedeven"><td><a href="#m4">failureSetup</a></td></tr><tr class="skippedeven"><td><a href="#m5">failureSetup</a></td></tr><tr><th colspan="4">MyLoginTestInChrome &#8212; skipped</th></tr><tr class="skippedeven"><td rowspan="4">itSutraGID.DemoOfMaven.EappLoginTest</td><td><a href="#m6">VerifyUserLoginAlertMsgWhenSubmitOnlyUserNameInfo</a></td><td rowspan="1">1695267189662</td><td rowspan="1">2</td></tr><tr class="skippedeven"><td><a href="#m7">verifyUserLoginWithoutPassword</a></td><td rowspan="1">1695267189666</td><td rowspan="1">0</td></tr><tr class="skippedeven"><td><a href="#m8">verifyUserLoginWithoutPasswordAndUserName</a></td><td rowspan="1">1695267189668</td><td rowspan="1">0</td></tr><tr class="skippedeven"><td><a href="#m9">verifyUserLoginWithoutUserName</a></td><td rowspan="1">1695267189669</td><td rowspan="1">0</td></tr></tbody>
<tbody id="t1"><tr><th colspan="4">MyLoginTestInChrome7 &#8212; passed</th></tr><tr class="passedeven"><td rowspan="4">itSutraGID.DemoOfMaven.EappLoginTest</td><td><a href="#m10">VerifyUserLoginAlertMsgWhenSubmitOnlyUserNameInfo</a></td><td rowspan="1">1695267048985</td><td rowspan="1">28711</td></tr><tr class="passedeven"><td><a href="#m11">verifyUserLoginWithoutPassword</a></td><td rowspan="1">1695267077697</td><td rowspan="1">25392</td></tr><tr class="passedeven"><td><a href="#m12">verifyUserLoginWithoutPasswordAndUserName</a></td><td rowspan="1">1695267103092</td><td rowspan="1">66302</td></tr><tr class="passedeven"><td><a href="#m13">verifyUserLoginWithoutUserName</a></td><td rowspan="1">1695267169395</td><td rowspan="1">49173</td></tr></tbody>
<tbody id="t2"><tr><th colspan="4">MyLoginTestInChrome4 &#8212; failed</th></tr><tr class="failedeven"><td rowspan="1">itSutraGID.DemoOfMaven.EappLoginTest</td><td><a href="#m14">verifyUserLoginWithoutUserName</a></td><td rowspan="1">1695267132679</td><td rowspan="1">180035</td></tr><tr><th colspan="4">MyLoginTestInChrome4 &#8212; passed</th></tr><tr class="passedeven"><td rowspan="3">itSutraGID.DemoOfMaven.EappLoginTest</td><td><a href="#m15">VerifyUserLoginAlertMsgWhenSubmitOnlyUserNameInfo</a></td><td rowspan="1">1695267049841</td><td rowspan="1">25887</td></tr><tr class="passedeven"><td><a href="#m16">verifyUserLoginWithoutPassword</a></td><td rowspan="1">1695267075731</td><td rowspan="1">27886</td></tr><tr class="passedeven"><td><a href="#m17">verifyUserLoginWithoutPasswordAndUserName</a></td><td rowspan="1">1695267103619</td><td rowspan="1">29055</td></tr></tbody>
<tbody id="t3"><tr><th colspan="4">MyLoginTestInChrome2 &#8212; failed</th></tr><tr class="failedeven"><td rowspan="1">itSutraGID.DemoOfMaven.EappLoginTest</td><td><a href="#m18">verifyUserLoginWithoutUserName</a></td><td rowspan="1">1695267132899</td><td rowspan="1">180020</td></tr><tr><th colspan="4">MyLoginTestInChrome2 &#8212; passed</th></tr><tr class="passedeven"><td rowspan="3">itSutraGID.DemoOfMaven.EappLoginTest</td><td><a href="#m19">VerifyUserLoginAlertMsgWhenSubmitOnlyUserNameInfo</a></td><td rowspan="1">1695267048319</td><td rowspan="1">29326</td></tr><tr class="passedeven"><td><a href="#m20">verifyUserLoginWithoutPassword</a></td><td rowspan="1">1695267077647</td><td rowspan="1">25518</td></tr><tr class="passedeven"><td><a href="#m21">verifyUserLoginWithoutPasswordAndUserName</a></td><td rowspan="1">1695267103169</td><td rowspan="1">29728</td></tr></tbody>
<tbody id="t4"><tr><th colspan="4">MyLoginTestInChrome1 &#8212; failed</th></tr><tr class="failedeven"><td rowspan="1">itSutraGID.DemoOfMaven.EappLoginTest</td><td><a href="#m22">verifyUserLoginWithoutUserName</a></td><td rowspan="1">1695267134340</td><td rowspan="1">180035</td></tr><tr><th colspan="4">MyLoginTestInChrome1 &#8212; passed</th></tr><tr class="passedeven"><td rowspan="3">itSutraGID.DemoOfMaven.EappLoginTest</td><td><a href="#m23">VerifyUserLoginAlertMsgWhenSubmitOnlyUserNameInfo</a></td><td rowspan="1">1695267049707</td><td rowspan="1">26516</td></tr><tr class="passedeven"><td><a href="#m24">verifyUserLoginWithoutPassword</a></td><td rowspan="1">1695267076226</td><td rowspan="1">24408</td></tr><tr class="passedeven"><td><a href="#m25">verifyUserLoginWithoutPasswordAndUserName</a></td><td rowspan="1">1695267100636</td><td rowspan="1">33702</td></tr></tbody>
<tbody id="t5"><tr><th colspan="4">MyLoginTestInChrome3 &#8212; failed</th></tr><tr class="failedeven"><td rowspan="1">itSutraGID.DemoOfMaven.EappLoginTest</td><td><a href="#m26">verifyUserLoginWithoutUserName</a></td><td rowspan="1">1695267135836</td><td rowspan="1">180140</td></tr><tr><th colspan="4">MyLoginTestInChrome3 &#8212; passed</th></tr><tr class="passedeven"><td rowspan="3">itSutraGID.DemoOfMaven.EappLoginTest</td><td><a href="#m27">VerifyUserLoginAlertMsgWhenSubmitOnlyUserNameInfo</a></td><td rowspan="1">1695267049514</td><td rowspan="1">24918</td></tr><tr class="passedeven"><td><a href="#m28">verifyUserLoginWithoutPassword</a></td><td rowspan="1">1695267074451</td><td rowspan="1">20245</td></tr><tr class="passedeven"><td><a href="#m29">verifyUserLoginWithoutPasswordAndUserName</a></td><td rowspan="1">1695267094699</td><td rowspan="1">41115</td></tr></tbody>
<tbody id="t6"><tr><th colspan="4">MyLoginTestInChrome6 &#8212; failed</th></tr><tr class="failedeven"><td rowspan="1">itSutraGID.DemoOfMaven.EappLoginTest</td><td><a href="#m30">verifyUserLoginWithoutUserName</a></td><td rowspan="1">1695267136774</td><td rowspan="1">180163</td></tr><tr><th colspan="4">MyLoginTestInChrome6 &#8212; passed</th></tr><tr class="passedeven"><td rowspan="3">itSutraGID.DemoOfMaven.EappLoginTest</td><td><a href="#m31">VerifyUserLoginAlertMsgWhenSubmitOnlyUserNameInfo</a></td><td rowspan="1">1695267047986</td><td rowspan="1">28257</td></tr><tr class="passedeven"><td><a href="#m32">verifyUserLoginWithoutPassword</a></td><td rowspan="1">1695267076247</td><td rowspan="1">24096</td></tr><tr class="passedeven"><td><a href="#m33">verifyUserLoginWithoutPasswordAndUserName</a></td><td rowspan="1">1695267100346</td><td rowspan="1">36426</td></tr></tbody>
</table>
<h2>MyLoginTestInChrome</h2><h3 id="m0">itSutraGID.DemoOfMaven.EappLoginTest#SetUp</h3><table class="result"><tr class="param"><th>Parameter #1</th><th>Parameter #2</th></tr><tr class="param stripe"><td>http://eaapp.somee.com</td><td>chrome</td></tr><tr><th colspan="2">Exception</th></tr><tr><td colspan="2"><div class="stacktrace">org.openqa.selenium.SessionNotCreatedException: Could not start a new session. Possible causes are invalid address of the remote server or browser start-up failure. 
Host info: host: &apos;KAVYA&apos;, ip: &apos;192.168.1.5&apos;
Build info: version: &apos;4.12.1&apos;, revision: &apos;8e34639b11&apos;
System info: os.name: &apos;Windows 11&apos;, os.arch: &apos;amd64&apos;, os.version: &apos;10.0&apos;, java.version: &apos;17.0.6&apos;
Driver info: org.openqa.selenium.remote.RemoteWebDriver
Command: [null, newSession {capabilities=[Capabilities {browserName: chrome}]}]
Capabilities {browserName: chrome}
	at org.openqa.selenium.remote.RemoteWebDriver.execute(RemoteWebDriver.java:620)
	at org.openqa.selenium.remote.RemoteWebDriver.startSession(RemoteWebDriver.java:236)
	at org.openqa.selenium.remote.RemoteWebDriver.&lt;init&gt;(RemoteWebDriver.java:163)
	at org.openqa.selenium.remote.RemoteWebDriver.&lt;init&gt;(RemoteWebDriver.java:143)
	at itSutraGID.DemoOfMaven.EappLoginTest.SetUp(EappLoginTest.java:93)
	at java.base/java.util.concurrent.FutureTask.run(FutureTask.java:264)
	at java.base/java.util.concurrent.ThreadPoolExecutor.runWorker(ThreadPoolExecutor.java:1136)
	at java.base/java.util.concurrent.ThreadPoolExecutor$Worker.run(ThreadPoolExecutor.java:635)
	at java.base/java.lang.Thread.run(Thread.java:833)
Caused by: java.lang.RuntimeException: NettyHttpHandler request execution error
	at org.openqa.selenium.remote.http.netty.NettyHttpHandler.makeCall(NettyHttpHandler.java:76)
	at org.openqa.selenium.remote.http.AddSeleniumUserAgent.lambda$apply$0(AddSeleniumUserAgent.java:42)
	at org.openqa.selenium.remote.http.Filter.lambda$andFinally$1(Filter.java:55)
	at org.openqa.selenium.remote.http.netty.NettyHttpHandler.execute(NettyHttpHandler.java:48)
	at org.openqa.selenium.remote.http.netty.NettyClient.execute(NettyClient.java:96)
	at org.openqa.selenium.remote.tracing.TracedHttpClient.execute(TracedHttpClient.java:54)
	at org.openqa.selenium.remote.ProtocolHandshake.createSession(ProtocolHandshake.java:115)
	at org.openqa.selenium.remote.ProtocolHandshake.createSession(ProtocolHandshake.java:96)
	at org.openqa.selenium.remote.ProtocolHandshake.createSession(ProtocolHandshake.java:68)
	at org.openqa.selenium.remote.HttpCommandExecutor.execute(HttpCommandExecutor.java:163)
	at org.openqa.selenium.remote.TracedCommandExecutor.execute(TracedCommandExecutor.java:51)
	at org.openqa.selenium.remote.RemoteWebDriver.execute(RemoteWebDriver.java:602)
	... 22 more
Caused by: java.util.concurrent.ExecutionException: java.util.concurrent.TimeoutException: Request timeout to localhost/127.0.0.1:4444 after 180000 ms
	at java.base/java.util.concurrent.CompletableFuture.reportGet(CompletableFuture.java:396)
	at java.base/java.util.concurrent.CompletableFuture.get(CompletableFuture.java:2096)
	at org.asynchttpclient.netty.NettyResponseFuture.get(NettyResponseFuture.java:206)
	at org.openqa.selenium.remote.http.netty.NettyHttpHandler.makeCall(NettyHttpHandler.java:59)
	... 33 more
Caused by: java.util.concurrent.TimeoutException: Request timeout to localhost/127.0.0.1:4444 after 180000 ms
	at org.asynchttpclient.netty.timeout.TimeoutTimerTask.expire(TimeoutTimerTask.java:43)
	at org.asynchttpclient.netty.timeout.RequestTimeoutTimerTask.run(RequestTimeoutTimerTask.java:50)
	at io.netty.util.HashedWheelTimer$HashedWheelTimeout.run(HashedWheelTimer.java:715)
	at io.netty.util.concurrent.ImmediateExecutor.execute(ImmediateExecutor.java:34)
	at io.netty.util.HashedWheelTimer$HashedWheelTimeout.expire(HashedWheelTimer.java:703)
	at io.netty.util.HashedWheelTimer$HashedWheelBucket.expireTimeouts(HashedWheelTimer.java:790)
	at io.netty.util.HashedWheelTimer$Worker.run(HashedWheelTimer.java:503)
	at io.netty.util.concurrent.FastThreadLocalRunnable.run(FastThreadLocalRunnable.java:30)
	... 1 more
... Removed 14 stack frames</div></td></tr></table><p class="totop"><a href="#summary">back to summary</a></p>
<h3 id="m1">itSutraGID.DemoOfMaven.EappLoginTest#Clean</h3><table class="result"><tr><th class="invisible"/></tr></table><p class="totop"><a href="#summary">back to summary</a></p>
<h3 id="m2">itSutraGID.DemoOfMaven.EappLoginTest#failureSetup</h3><table class="result"><tr><th class="invisible"/></tr></table><p class="totop"><a href="#summary">back to summary</a></p>
<h3 id="m3">itSutraGID.DemoOfMaven.EappLoginTest#failureSetup</h3><table class="result"><tr><th class="invisible"/></tr></table><p class="totop"><a href="#summary">back to summary</a></p>
<h3 id="m4">itSutraGID.DemoOfMaven.EappLoginTest#failureSetup</h3><table class="result"><tr><th class="invisible"/></tr></table><p class="totop"><a href="#summary">back to summary</a></p>
<h3 id="m5">itSutraGID.DemoOfMaven.EappLoginTest#failureSetup</h3><table class="result"><tr><th class="invisible"/></tr></table><p class="totop"><a href="#summary">back to summary</a></p>
<h3 id="m6">itSutraGID.DemoOfMaven.EappLoginTest#VerifyUserLoginAlertMsgWhenSubmitOnlyUserNameInfo</h3><table class="result"><tr><th>Exception</th></tr><tr><td><div class="stacktrace">org.openqa.selenium.SessionNotCreatedException: Could not start a new session. Possible causes are invalid address of the remote server or browser start-up failure. 
Host info: host: &apos;KAVYA&apos;, ip: &apos;192.168.1.5&apos;
Build info: version: &apos;4.12.1&apos;, revision: &apos;8e34639b11&apos;
System info: os.name: &apos;Windows 11&apos;, os.arch: &apos;amd64&apos;, os.version: &apos;10.0&apos;, java.version: &apos;17.0.6&apos;
Driver info: org.openqa.selenium.remote.RemoteWebDriver
Command: [null, newSession {capabilities=[Capabilities {browserName: chrome}]}]
Capabilities {browserName: chrome}
	at org.openqa.selenium.remote.RemoteWebDriver.execute(RemoteWebDriver.java:620)
	at org.openqa.selenium.remote.RemoteWebDriver.startSession(RemoteWebDriver.java:236)
	at org.openqa.selenium.remote.RemoteWebDriver.&lt;init&gt;(RemoteWebDriver.java:163)
	at org.openqa.selenium.remote.RemoteWebDriver.&lt;init&gt;(RemoteWebDriver.java:143)
	at itSutraGID.DemoOfMaven.EappLoginTest.SetUp(EappLoginTest.java:93)
	at java.base/java.util.concurrent.FutureTask.run(FutureTask.java:264)
	at java.base/java.util.concurrent.ThreadPoolExecutor.runWorker(ThreadPoolExecutor.java:1136)
	at java.base/java.util.concurrent.ThreadPoolExecutor$Worker.run(ThreadPoolExecutor.java:635)
	at java.base/java.lang.Thread.run(Thread.java:833)
Caused by: java.lang.RuntimeException: NettyHttpHandler request execution error
	at org.openqa.selenium.remote.http.netty.NettyHttpHandler.makeCall(NettyHttpHandler.java:76)
	at org.openqa.selenium.remote.http.AddSeleniumUserAgent.lambda$apply$0(AddSeleniumUserAgent.java:42)
	at org.openqa.selenium.remote.http.Filter.lambda$andFinally$1(Filter.java:55)
	at org.openqa.selenium.remote.http.netty.NettyHttpHandler.execute(NettyHttpHandler.java:48)
	at org.openqa.selenium.remote.http.netty.NettyClient.execute(NettyClient.java:96)
	at org.openqa.selenium.remote.tracing.TracedHttpClient.execute(TracedHttpClient.java:54)
	at org.openqa.selenium.remote.ProtocolHandshake.createSession(ProtocolHandshake.java:115)
	at org.openqa.selenium.remote.ProtocolHandshake.createSession(ProtocolHandshake.java:96)
	at org.openqa.selenium.remote.ProtocolHandshake.createSession(ProtocolHandshake.java:68)
	at org.openqa.selenium.remote.HttpCommandExecutor.execute(HttpCommandExecutor.java:163)
	at org.openqa.selenium.remote.TracedCommandExecutor.execute(TracedCommandExecutor.java:51)
	at org.openqa.selenium.remote.RemoteWebDriver.execute(RemoteWebDriver.java:602)
	... 22 more
Caused by: java.util.concurrent.ExecutionException: java.util.concurrent.TimeoutException: Request timeout to localhost/127.0.0.1:4444 after 180000 ms
	at java.base/java.util.concurrent.CompletableFuture.reportGet(CompletableFuture.java:396)
	at java.base/java.util.concurrent.CompletableFuture.get(CompletableFuture.java:2096)
	at org.asynchttpclient.netty.NettyResponseFuture.get(NettyResponseFuture.java:206)
	at org.openqa.selenium.remote.http.netty.NettyHttpHandler.makeCall(NettyHttpHandler.java:59)
	... 33 more
Caused by: java.util.concurrent.TimeoutException: Request timeout to localhost/127.0.0.1:4444 after 180000 ms
	at org.asynchttpclient.netty.timeout.TimeoutTimerTask.expire(TimeoutTimerTask.java:43)
	at org.asynchttpclient.netty.timeout.RequestTimeoutTimerTask.run(RequestTimeoutTimerTask.java:50)
	at io.netty.util.HashedWheelTimer$HashedWheelTimeout.run(HashedWheelTimer.java:715)
	at io.netty.util.concurrent.ImmediateExecutor.execute(ImmediateExecutor.java:34)
	at io.netty.util.HashedWheelTimer$HashedWheelTimeout.expire(HashedWheelTimer.java:703)
	at io.netty.util.HashedWheelTimer$HashedWheelBucket.expireTimeouts(HashedWheelTimer.java:790)
	at io.netty.util.HashedWheelTimer$Worker.run(HashedWheelTimer.java:503)
	at io.netty.util.concurrent.FastThreadLocalRunnable.run(FastThreadLocalRunnable.java:30)
	... 1 more
... Removed 14 stack frames</div></td></tr></table><p class="totop"><a href="#summary">back to summary</a></p>
<h3 id="m7">itSutraGID.DemoOfMaven.EappLoginTest#verifyUserLoginWithoutPassword</h3><table class="result"><tr><th>Exception</th></tr><tr><td><div class="stacktrace">org.openqa.selenium.SessionNotCreatedException: Could not start a new session. Possible causes are invalid address of the remote server or browser start-up failure. 
Host info: host: &apos;KAVYA&apos;, ip: &apos;192.168.1.5&apos;
Build info: version: &apos;4.12.1&apos;, revision: &apos;8e34639b11&apos;
System info: os.name: &apos;Windows 11&apos;, os.arch: &apos;amd64&apos;, os.version: &apos;10.0&apos;, java.version: &apos;17.0.6&apos;
Driver info: org.openqa.selenium.remote.RemoteWebDriver
Command: [null, newSession {capabilities=[Capabilities {browserName: chrome}]}]
Capabilities {browserName: chrome}
	at org.openqa.selenium.remote.RemoteWebDriver.execute(RemoteWebDriver.java:620)
	at org.openqa.selenium.remote.RemoteWebDriver.startSession(RemoteWebDriver.java:236)
	at org.openqa.selenium.remote.RemoteWebDriver.&lt;init&gt;(RemoteWebDriver.java:163)
	at org.openqa.selenium.remote.RemoteWebDriver.&lt;init&gt;(RemoteWebDriver.java:143)
	at itSutraGID.DemoOfMaven.EappLoginTest.SetUp(EappLoginTest.java:93)
	at java.base/java.util.concurrent.FutureTask.run(FutureTask.java:264)
	at java.base/java.util.concurrent.ThreadPoolExecutor.runWorker(ThreadPoolExecutor.java:1136)
	at java.base/java.util.concurrent.ThreadPoolExecutor$Worker.run(ThreadPoolExecutor.java:635)
	at java.base/java.lang.Thread.run(Thread.java:833)
Caused by: java.lang.RuntimeException: NettyHttpHandler request execution error
	at org.openqa.selenium.remote.http.netty.NettyHttpHandler.makeCall(NettyHttpHandler.java:76)
	at org.openqa.selenium.remote.http.AddSeleniumUserAgent.lambda$apply$0(AddSeleniumUserAgent.java:42)
	at org.openqa.selenium.remote.http.Filter.lambda$andFinally$1(Filter.java:55)
	at org.openqa.selenium.remote.http.netty.NettyHttpHandler.execute(NettyHttpHandler.java:48)
	at org.openqa.selenium.remote.http.netty.NettyClient.execute(NettyClient.java:96)
	at org.openqa.selenium.remote.tracing.TracedHttpClient.execute(TracedHttpClient.java:54)
	at org.openqa.selenium.remote.ProtocolHandshake.createSession(ProtocolHandshake.java:115)
	at org.openqa.selenium.remote.ProtocolHandshake.createSession(ProtocolHandshake.java:96)
	at org.openqa.selenium.remote.ProtocolHandshake.createSession(ProtocolHandshake.java:68)
	at org.openqa.selenium.remote.HttpCommandExecutor.execute(HttpCommandExecutor.java:163)
	at org.openqa.selenium.remote.TracedCommandExecutor.execute(TracedCommandExecutor.java:51)
	at org.openqa.selenium.remote.RemoteWebDriver.execute(RemoteWebDriver.java:602)
	... 22 more
Caused by: java.util.concurrent.ExecutionException: java.util.concurrent.TimeoutException: Request timeout to localhost/127.0.0.1:4444 after 180000 ms
	at java.base/java.util.concurrent.CompletableFuture.reportGet(CompletableFuture.java:396)
	at java.base/java.util.concurrent.CompletableFuture.get(CompletableFuture.java:2096)
	at org.asynchttpclient.netty.NettyResponseFuture.get(NettyResponseFuture.java:206)
	at org.openqa.selenium.remote.http.netty.NettyHttpHandler.makeCall(NettyHttpHandler.java:59)
	... 33 more
Caused by: java.util.concurrent.TimeoutException: Request timeout to localhost/127.0.0.1:4444 after 180000 ms
	at org.asynchttpclient.netty.timeout.TimeoutTimerTask.expire(TimeoutTimerTask.java:43)
	at org.asynchttpclient.netty.timeout.RequestTimeoutTimerTask.run(RequestTimeoutTimerTask.java:50)
	at io.netty.util.HashedWheelTimer$HashedWheelTimeout.run(HashedWheelTimer.java:715)
	at io.netty.util.concurrent.ImmediateExecutor.execute(ImmediateExecutor.java:34)
	at io.netty.util.HashedWheelTimer$HashedWheelTimeout.expire(HashedWheelTimer.java:703)
	at io.netty.util.HashedWheelTimer$HashedWheelBucket.expireTimeouts(HashedWheelTimer.java:790)
	at io.netty.util.HashedWheelTimer$Worker.run(HashedWheelTimer.java:503)
	at io.netty.util.concurrent.FastThreadLocalRunnable.run(FastThreadLocalRunnable.java:30)
	... 1 more
... Removed 14 stack frames</div></td></tr></table><p class="totop"><a href="#summary">back to summary</a></p>
<h3 id="m8">itSutraGID.DemoOfMaven.EappLoginTest#verifyUserLoginWithoutPasswordAndUserName</h3><table class="result"><tr><th>Exception</th></tr><tr><td><div class="stacktrace">org.openqa.selenium.SessionNotCreatedException: Could not start a new session. Possible causes are invalid address of the remote server or browser start-up failure. 
Host info: host: &apos;KAVYA&apos;, ip: &apos;192.168.1.5&apos;
Build info: version: &apos;4.12.1&apos;, revision: &apos;8e34639b11&apos;
System info: os.name: &apos;Windows 11&apos;, os.arch: &apos;amd64&apos;, os.version: &apos;10.0&apos;, java.version: &apos;17.0.6&apos;
Driver info: org.openqa.selenium.remote.RemoteWebDriver
Command: [null, newSession {capabilities=[Capabilities {browserName: chrome}]}]
Capabilities {browserName: chrome}
	at org.openqa.selenium.remote.RemoteWebDriver.execute(RemoteWebDriver.java:620)
	at org.openqa.selenium.remote.RemoteWebDriver.startSession(RemoteWebDriver.java:236)
	at org.openqa.selenium.remote.RemoteWebDriver.&lt;init&gt;(RemoteWebDriver.java:163)
	at org.openqa.selenium.remote.RemoteWebDriver.&lt;init&gt;(RemoteWebDriver.java:143)
	at itSutraGID.DemoOfMaven.EappLoginTest.SetUp(EappLoginTest.java:93)
	at java.base/java.util.concurrent.FutureTask.run(FutureTask.java:264)
	at java.base/java.util.concurrent.ThreadPoolExecutor.runWorker(ThreadPoolExecutor.java:1136)
	at java.base/java.util.concurrent.ThreadPoolExecutor$Worker.run(ThreadPoolExecutor.java:635)
	at java.base/java.lang.Thread.run(Thread.java:833)
Caused by: java.lang.RuntimeException: NettyHttpHandler request execution error
	at org.openqa.selenium.remote.http.netty.NettyHttpHandler.makeCall(NettyHttpHandler.java:76)
	at org.openqa.selenium.remote.http.AddSeleniumUserAgent.lambda$apply$0(AddSeleniumUserAgent.java:42)
	at org.openqa.selenium.remote.http.Filter.lambda$andFinally$1(Filter.java:55)
	at org.openqa.selenium.remote.http.netty.NettyHttpHandler.execute(NettyHttpHandler.java:48)
	at org.openqa.selenium.remote.http.netty.NettyClient.execute(NettyClient.java:96)
	at org.openqa.selenium.remote.tracing.TracedHttpClient.execute(TracedHttpClient.java:54)
	at org.openqa.selenium.remote.ProtocolHandshake.createSession(ProtocolHandshake.java:115)
	at org.openqa.selenium.remote.ProtocolHandshake.createSession(ProtocolHandshake.java:96)
	at org.openqa.selenium.remote.ProtocolHandshake.createSession(ProtocolHandshake.java:68)
	at org.openqa.selenium.remote.HttpCommandExecutor.execute(HttpCommandExecutor.java:163)
	at org.openqa.selenium.remote.TracedCommandExecutor.execute(TracedCommandExecutor.java:51)
	at org.openqa.selenium.remote.RemoteWebDriver.execute(RemoteWebDriver.java:602)
	... 22 more
Caused by: java.util.concurrent.ExecutionException: java.util.concurrent.TimeoutException: Request timeout to localhost/127.0.0.1:4444 after 180000 ms
	at java.base/java.util.concurrent.CompletableFuture.reportGet(CompletableFuture.java:396)
	at java.base/java.util.concurrent.CompletableFuture.get(CompletableFuture.java:2096)
	at org.asynchttpclient.netty.NettyResponseFuture.get(NettyResponseFuture.java:206)
	at org.openqa.selenium.remote.http.netty.NettyHttpHandler.makeCall(NettyHttpHandler.java:59)
	... 33 more
Caused by: java.util.concurrent.TimeoutException: Request timeout to localhost/127.0.0.1:4444 after 180000 ms
	at org.asynchttpclient.netty.timeout.TimeoutTimerTask.expire(TimeoutTimerTask.java:43)
	at org.asynchttpclient.netty.timeout.RequestTimeoutTimerTask.run(RequestTimeoutTimerTask.java:50)
	at io.netty.util.HashedWheelTimer$HashedWheelTimeout.run(HashedWheelTimer.java:715)
	at io.netty.util.concurrent.ImmediateExecutor.execute(ImmediateExecutor.java:34)
	at io.netty.util.HashedWheelTimer$HashedWheelTimeout.expire(HashedWheelTimer.java:703)
	at io.netty.util.HashedWheelTimer$HashedWheelBucket.expireTimeouts(HashedWheelTimer.java:790)
	at io.netty.util.HashedWheelTimer$Worker.run(HashedWheelTimer.java:503)
	at io.netty.util.concurrent.FastThreadLocalRunnable.run(FastThreadLocalRunnable.java:30)
	... 1 more
... Removed 14 stack frames</div></td></tr></table><p class="totop"><a href="#summary">back to summary</a></p>
<h3 id="m9">itSutraGID.DemoOfMaven.EappLoginTest#verifyUserLoginWithoutUserName</h3><table class="result"><tr><th>Exception</th></tr><tr><td><div class="stacktrace">org.openqa.selenium.SessionNotCreatedException: Could not start a new session. Possible causes are invalid address of the remote server or browser start-up failure. 
Host info: host: &apos;KAVYA&apos;, ip: &apos;192.168.1.5&apos;
Build info: version: &apos;4.12.1&apos;, revision: &apos;8e34639b11&apos;
System info: os.name: &apos;Windows 11&apos;, os.arch: &apos;amd64&apos;, os.version: &apos;10.0&apos;, java.version: &apos;17.0.6&apos;
Driver info: org.openqa.selenium.remote.RemoteWebDriver
Command: [null, newSession {capabilities=[Capabilities {browserName: chrome}]}]
Capabilities {browserName: chrome}
	at org.openqa.selenium.remote.RemoteWebDriver.execute(RemoteWebDriver.java:620)
	at org.openqa.selenium.remote.RemoteWebDriver.startSession(RemoteWebDriver.java:236)
	at org.openqa.selenium.remote.RemoteWebDriver.&lt;init&gt;(RemoteWebDriver.java:163)
	at org.openqa.selenium.remote.RemoteWebDriver.&lt;init&gt;(RemoteWebDriver.java:143)
	at itSutraGID.DemoOfMaven.EappLoginTest.SetUp(EappLoginTest.java:93)
	at java.base/java.util.concurrent.FutureTask.run(FutureTask.java:264)
	at java.base/java.util.concurrent.ThreadPoolExecutor.runWorker(ThreadPoolExecutor.java:1136)
	at java.base/java.util.concurrent.ThreadPoolExecutor$Worker.run(ThreadPoolExecutor.java:635)
	at java.base/java.lang.Thread.run(Thread.java:833)
Caused by: java.lang.RuntimeException: NettyHttpHandler request execution error
	at org.openqa.selenium.remote.http.netty.NettyHttpHandler.makeCall(NettyHttpHandler.java:76)
	at org.openqa.selenium.remote.http.AddSeleniumUserAgent.lambda$apply$0(AddSeleniumUserAgent.java:42)
	at org.openqa.selenium.remote.http.Filter.lambda$andFinally$1(Filter.java:55)
	at org.openqa.selenium.remote.http.netty.NettyHttpHandler.execute(NettyHttpHandler.java:48)
	at org.openqa.selenium.remote.http.netty.NettyClient.execute(NettyClient.java:96)
	at org.openqa.selenium.remote.tracing.TracedHttpClient.execute(TracedHttpClient.java:54)
	at org.openqa.selenium.remote.ProtocolHandshake.createSession(ProtocolHandshake.java:115)
	at org.openqa.selenium.remote.ProtocolHandshake.createSession(ProtocolHandshake.java:96)
	at org.openqa.selenium.remote.ProtocolHandshake.createSession(ProtocolHandshake.java:68)
	at org.openqa.selenium.remote.HttpCommandExecutor.execute(HttpCommandExecutor.java:163)
	at org.openqa.selenium.remote.TracedCommandExecutor.execute(TracedCommandExecutor.java:51)
	at org.openqa.selenium.remote.RemoteWebDriver.execute(RemoteWebDriver.java:602)
	... 22 more
Caused by: java.util.concurrent.ExecutionException: java.util.concurrent.TimeoutException: Request timeout to localhost/127.0.0.1:4444 after 180000 ms
	at java.base/java.util.concurrent.CompletableFuture.reportGet(CompletableFuture.java:396)
	at java.base/java.util.concurrent.CompletableFuture.get(CompletableFuture.java:2096)
	at org.asynchttpclient.netty.NettyResponseFuture.get(NettyResponseFuture.java:206)
	at org.openqa.selenium.remote.http.netty.NettyHttpHandler.makeCall(NettyHttpHandler.java:59)
	... 33 more
Caused by: java.util.concurrent.TimeoutException: Request timeout to localhost/127.0.0.1:4444 after 180000 ms
	at org.asynchttpclient.netty.timeout.TimeoutTimerTask.expire(TimeoutTimerTask.java:43)
	at org.asynchttpclient.netty.timeout.RequestTimeoutTimerTask.run(RequestTimeoutTimerTask.java:50)
	at io.netty.util.HashedWheelTimer$HashedWheelTimeout.run(HashedWheelTimer.java:715)
	at io.netty.util.concurrent.ImmediateExecutor.execute(ImmediateExecutor.java:34)
	at io.netty.util.HashedWheelTimer$HashedWheelTimeout.expire(HashedWheelTimer.java:703)
	at io.netty.util.HashedWheelTimer$HashedWheelBucket.expireTimeouts(HashedWheelTimer.java:790)
	at io.netty.util.HashedWheelTimer$Worker.run(HashedWheelTimer.java:503)
	at io.netty.util.concurrent.FastThreadLocalRunnable.run(FastThreadLocalRunnable.java:30)
	... 1 more
... Removed 14 stack frames</div></td></tr></table><p class="totop"><a href="#summary">back to summary</a></p>
<h2>MyLoginTestInChrome7</h2><h3 id="m10">itSutraGID.DemoOfMaven.EappLoginTest#VerifyUserLoginAlertMsgWhenSubmitOnlyUserNameInfo</h3><table class="result"><tr><th>Messages</th></tr><tr><td><div class="messages">
Home Login Button clciked and Login Page get Open<br/>User Name getting input<br/>Password getting input<br/>click to submit login Credential<br/>
Sucess!!!, Getting Error msg for Password<br/>Success!!!!</div></td></tr></table><p class="totop"><a href="#summary">back to summary</a></p>
<h3 id="m11">itSutraGID.DemoOfMaven.EappLoginTest#verifyUserLoginWithoutPassword</h3><table class="result"><tr><th>Messages</th></tr><tr><td><div class="messages">verifyUserLoginWithoutPassword is Executed<br/>Success!!!!</div></td></tr></table><p class="totop"><a href="#summary">back to summary</a></p>
<h3 id="m12">itSutraGID.DemoOfMaven.EappLoginTest#verifyUserLoginWithoutPasswordAndUserName</h3><table class="result"><tr><th>Messages</th></tr><tr><td><div class="messages">verifyUserLoginWithoutPasswordAndUserName is Executed<br/>Success!!!!</div></td></tr></table><p class="totop"><a href="#summary">back to summary</a></p>
<h3 id="m13">itSutraGID.DemoOfMaven.EappLoginTest#verifyUserLoginWithoutUserName</h3><table class="result"><tr><th>Messages</th></tr><tr><td><div class="messages">verifyUserLoginWithoutUserName is Executed .... AAAAAAAAA!!!!<br/>Success!!!!</div></td></tr></table><p class="totop"><a href="#summary">back to summary</a></p>
<h2>MyLoginTestInChrome4</h2><h3 id="m14">itSutraGID.DemoOfMaven.EappLoginTest#verifyUserLoginWithoutUserName</h3><table class="result"><tr><th>Messages</th></tr><tr><td><div class="messages">Failed Test case...!!!</div></td></tr><tr><th>Exception</th></tr><tr><td><div class="stacktrace">org.openqa.selenium.TimeoutException: java.util.concurrent.TimeoutException
Build info: version: &apos;4.12.1&apos;, revision: &apos;8e34639b11&apos;
System info: os.name: &apos;Windows 11&apos;, os.arch: &apos;amd64&apos;, os.version: &apos;10.0&apos;, java.version: &apos;17.0.6&apos;
Driver info: org.openqa.selenium.remote.RemoteWebDriver
Command: [4bb236ba9a6c10d6c5677aae8d1f7e74, get {url=https://www.google.com}]
Capabilities {acceptInsecureCerts: false, browserName: chrome, browserVersion: 117.0.5938.88, chrome: {chromedriverVersion: 117.0.5938.88 (be6afae47212..., userDataDir: /tmp/.org.chromium.Chromium...}, fedcm:accounts: true, goog:chromeOptions: {debuggerAddress: localhost:42021}, networkConnectionEnabled: false, pageLoadStrategy: normal, platformName: linux, proxy: Proxy(), se:bidiEnabled: false, se:cdp: ws://172.23.0.5:4444/sessio..., se:cdpVersion: 117.0.5938.88, se:vnc: ws://172.23.0.5:4444/sessio..., se:vncEnabled: true, se:vncLocalAddress: ws://172.23.0.5:7900, setWindowRect: true, strictFileInteractability: false, timeouts: {implicit: 0, pageLoad: 300000, script: 30000}, unhandledPromptBehavior: dismiss and notify, webauthn:extension:credBlob: true, webauthn:extension:largeBlob: true, webauthn:extension:minPinLength: true, webauthn:extension:prf: true, webauthn:virtualAuthenticators: true}
Session ID: 4bb236ba9a6c10d6c5677aae8d1f7e74
	at org.openqa.selenium.remote.http.netty.NettyHttpHandler.makeCall(NettyHttpHandler.java:65)
	at org.openqa.selenium.remote.http.AddSeleniumUserAgent.lambda$apply$0(AddSeleniumUserAgent.java:42)
	at org.openqa.selenium.remote.http.Filter.lambda$andFinally$1(Filter.java:55)
	at org.openqa.selenium.remote.http.netty.NettyHttpHandler.execute(NettyHttpHandler.java:48)
	at org.openqa.selenium.remote.http.netty.NettyClient.execute(NettyClient.java:96)
	at org.openqa.selenium.remote.tracing.TracedHttpClient.execute(TracedHttpClient.java:54)
	at org.openqa.selenium.remote.HttpCommandExecutor.execute(HttpCommandExecutor.java:188)
	at org.openqa.selenium.remote.TracedCommandExecutor.execute(TracedCommandExecutor.java:51)
	at org.openqa.selenium.remote.RemoteWebDriver.execute(RemoteWebDriver.java:602)
	at org.openqa.selenium.remote.RemoteWebDriver.get(RemoteWebDriver.java:304)
	at itSutraGID.DemoOfMaven.EappLoginTest.verifyUserLoginWithoutUserName(EappLoginTest.java:58)
	at java.base/java.util.ArrayList.forEach(ArrayList.java:1511)
	at java.base/java.util.concurrent.FutureTask.run(FutureTask.java:264)
	at java.base/java.util.concurrent.ThreadPoolExecutor.runWorker(ThreadPoolExecutor.java:1136)
	at java.base/java.util.concurrent.ThreadPoolExecutor$Worker.run(ThreadPoolExecutor.java:635)
	at java.base/java.lang.Thread.run(Thread.java:833)
Caused by: java.util.concurrent.TimeoutException
	at java.base/java.util.concurrent.CompletableFuture.timedGet(CompletableFuture.java:1960)
	at java.base/java.util.concurrent.CompletableFuture.get(CompletableFuture.java:2095)
	at org.asynchttpclient.netty.NettyResponseFuture.get(NettyResponseFuture.java:206)
	at org.openqa.selenium.remote.http.netty.NettyHttpHandler.makeCall(NettyHttpHandler.java:59)
	... 32 more
... Removed 17 stack frames</div></td></tr></table><p class="totop"><a href="#summary">back to summary</a></p>
<h3 id="m15">itSutraGID.DemoOfMaven.EappLoginTest#VerifyUserLoginAlertMsgWhenSubmitOnlyUserNameInfo</h3><table class="result"><tr><th>Messages</th></tr><tr><td><div class="messages">
Home Login Button clciked and Login Page get Open<br/>User Name getting input<br/>Password getting input<br/>click to submit login Credential<br/>
Sucess!!!, Getting Error msg for Password<br/>Success!!!!</div></td></tr></table><p class="totop"><a href="#summary">back to summary</a></p>
<h3 id="m16">itSutraGID.DemoOfMaven.EappLoginTest#verifyUserLoginWithoutPassword</h3><table class="result"><tr><th>Messages</th></tr><tr><td><div class="messages">verifyUserLoginWithoutPassword is Executed<br/>Success!!!!</div></td></tr></table><p class="totop"><a href="#summary">back to summary</a></p>
<h3 id="m17">itSutraGID.DemoOfMaven.EappLoginTest#verifyUserLoginWithoutPasswordAndUserName</h3><table class="result"><tr><th>Messages</th></tr><tr><td><div class="messages">verifyUserLoginWithoutPasswordAndUserName is Executed<br/>Success!!!!</div></td></tr></table><p class="totop"><a href="#summary">back to summary</a></p>
<h2>MyLoginTestInChrome2</h2><h3 id="m18">itSutraGID.DemoOfMaven.EappLoginTest#verifyUserLoginWithoutUserName</h3><table class="result"><tr><th>Messages</th></tr><tr><td><div class="messages">Failed Test case...!!!</div></td></tr><tr><th>Exception</th></tr><tr><td><div class="stacktrace">org.openqa.selenium.TimeoutException: java.util.concurrent.TimeoutException
Build info: version: &apos;4.12.1&apos;, revision: &apos;8e34639b11&apos;
System info: os.name: &apos;Windows 11&apos;, os.arch: &apos;amd64&apos;, os.version: &apos;10.0&apos;, java.version: &apos;17.0.6&apos;
Driver info: org.openqa.selenium.remote.RemoteWebDriver
Command: [f3de214be3bf481170993dc40299a049, get {url=https://www.google.com}]
Capabilities {acceptInsecureCerts: false, browserName: chrome, browserVersion: 117.0.5938.88, chrome: {chromedriverVersion: 117.0.5938.88 (be6afae47212..., userDataDir: /tmp/.org.chromium.Chromium...}, fedcm:accounts: true, goog:chromeOptions: {debuggerAddress: localhost:37477}, networkConnectionEnabled: false, pageLoadStrategy: normal, platformName: linux, proxy: Proxy(), se:bidiEnabled: false, se:cdp: ws://172.23.0.6:4444/sessio..., se:cdpVersion: 117.0.5938.88, se:vnc: ws://172.23.0.6:4444/sessio..., se:vncEnabled: true, se:vncLocalAddress: ws://172.23.0.6:7900, setWindowRect: true, strictFileInteractability: false, timeouts: {implicit: 0, pageLoad: 300000, script: 30000}, unhandledPromptBehavior: dismiss and notify, webauthn:extension:credBlob: true, webauthn:extension:largeBlob: true, webauthn:extension:minPinLength: true, webauthn:extension:prf: true, webauthn:virtualAuthenticators: true}
Session ID: f3de214be3bf481170993dc40299a049
	at org.openqa.selenium.remote.http.netty.NettyHttpHandler.makeCall(NettyHttpHandler.java:65)
	at org.openqa.selenium.remote.http.AddSeleniumUserAgent.lambda$apply$0(AddSeleniumUserAgent.java:42)
	at org.openqa.selenium.remote.http.Filter.lambda$andFinally$1(Filter.java:55)
	at org.openqa.selenium.remote.http.netty.NettyHttpHandler.execute(NettyHttpHandler.java:48)
	at org.openqa.selenium.remote.http.netty.NettyClient.execute(NettyClient.java:96)
	at org.openqa.selenium.remote.tracing.TracedHttpClient.execute(TracedHttpClient.java:54)
	at org.openqa.selenium.remote.HttpCommandExecutor.execute(HttpCommandExecutor.java:188)
	at org.openqa.selenium.remote.TracedCommandExecutor.execute(TracedCommandExecutor.java:51)
	at org.openqa.selenium.remote.RemoteWebDriver.execute(RemoteWebDriver.java:602)
	at org.openqa.selenium.remote.RemoteWebDriver.get(RemoteWebDriver.java:304)
	at itSutraGID.DemoOfMaven.EappLoginTest.verifyUserLoginWithoutUserName(EappLoginTest.java:58)
	at java.base/java.util.ArrayList.forEach(ArrayList.java:1511)
	at java.base/java.util.concurrent.FutureTask.run(FutureTask.java:264)
	at java.base/java.util.concurrent.ThreadPoolExecutor.runWorker(ThreadPoolExecutor.java:1136)
	at java.base/java.util.concurrent.ThreadPoolExecutor$Worker.run(ThreadPoolExecutor.java:635)
	at java.base/java.lang.Thread.run(Thread.java:833)
Caused by: java.util.concurrent.TimeoutException
	at java.base/java.util.concurrent.CompletableFuture.timedGet(CompletableFuture.java:1960)
	at java.base/java.util.concurrent.CompletableFuture.get(CompletableFuture.java:2095)
	at org.asynchttpclient.netty.NettyResponseFuture.get(NettyResponseFuture.java:206)
	at org.openqa.selenium.remote.http.netty.NettyHttpHandler.makeCall(NettyHttpHandler.java:59)
	... 32 more
... Removed 17 stack frames</div></td></tr></table><p class="totop"><a href="#summary">back to summary</a></p>
<h3 id="m19">itSutraGID.DemoOfMaven.EappLoginTest#VerifyUserLoginAlertMsgWhenSubmitOnlyUserNameInfo</h3><table class="result"><tr><th>Messages</th></tr><tr><td><div class="messages">
Home Login Button clciked and Login Page get Open<br/>User Name getting input<br/>Password getting input<br/>click to submit login Credential<br/>
Sucess!!!, Getting Error msg for Password<br/>Success!!!!</div></td></tr></table><p class="totop"><a href="#summary">back to summary</a></p>
<h3 id="m20">itSutraGID.DemoOfMaven.EappLoginTest#verifyUserLoginWithoutPassword</h3><table class="result"><tr><th>Messages</th></tr><tr><td><div class="messages">verifyUserLoginWithoutPassword is Executed<br/>Success!!!!</div></td></tr></table><p class="totop"><a href="#summary">back to summary</a></p>
<h3 id="m21">itSutraGID.DemoOfMaven.EappLoginTest#verifyUserLoginWithoutPasswordAndUserName</h3><table class="result"><tr><th>Messages</th></tr><tr><td><div class="messages">verifyUserLoginWithoutPasswordAndUserName is Executed<br/>Success!!!!</div></td></tr></table><p class="totop"><a href="#summary">back to summary</a></p>
<h2>MyLoginTestInChrome1</h2><h3 id="m22">itSutraGID.DemoOfMaven.EappLoginTest#verifyUserLoginWithoutUserName</h3><table class="result"><tr><th>Messages</th></tr><tr><td><div class="messages">Failed Test case...!!!</div></td></tr><tr><th>Exception</th></tr><tr><td><div class="stacktrace">org.openqa.selenium.TimeoutException: java.util.concurrent.TimeoutException
Build info: version: &apos;4.12.1&apos;, revision: &apos;8e34639b11&apos;
System info: os.name: &apos;Windows 11&apos;, os.arch: &apos;amd64&apos;, os.version: &apos;10.0&apos;, java.version: &apos;17.0.6&apos;
Driver info: org.openqa.selenium.remote.RemoteWebDriver
Command: [63782b08f679a1d279d5e78e1eaded57, get {url=https://www.google.com}]
Capabilities {acceptInsecureCerts: false, browserName: chrome, browserVersion: 117.0.5938.88, chrome: {chromedriverVersion: 117.0.5938.88 (be6afae47212..., userDataDir: /tmp/.org.chromium.Chromium...}, fedcm:accounts: true, goog:chromeOptions: {debuggerAddress: localhost:36223}, networkConnectionEnabled: false, pageLoadStrategy: normal, platformName: linux, proxy: Proxy(), se:bidiEnabled: false, se:cdp: ws://172.23.0.2:4444/sessio..., se:cdpVersion: 117.0.5938.88, se:vnc: ws://172.23.0.2:4444/sessio..., se:vncEnabled: true, se:vncLocalAddress: ws://172.23.0.2:7900, setWindowRect: true, strictFileInteractability: false, timeouts: {implicit: 0, pageLoad: 300000, script: 30000}, unhandledPromptBehavior: dismiss and notify, webauthn:extension:credBlob: true, webauthn:extension:largeBlob: true, webauthn:extension:minPinLength: true, webauthn:extension:prf: true, webauthn:virtualAuthenticators: true}
Session ID: 63782b08f679a1d279d5e78e1eaded57
	at org.openqa.selenium.remote.http.netty.NettyHttpHandler.makeCall(NettyHttpHandler.java:65)
	at org.openqa.selenium.remote.http.AddSeleniumUserAgent.lambda$apply$0(AddSeleniumUserAgent.java:42)
	at org.openqa.selenium.remote.http.Filter.lambda$andFinally$1(Filter.java:55)
	at org.openqa.selenium.remote.http.netty.NettyHttpHandler.execute(NettyHttpHandler.java:48)
	at org.openqa.selenium.remote.http.netty.NettyClient.execute(NettyClient.java:96)
	at org.openqa.selenium.remote.tracing.TracedHttpClient.execute(TracedHttpClient.java:54)
	at org.openqa.selenium.remote.HttpCommandExecutor.execute(HttpCommandExecutor.java:188)
	at org.openqa.selenium.remote.TracedCommandExecutor.execute(TracedCommandExecutor.java:51)
	at org.openqa.selenium.remote.RemoteWebDriver.execute(RemoteWebDriver.java:602)
	at org.openqa.selenium.remote.RemoteWebDriver.get(RemoteWebDriver.java:304)
	at itSutraGID.DemoOfMaven.EappLoginTest.verifyUserLoginWithoutUserName(EappLoginTest.java:58)
	at java.base/java.util.ArrayList.forEach(ArrayList.java:1511)
	at java.base/java.util.concurrent.FutureTask.run(FutureTask.java:264)
	at java.base/java.util.concurrent.ThreadPoolExecutor.runWorker(ThreadPoolExecutor.java:1136)
	at java.base/java.util.concurrent.ThreadPoolExecutor$Worker.run(ThreadPoolExecutor.java:635)
	at java.base/java.lang.Thread.run(Thread.java:833)
Caused by: java.util.concurrent.TimeoutException
	at java.base/java.util.concurrent.CompletableFuture.timedGet(CompletableFuture.java:1960)
	at java.base/java.util.concurrent.CompletableFuture.get(CompletableFuture.java:2095)
	at org.asynchttpclient.netty.NettyResponseFuture.get(NettyResponseFuture.java:206)
	at org.openqa.selenium.remote.http.netty.NettyHttpHandler.makeCall(NettyHttpHandler.java:59)
	... 32 more
... Removed 17 stack frames</div></td></tr></table><p class="totop"><a href="#summary">back to summary</a></p>
<h3 id="m23">itSutraGID.DemoOfMaven.EappLoginTest#VerifyUserLoginAlertMsgWhenSubmitOnlyUserNameInfo</h3><table class="result"><tr><th>Messages</th></tr><tr><td><div class="messages">
Home Login Button clciked and Login Page get Open<br/>User Name getting input<br/>Password getting input<br/>click to submit login Credential<br/>
Sucess!!!, Getting Error msg for Password<br/>Success!!!!</div></td></tr></table><p class="totop"><a href="#summary">back to summary</a></p>
<h3 id="m24">itSutraGID.DemoOfMaven.EappLoginTest#verifyUserLoginWithoutPassword</h3><table class="result"><tr><th>Messages</th></tr><tr><td><div class="messages">verifyUserLoginWithoutPassword is Executed<br/>Success!!!!</div></td></tr></table><p class="totop"><a href="#summary">back to summary</a></p>
<h3 id="m25">itSutraGID.DemoOfMaven.EappLoginTest#verifyUserLoginWithoutPasswordAndUserName</h3><table class="result"><tr><th>Messages</th></tr><tr><td><div class="messages">verifyUserLoginWithoutPasswordAndUserName is Executed<br/>Success!!!!</div></td></tr></table><p class="totop"><a href="#summary">back to summary</a></p>
<h2>MyLoginTestInChrome3</h2><h3 id="m26">itSutraGID.DemoOfMaven.EappLoginTest#verifyUserLoginWithoutUserName</h3><table class="result"><tr><th>Messages</th></tr><tr><td><div class="messages">Failed Test case...!!!</div></td></tr><tr><th>Exception</th></tr><tr><td><div class="stacktrace">org.openqa.selenium.TimeoutException: java.util.concurrent.TimeoutException
Build info: version: &apos;4.12.1&apos;, revision: &apos;8e34639b11&apos;
System info: os.name: &apos;Windows 11&apos;, os.arch: &apos;amd64&apos;, os.version: &apos;10.0&apos;, java.version: &apos;17.0.6&apos;
Driver info: org.openqa.selenium.remote.RemoteWebDriver
Command: [46b530e3cf641a4043fbf228d305c83a, get {url=https://www.google.com}]
Capabilities {acceptInsecureCerts: false, browserName: chrome, browserVersion: 117.0.5938.88, chrome: {chromedriverVersion: 117.0.5938.88 (be6afae47212..., userDataDir: /tmp/.org.chromium.Chromium...}, fedcm:accounts: true, goog:chromeOptions: {debuggerAddress: localhost:38285}, networkConnectionEnabled: false, pageLoadStrategy: normal, platformName: linux, proxy: Proxy(), se:bidiEnabled: false, se:cdp: ws://172.23.0.3:4444/sessio..., se:cdpVersion: 117.0.5938.88, se:vnc: ws://172.23.0.3:4444/sessio..., se:vncEnabled: true, se:vncLocalAddress: ws://172.23.0.3:7900, setWindowRect: true, strictFileInteractability: false, timeouts: {implicit: 0, pageLoad: 300000, script: 30000}, unhandledPromptBehavior: dismiss and notify, webauthn:extension:credBlob: true, webauthn:extension:largeBlob: true, webauthn:extension:minPinLength: true, webauthn:extension:prf: true, webauthn:virtualAuthenticators: true}
Session ID: 46b530e3cf641a4043fbf228d305c83a
	at org.openqa.selenium.remote.http.netty.NettyHttpHandler.makeCall(NettyHttpHandler.java:65)
	at org.openqa.selenium.remote.http.AddSeleniumUserAgent.lambda$apply$0(AddSeleniumUserAgent.java:42)
	at org.openqa.selenium.remote.http.Filter.lambda$andFinally$1(Filter.java:55)
	at org.openqa.selenium.remote.http.netty.NettyHttpHandler.execute(NettyHttpHandler.java:48)
	at org.openqa.selenium.remote.http.netty.NettyClient.execute(NettyClient.java:96)
	at org.openqa.selenium.remote.tracing.TracedHttpClient.execute(TracedHttpClient.java:54)
	at org.openqa.selenium.remote.HttpCommandExecutor.execute(HttpCommandExecutor.java:188)
	at org.openqa.selenium.remote.TracedCommandExecutor.execute(TracedCommandExecutor.java:51)
	at org.openqa.selenium.remote.RemoteWebDriver.execute(RemoteWebDriver.java:602)
	at org.openqa.selenium.remote.RemoteWebDriver.get(RemoteWebDriver.java:304)
	at itSutraGID.DemoOfMaven.EappLoginTest.verifyUserLoginWithoutUserName(EappLoginTest.java:58)
	at java.base/java.util.ArrayList.forEach(ArrayList.java:1511)
	at java.base/java.util.concurrent.FutureTask.run(FutureTask.java:264)
	at java.base/java.util.concurrent.ThreadPoolExecutor.runWorker(ThreadPoolExecutor.java:1136)
	at java.base/java.util.concurrent.ThreadPoolExecutor$Worker.run(ThreadPoolExecutor.java:635)
	at java.base/java.lang.Thread.run(Thread.java:833)
Caused by: java.util.concurrent.TimeoutException
	at java.base/java.util.concurrent.CompletableFuture.timedGet(CompletableFuture.java:1960)
	at java.base/java.util.concurrent.CompletableFuture.get(CompletableFuture.java:2095)
	at org.asynchttpclient.netty.NettyResponseFuture.get(NettyResponseFuture.java:206)
	at org.openqa.selenium.remote.http.netty.NettyHttpHandler.makeCall(NettyHttpHandler.java:59)
	... 32 more
... Removed 17 stack frames</div></td></tr></table><p class="totop"><a href="#summary">back to summary</a></p>
<h3 id="m27">itSutraGID.DemoOfMaven.EappLoginTest#VerifyUserLoginAlertMsgWhenSubmitOnlyUserNameInfo</h3><table class="result"><tr><th>Messages</th></tr><tr><td><div class="messages">
Home Login Button clciked and Login Page get Open<br/>User Name getting input<br/>Password getting input<br/>click to submit login Credential<br/>
Sucess!!!, Getting Error msg for Password<br/>Success!!!!</div></td></tr></table><p class="totop"><a href="#summary">back to summary</a></p>
<h3 id="m28">itSutraGID.DemoOfMaven.EappLoginTest#verifyUserLoginWithoutPassword</h3><table class="result"><tr><th>Messages</th></tr><tr><td><div class="messages">verifyUserLoginWithoutPassword is Executed<br/>Success!!!!</div></td></tr></table><p class="totop"><a href="#summary">back to summary</a></p>
<h3 id="m29">itSutraGID.DemoOfMaven.EappLoginTest#verifyUserLoginWithoutPasswordAndUserName</h3><table class="result"><tr><th>Messages</th></tr><tr><td><div class="messages">verifyUserLoginWithoutPasswordAndUserName is Executed<br/>Success!!!!</div></td></tr></table><p class="totop"><a href="#summary">back to summary</a></p>
<h2>MyLoginTestInChrome6</h2><h3 id="m30">itSutraGID.DemoOfMaven.EappLoginTest#verifyUserLoginWithoutUserName</h3><table class="result"><tr><th>Messages</th></tr><tr><td><div class="messages">Failed Test case...!!!</div></td></tr><tr><th>Exception</th></tr><tr><td><div class="stacktrace">org.openqa.selenium.remote.UnreachableBrowserException: Error communicating with the remote browser. It may have died.
Build info: version: &apos;4.12.1&apos;, revision: &apos;8e34639b11&apos;
System info: os.name: &apos;Windows 11&apos;, os.arch: &apos;amd64&apos;, os.version: &apos;10.0&apos;, java.version: &apos;17.0.6&apos;
Driver info: org.openqa.selenium.remote.RemoteWebDriver
Command: [8c34864263ca88ff4aa1e696d1b6787e, get [url]]
Capabilities {acceptInsecureCerts: false, browserName: chrome, browserVersion: 117.0.5938.88, chrome: {chromedriverVersion: 117.0.5938.88 (be6afae47212..., userDataDir: /tmp/.org.chromium.Chromium...}, fedcm:accounts: true, goog:chromeOptions: {debuggerAddress: localhost:42439}, networkConnectionEnabled: false, pageLoadStrategy: normal, platformName: linux, proxy: Proxy(), se:bidiEnabled: false, se:cdp: ws://172.23.0.7:4444/sessio..., se:cdpVersion: 117.0.5938.88, se:vnc: ws://172.23.0.7:4444/sessio..., se:vncEnabled: true, se:vncLocalAddress: ws://172.23.0.7:7900, setWindowRect: true, strictFileInteractability: false, timeouts: {implicit: 0, pageLoad: 300000, script: 30000}, unhandledPromptBehavior: dismiss and notify, webauthn:extension:credBlob: true, webauthn:extension:largeBlob: true, webauthn:extension:minPinLength: true, webauthn:extension:prf: true, webauthn:virtualAuthenticators: true}
Session ID: 8c34864263ca88ff4aa1e696d1b6787e
	at org.openqa.selenium.remote.RemoteWebDriver.execute(RemoteWebDriver.java:629)
	at org.openqa.selenium.remote.RemoteWebDriver.get(RemoteWebDriver.java:304)
	at itSutraGID.DemoOfMaven.EappLoginTest.verifyUserLoginWithoutUserName(EappLoginTest.java:58)
	at java.base/java.util.ArrayList.forEach(ArrayList.java:1511)
	at java.base/java.util.concurrent.FutureTask.run(FutureTask.java:264)
	at java.base/java.util.concurrent.ThreadPoolExecutor.runWorker(ThreadPoolExecutor.java:1136)
	at java.base/java.util.concurrent.ThreadPoolExecutor$Worker.run(ThreadPoolExecutor.java:635)
	at java.base/java.lang.Thread.run(Thread.java:833)
Caused by: java.lang.RuntimeException: NettyHttpHandler request execution error
	at org.openqa.selenium.remote.http.netty.NettyHttpHandler.makeCall(NettyHttpHandler.java:76)
	at org.openqa.selenium.remote.http.AddSeleniumUserAgent.lambda$apply$0(AddSeleniumUserAgent.java:42)
	at org.openqa.selenium.remote.http.Filter.lambda$andFinally$1(Filter.java:55)
	at org.openqa.selenium.remote.http.netty.NettyHttpHandler.execute(NettyHttpHandler.java:48)
	at org.openqa.selenium.remote.http.netty.NettyClient.execute(NettyClient.java:96)
	at org.openqa.selenium.remote.tracing.TracedHttpClient.execute(TracedHttpClient.java:54)
	at org.openqa.selenium.remote.HttpCommandExecutor.execute(HttpCommandExecutor.java:188)
	at org.openqa.selenium.remote.TracedCommandExecutor.execute(TracedCommandExecutor.java:51)
	at org.openqa.selenium.remote.RemoteWebDriver.execute(RemoteWebDriver.java:602)
	... 24 more
Caused by: java.util.concurrent.ExecutionException: java.util.concurrent.TimeoutException: Request timeout to localhost/127.0.0.1:4444 after 180000 ms
	at java.base/java.util.concurrent.CompletableFuture.reportGet(CompletableFuture.java:396)
	at java.base/java.util.concurrent.CompletableFuture.get(CompletableFuture.java:2096)
	at org.asynchttpclient.netty.NettyResponseFuture.get(NettyResponseFuture.java:206)
	at org.openqa.selenium.remote.http.netty.NettyHttpHandler.makeCall(NettyHttpHandler.java:59)
	... 32 more
Caused by: java.util.concurrent.TimeoutException: Request timeout to localhost/127.0.0.1:4444 after 180000 ms
	at org.asynchttpclient.netty.timeout.TimeoutTimerTask.expire(TimeoutTimerTask.java:43)
	at org.asynchttpclient.netty.timeout.RequestTimeoutTimerTask.run(RequestTimeoutTimerTask.java:50)
	at io.netty.util.HashedWheelTimer$HashedWheelTimeout.run(HashedWheelTimer.java:715)
	at io.netty.util.concurrent.ImmediateExecutor.execute(ImmediateExecutor.java:34)
	at io.netty.util.HashedWheelTimer$HashedWheelTimeout.expire(HashedWheelTimer.java:703)
	at io.netty.util.HashedWheelTimer$HashedWheelBucket.expireTimeouts(HashedWheelTimer.java:790)
	at io.netty.util.HashedWheelTimer$Worker.run(HashedWheelTimer.java:503)
	at io.netty.util.concurrent.FastThreadLocalRunnable.run(FastThreadLocalRunnable.java:30)
	... 1 more
... Removed 17 stack frames</div></td></tr></table><p class="totop"><a href="#summary">back to summary</a></p>
<h3 id="m31">itSutraGID.DemoOfMaven.EappLoginTest#VerifyUserLoginAlertMsgWhenSubmitOnlyUserNameInfo</h3><table class="result"><tr><th>Messages</th></tr><tr><td><div class="messages">
Home Login Button clciked and Login Page get Open<br/>User Name getting input<br/>Password getting input<br/>click to submit login Credential<br/>
Sucess!!!, Getting Error msg for Password<br/>Success!!!!</div></td></tr></table><p class="totop"><a href="#summary">back to summary</a></p>
<h3 id="m32">itSutraGID.DemoOfMaven.EappLoginTest#verifyUserLoginWithoutPassword</h3><table class="result"><tr><th>Messages</th></tr><tr><td><div class="messages">verifyUserLoginWithoutPassword is Executed<br/>Success!!!!</div></td></tr></table><p class="totop"><a href="#summary">back to summary</a></p>
<h3 id="m33">itSutraGID.DemoOfMaven.EappLoginTest#verifyUserLoginWithoutPasswordAndUserName</h3><table class="result"><tr><th>Messages</th></tr><tr><td><div class="messages">verifyUserLoginWithoutPasswordAndUserName is Executed<br/>Success!!!!</div></td></tr></table><p class="totop"><a href="#summary">back to summary</a></p>
</body>
</html>
