<!DOCTYPE html>

<html>
  <head>
  <meta charset='utf-8'>
  <title>TestNG reports</title>

    <link type="text/css" href="testng-reports1.css" rel="stylesheet" id="ultra" />
    <link type="text/css" href="testng-reports.css" rel="stylesheet" id="retro" disabled="false"/>
    <script type="text/javascript" src="jquery-3.6.0.min.js"></script>
    <script type="text/javascript" src="testng-reports.js"></script>
    <script type="text/javascript" src="https://www.google.com/jsapi"></script>
    <script type='text/javascript'>
      google.load('visualization', '1', {packages:['table']});
      google.setOnLoadCallback(drawTable);
      var suiteTableInitFunctions = new Array();
      var suiteTableData = new Array();
    </script>
    <!--
      <script type="text/javascript" src="jquery-ui/js/jquery-ui-1.8.16.custom.min.js"></script>
     -->
  </head>

  <body>    <div class="top-banner-root">
      <span class="top-banner-title-font">Test results</span>
      <button id="button" class="button">Switch Retro Theme</button> <!-- button -->
      <br/>
      <span class="top-banner-font-1">1 suite, 5 failed tests</span>
    </div> <!-- top-banner-root -->
    <div class="navigator-root">
      <div class="navigator-suite-header">
        <span>All suites</span>
        <a href="#" title="Collapse/expand all the suites" class="collapse-all-link">
          <img src="collapseall.gif" class="collapse-all-icon">
          </img> <!-- collapse-all-icon -->
        </a> <!-- collapse-all-link -->
      </div> <!-- navigator-suite-header -->
      <div class="suite">
        <div class="rounded-window">
          <div class="suite-header light-rounded-window-top">
            <a href="#" panel-name="suite-MyLoginSuite" class="navigator-link">
              <span class="suite-name border-failed">MyLoginSuite</span>
            </a> <!-- navigator-link -->
          </div> <!-- suite-header light-rounded-window-top -->
          <div class="navigator-suite-content">
            <div class="suite-section-title">
              <span>Info</span>
            </div> <!-- suite-section-title -->
            <div class="suite-section-content">
              <ul>
                <li>
                  <a href="#" panel-name="test-xml-MyLoginSuite" class="navigator-link ">
                    <span>D:\JavaDemoB132\DemoOfMaven\testNGconfigxml.xml</span>
                  </a> <!-- navigator-link  -->
                </li>
                <li>
                  <a href="#" panel-name="testlist-MyLoginSuite" class="navigator-link ">
                    <span class="test-stats">7 tests</span>
                  </a> <!-- navigator-link  -->
                </li>
                <li>
                  <a href="#" panel-name="group-MyLoginSuite" class="navigator-link ">
                    <span>0 groups</span>
                  </a> <!-- navigator-link  -->
                </li>
                <li>
                  <a href="#" panel-name="times-MyLoginSuite" class="navigator-link ">
                    <span>Times</span>
                  </a> <!-- navigator-link  -->
                </li>
                <li>
                  <a href="#" panel-name="reporter-MyLoginSuite" class="navigator-link ">
                    <span>Reporter output</span>
                  </a> <!-- navigator-link  -->
                </li>
                <li>
                  <a href="#" panel-name="ignored-methods-MyLoginSuite" class="navigator-link ">
                    <span>Ignored methods</span>
                  </a> <!-- navigator-link  -->
                </li>
                <li>
                  <a href="#" panel-name="chronological-MyLoginSuite" class="navigator-link ">
                    <span>Chronological view</span>
                  </a> <!-- navigator-link  -->
                </li>
              </ul>
            </div> <!-- suite-section-content -->
            <div class="result-section">
              <div class="suite-section-title">
                <span>Results</span>
              </div> <!-- suite-section-title -->
              <div class="suite-section-content">
                <ul>
                  <li>
                    <span class="method-stats">28 methods, 5 failed,  4 skipped,  19 passed</span>
                  </li>
                  <li>
                    <span class="method-list-title failed">Failed methods</span>
                    <span class="show-or-hide-methods failed">
                      <a href="#" panel-name="suite-MyLoginSuite" class="hide-methods failed suite-MyLoginSuite"> (hide)</a> <!-- hide-methods failed suite-MyLoginSuite -->
                      <a href="#" panel-name="suite-MyLoginSuite" class="show-methods failed suite-MyLoginSuite"> (show)</a> <!-- show-methods failed suite-MyLoginSuite -->
                    </span>
                    <div class="method-list-content failed suite-MyLoginSuite">
                      <span>
                        <img src="failed.png" width="3%"/>
                        <a href="#" panel-name="suite-MyLoginSuite" title="itSutraGID.DemoOfMaven.EappLoginTest" class="method navigator-link" hash-for-method="verifyUserLoginWithoutUserName">verifyUserLoginWithoutUserName</a> <!-- method navigator-link -->
                      </span>
                      <br/>
                      <span>
                        <img src="failed.png" width="3%"/>
                        <a href="#" panel-name="suite-MyLoginSuite" title="itSutraGID.DemoOfMaven.EappLoginTest" class="method navigator-link" hash-for-method="verifyUserLoginWithoutUserName">verifyUserLoginWithoutUserName</a> <!-- method navigator-link -->
                      </span>
                      <br/>
                      <span>
                        <img src="failed.png" width="3%"/>
                        <a href="#" panel-name="suite-MyLoginSuite" title="itSutraGID.DemoOfMaven.EappLoginTest" class="method navigator-link" hash-for-method="verifyUserLoginWithoutUserName">verifyUserLoginWithoutUserName</a> <!-- method navigator-link -->
                      </span>
                      <br/>
                      <span>
                        <img src="failed.png" width="3%"/>
                        <a href="#" panel-name="suite-MyLoginSuite" title="itSutraGID.DemoOfMaven.EappLoginTest" class="method navigator-link" hash-for-method="verifyUserLoginWithoutUserName">verifyUserLoginWithoutUserName</a> <!-- method navigator-link -->
                      </span>
                      <br/>
                      <span>
                        <img src="failed.png" width="3%"/>
                        <a href="#" panel-name="suite-MyLoginSuite" title="itSutraGID.DemoOfMaven.EappLoginTest" class="method navigator-link" hash-for-method="verifyUserLoginWithoutUserName">verifyUserLoginWithoutUserName</a> <!-- method navigator-link -->
                      </span>
                      <br/>
                    </div> <!-- method-list-content failed suite-MyLoginSuite -->
                  </li>
                  <li>
                    <span class="method-list-title skipped">Skipped methods</span>
                    <span class="show-or-hide-methods skipped">
                      <a href="#" panel-name="suite-MyLoginSuite" class="hide-methods skipped suite-MyLoginSuite"> (hide)</a> <!-- hide-methods skipped suite-MyLoginSuite -->
                      <a href="#" panel-name="suite-MyLoginSuite" class="show-methods skipped suite-MyLoginSuite"> (show)</a> <!-- show-methods skipped suite-MyLoginSuite -->
                    </span>
                    <div class="method-list-content skipped suite-MyLoginSuite">
                      <span>
                        <img src="skipped.png" width="3%"/>
                        <a href="#" panel-name="suite-MyLoginSuite" title="itSutraGID.DemoOfMaven.EappLoginTest" class="method navigator-link" hash-for-method="VerifyUserLoginAlertMsgWhenSubmitOnlyUserNameInfo">VerifyUserLoginAlertMsgWhenSubmitOnlyUserNameInfo</a> <!-- method navigator-link -->
                      </span>
                      <br/>
                      <span>
                        <img src="skipped.png" width="3%"/>
                        <a href="#" panel-name="suite-MyLoginSuite" title="itSutraGID.DemoOfMaven.EappLoginTest" class="method navigator-link" hash-for-method="verifyUserLoginWithoutPassword">verifyUserLoginWithoutPassword</a> <!-- method navigator-link -->
                      </span>
                      <br/>
                      <span>
                        <img src="skipped.png" width="3%"/>
                        <a href="#" panel-name="suite-MyLoginSuite" title="itSutraGID.DemoOfMaven.EappLoginTest" class="method navigator-link" hash-for-method="verifyUserLoginWithoutPasswordAndUserName">verifyUserLoginWithoutPasswordAndUserName</a> <!-- method navigator-link -->
                      </span>
                      <br/>
                      <span>
                        <img src="skipped.png" width="3%"/>
                        <a href="#" panel-name="suite-MyLoginSuite" title="itSutraGID.DemoOfMaven.EappLoginTest" class="method navigator-link" hash-for-method="verifyUserLoginWithoutUserName">verifyUserLoginWithoutUserName</a> <!-- method navigator-link -->
                      </span>
                      <br/>
                    </div> <!-- method-list-content skipped suite-MyLoginSuite -->
                  </li>
                  <li>
                    <span class="method-list-title passed">Passed methods</span>
                    <span class="show-or-hide-methods passed">
                      <a href="#" panel-name="suite-MyLoginSuite" class="hide-methods passed suite-MyLoginSuite"> (hide)</a> <!-- hide-methods passed suite-MyLoginSuite -->
                      <a href="#" panel-name="suite-MyLoginSuite" class="show-methods passed suite-MyLoginSuite"> (show)</a> <!-- show-methods passed suite-MyLoginSuite -->
                    </span>
                    <div class="method-list-content passed suite-MyLoginSuite">
                      <span>
                        <img src="passed.png" width="3%"/>
                        <a href="#" panel-name="suite-MyLoginSuite" title="itSutraGID.DemoOfMaven.EappLoginTest" class="method navigator-link" hash-for-method="VerifyUserLoginAlertMsgWhenSubmitOnlyUserNameInfo">VerifyUserLoginAlertMsgWhenSubmitOnlyUserNameInfo</a> <!-- method navigator-link -->
                      </span>
                      <br/>
                      <span>
                        <img src="passed.png" width="3%"/>
                        <a href="#" panel-name="suite-MyLoginSuite" title="itSutraGID.DemoOfMaven.EappLoginTest" class="method navigator-link" hash-for-method="VerifyUserLoginAlertMsgWhenSubmitOnlyUserNameInfo">VerifyUserLoginAlertMsgWhenSubmitOnlyUserNameInfo</a> <!-- method navigator-link -->
                      </span>
                      <br/>
                      <span>
                        <img src="passed.png" width="3%"/>
                        <a href="#" panel-name="suite-MyLoginSuite" title="itSutraGID.DemoOfMaven.EappLoginTest" class="method navigator-link" hash-for-method="VerifyUserLoginAlertMsgWhenSubmitOnlyUserNameInfo">VerifyUserLoginAlertMsgWhenSubmitOnlyUserNameInfo</a> <!-- method navigator-link -->
                      </span>
                      <br/>
                      <span>
                        <img src="passed.png" width="3%"/>
                        <a href="#" panel-name="suite-MyLoginSuite" title="itSutraGID.DemoOfMaven.EappLoginTest" class="method navigator-link" hash-for-method="VerifyUserLoginAlertMsgWhenSubmitOnlyUserNameInfo">VerifyUserLoginAlertMsgWhenSubmitOnlyUserNameInfo</a> <!-- method navigator-link -->
                      </span>
                      <br/>
                      <span>
                        <img src="passed.png" width="3%"/>
                        <a href="#" panel-name="suite-MyLoginSuite" title="itSutraGID.DemoOfMaven.EappLoginTest" class="method navigator-link" hash-for-method="VerifyUserLoginAlertMsgWhenSubmitOnlyUserNameInfo">VerifyUserLoginAlertMsgWhenSubmitOnlyUserNameInfo</a> <!-- method navigator-link -->
                      </span>
                      <br/>
                      <span>
                        <img src="passed.png" width="3%"/>
                        <a href="#" panel-name="suite-MyLoginSuite" title="itSutraGID.DemoOfMaven.EappLoginTest" class="method navigator-link" hash-for-method="VerifyUserLoginAlertMsgWhenSubmitOnlyUserNameInfo">VerifyUserLoginAlertMsgWhenSubmitOnlyUserNameInfo</a> <!-- method navigator-link -->
                      </span>
                      <br/>
                      <span>
                        <img src="passed.png" width="3%"/>
                        <a href="#" panel-name="suite-MyLoginSuite" title="itSutraGID.DemoOfMaven.EappLoginTest" class="method navigator-link" hash-for-method="verifyUserLoginWithoutPassword">verifyUserLoginWithoutPassword</a> <!-- method navigator-link -->
                      </span>
                      <br/>
                      <span>
                        <img src="passed.png" width="3%"/>
                        <a href="#" panel-name="suite-MyLoginSuite" title="itSutraGID.DemoOfMaven.EappLoginTest" class="method navigator-link" hash-for-method="verifyUserLoginWithoutPassword">verifyUserLoginWithoutPassword</a> <!-- method navigator-link -->
                      </span>
                      <br/>
                      <span>
                        <img src="passed.png" width="3%"/>
                        <a href="#" panel-name="suite-MyLoginSuite" title="itSutraGID.DemoOfMaven.EappLoginTest" class="method navigator-link" hash-for-method="verifyUserLoginWithoutPassword">verifyUserLoginWithoutPassword</a> <!-- method navigator-link -->
                      </span>
                      <br/>
                      <span>
                        <img src="passed.png" width="3%"/>
                        <a href="#" panel-name="suite-MyLoginSuite" title="itSutraGID.DemoOfMaven.EappLoginTest" class="method navigator-link" hash-for-method="verifyUserLoginWithoutPassword">verifyUserLoginWithoutPassword</a> <!-- method navigator-link -->
                      </span>
                      <br/>
                      <span>
                        <img src="passed.png" width="3%"/>
                        <a href="#" panel-name="suite-MyLoginSuite" title="itSutraGID.DemoOfMaven.EappLoginTest" class="method navigator-link" hash-for-method="verifyUserLoginWithoutPassword">verifyUserLoginWithoutPassword</a> <!-- method navigator-link -->
                      </span>
                      <br/>
                      <span>
                        <img src="passed.png" width="3%"/>
                        <a href="#" panel-name="suite-MyLoginSuite" title="itSutraGID.DemoOfMaven.EappLoginTest" class="method navigator-link" hash-for-method="verifyUserLoginWithoutPassword">verifyUserLoginWithoutPassword</a> <!-- method navigator-link -->
                      </span>
                      <br/>
                      <span>
                        <img src="passed.png" width="3%"/>
                        <a href="#" panel-name="suite-MyLoginSuite" title="itSutraGID.DemoOfMaven.EappLoginTest" class="method navigator-link" hash-for-method="verifyUserLoginWithoutPasswordAndUserName">verifyUserLoginWithoutPasswordAndUserName</a> <!-- method navigator-link -->
                      </span>
                      <br/>
                      <span>
                        <img src="passed.png" width="3%"/>
                        <a href="#" panel-name="suite-MyLoginSuite" title="itSutraGID.DemoOfMaven.EappLoginTest" class="method navigator-link" hash-for-method="verifyUserLoginWithoutPasswordAndUserName">verifyUserLoginWithoutPasswordAndUserName</a> <!-- method navigator-link -->
                      </span>
                      <br/>
                      <span>
                        <img src="passed.png" width="3%"/>
                        <a href="#" panel-name="suite-MyLoginSuite" title="itSutraGID.DemoOfMaven.EappLoginTest" class="method navigator-link" hash-for-method="verifyUserLoginWithoutPasswordAndUserName">verifyUserLoginWithoutPasswordAndUserName</a> <!-- method navigator-link -->
                      </span>
                      <br/>
                      <span>
                        <img src="passed.png" width="3%"/>
                        <a href="#" panel-name="suite-MyLoginSuite" title="itSutraGID.DemoOfMaven.EappLoginTest" class="method navigator-link" hash-for-method="verifyUserLoginWithoutPasswordAndUserName">verifyUserLoginWithoutPasswordAndUserName</a> <!-- method navigator-link -->
                      </span>
                      <br/>
                      <span>
                        <img src="passed.png" width="3%"/>
                        <a href="#" panel-name="suite-MyLoginSuite" title="itSutraGID.DemoOfMaven.EappLoginTest" class="method navigator-link" hash-for-method="verifyUserLoginWithoutPasswordAndUserName">verifyUserLoginWithoutPasswordAndUserName</a> <!-- method navigator-link -->
                      </span>
                      <br/>
                      <span>
                        <img src="passed.png" width="3%"/>
                        <a href="#" panel-name="suite-MyLoginSuite" title="itSutraGID.DemoOfMaven.EappLoginTest" class="method navigator-link" hash-for-method="verifyUserLoginWithoutPasswordAndUserName">verifyUserLoginWithoutPasswordAndUserName</a> <!-- method navigator-link -->
                      </span>
                      <br/>
                      <span>
                        <img src="passed.png" width="3%"/>
                        <a href="#" panel-name="suite-MyLoginSuite" title="itSutraGID.DemoOfMaven.EappLoginTest" class="method navigator-link" hash-for-method="verifyUserLoginWithoutUserName">verifyUserLoginWithoutUserName</a> <!-- method navigator-link -->
                      </span>
                      <br/>
                    </div> <!-- method-list-content passed suite-MyLoginSuite -->
                  </li>
                </ul>
              </div> <!-- suite-section-content -->
            </div> <!-- result-section -->
          </div> <!-- navigator-suite-content -->
        </div> <!-- rounded-window -->
      </div> <!-- suite -->
    </div> <!-- navigator-root -->
    <div class="wrapper">
      <div class="main-panel-root">
        <div panel-name="suite-MyLoginSuite" class="panel MyLoginSuite">
          <div class="suite-MyLoginSuite-class-failed">
            <div class="main-panel-header rounded-window-top">
              <img src="failed.png"/>
              <span class="class-name">itSutraGID.DemoOfMaven.EappLoginTest</span>
            </div> <!-- main-panel-header rounded-window-top -->
            <div class="main-panel-content rounded-window-bottom">
              <div class="method">
                <div class="method-content">
                  <a name="verifyUserLoginWithoutUserName">
                  </a> <!-- verifyUserLoginWithoutUserName -->
                  <span class="method-name">verifyUserLoginWithoutUserName</span>
                  <div class="stack-trace">org.openqa.selenium.TimeoutException: java.util.concurrent.TimeoutException
Build info: version: &apos;4.12.1&apos;, revision: &apos;8e34639b11&apos;
System info: os.name: &apos;Windows 11&apos;, os.arch: &apos;amd64&apos;, os.version: &apos;10.0&apos;, java.version: &apos;17.0.6&apos;
Driver info: org.openqa.selenium.remote.RemoteWebDriver
Command: [4bb236ba9a6c10d6c5677aae8d1f7e74, get {url=https://www.google.com}]
Capabilities {acceptInsecureCerts: false, browserName: chrome, browserVersion: 117.0.5938.88, chrome: {chromedriverVersion: 117.0.5938.88 (be6afae47212..., userDataDir: /tmp/.org.chromium.Chromium...}, fedcm:accounts: true, goog:chromeOptions: {debuggerAddress: localhost:42021}, networkConnectionEnabled: false, pageLoadStrategy: normal, platformName: linux, proxy: Proxy(), se:bidiEnabled: false, se:cdp: ws://172.23.0.5:4444/sessio..., se:cdpVersion: 117.0.5938.88, se:vnc: ws://172.23.0.5:4444/sessio..., se:vncEnabled: true, se:vncLocalAddress: ws://172.23.0.5:7900, setWindowRect: true, strictFileInteractability: false, timeouts: {implicit: 0, pageLoad: 300000, script: 30000}, unhandledPromptBehavior: dismiss and notify, webauthn:extension:credBlob: true, webauthn:extension:largeBlob: true, webauthn:extension:minPinLength: true, webauthn:extension:prf: true, webauthn:virtualAuthenticators: true}
Session ID: 4bb236ba9a6c10d6c5677aae8d1f7e74
	at org.openqa.selenium.remote.http.netty.NettyHttpHandler.makeCall(NettyHttpHandler.java:65)
	at org.openqa.selenium.remote.http.AddSeleniumUserAgent.lambda$apply$0(AddSeleniumUserAgent.java:42)
	at org.openqa.selenium.remote.http.Filter.lambda$andFinally$1(Filter.java:55)
	at org.openqa.selenium.remote.http.netty.NettyHttpHandler.execute(NettyHttpHandler.java:48)
	at org.openqa.selenium.remote.http.netty.NettyClient.execute(NettyClient.java:96)
	at org.openqa.selenium.remote.tracing.TracedHttpClient.execute(TracedHttpClient.java:54)
	at org.openqa.selenium.remote.HttpCommandExecutor.execute(HttpCommandExecutor.java:188)
	at org.openqa.selenium.remote.TracedCommandExecutor.execute(TracedCommandExecutor.java:51)
	at org.openqa.selenium.remote.RemoteWebDriver.execute(RemoteWebDriver.java:602)
	at org.openqa.selenium.remote.RemoteWebDriver.get(RemoteWebDriver.java:304)
	at itSutraGID.DemoOfMaven.EappLoginTest.verifyUserLoginWithoutUserName(EappLoginTest.java:58)
	at java.base/java.util.ArrayList.forEach(ArrayList.java:1511)
	at java.base/java.util.concurrent.FutureTask.run(FutureTask.java:264)
	at java.base/java.util.concurrent.ThreadPoolExecutor.runWorker(ThreadPoolExecutor.java:1136)
	at java.base/java.util.concurrent.ThreadPoolExecutor$Worker.run(ThreadPoolExecutor.java:635)
	at java.base/java.lang.Thread.run(Thread.java:833)
Caused by: java.util.concurrent.TimeoutException
	at java.base/java.util.concurrent.CompletableFuture.timedGet(CompletableFuture.java:1960)
	at java.base/java.util.concurrent.CompletableFuture.get(CompletableFuture.java:2095)
	at org.asynchttpclient.netty.NettyResponseFuture.get(NettyResponseFuture.java:206)
	at org.openqa.selenium.remote.http.netty.NettyHttpHandler.makeCall(NettyHttpHandler.java:59)
	... 32 more
... Removed 17 stack frames
</div> <!-- stack-trace -->
                </div> <!-- method-content -->
              </div> <!-- method -->
              <div class="method">
                <div class="method-content">
                  <a name="verifyUserLoginWithoutUserName">
                  </a> <!-- verifyUserLoginWithoutUserName -->
                  <span class="method-name">verifyUserLoginWithoutUserName</span>
                  <div class="stack-trace">org.openqa.selenium.TimeoutException: java.util.concurrent.TimeoutException
Build info: version: &apos;4.12.1&apos;, revision: &apos;8e34639b11&apos;
System info: os.name: &apos;Windows 11&apos;, os.arch: &apos;amd64&apos;, os.version: &apos;10.0&apos;, java.version: &apos;17.0.6&apos;
Driver info: org.openqa.selenium.remote.RemoteWebDriver
Command: [f3de214be3bf481170993dc40299a049, get {url=https://www.google.com}]
Capabilities {acceptInsecureCerts: false, browserName: chrome, browserVersion: 117.0.5938.88, chrome: {chromedriverVersion: 117.0.5938.88 (be6afae47212..., userDataDir: /tmp/.org.chromium.Chromium...}, fedcm:accounts: true, goog:chromeOptions: {debuggerAddress: localhost:37477}, networkConnectionEnabled: false, pageLoadStrategy: normal, platformName: linux, proxy: Proxy(), se:bidiEnabled: false, se:cdp: ws://172.23.0.6:4444/sessio..., se:cdpVersion: 117.0.5938.88, se:vnc: ws://172.23.0.6:4444/sessio..., se:vncEnabled: true, se:vncLocalAddress: ws://172.23.0.6:7900, setWindowRect: true, strictFileInteractability: false, timeouts: {implicit: 0, pageLoad: 300000, script: 30000}, unhandledPromptBehavior: dismiss and notify, webauthn:extension:credBlob: true, webauthn:extension:largeBlob: true, webauthn:extension:minPinLength: true, webauthn:extension:prf: true, webauthn:virtualAuthenticators: true}
Session ID: f3de214be3bf481170993dc40299a049
	at org.openqa.selenium.remote.http.netty.NettyHttpHandler.makeCall(NettyHttpHandler.java:65)
	at org.openqa.selenium.remote.http.AddSeleniumUserAgent.lambda$apply$0(AddSeleniumUserAgent.java:42)
	at org.openqa.selenium.remote.http.Filter.lambda$andFinally$1(Filter.java:55)
	at org.openqa.selenium.remote.http.netty.NettyHttpHandler.execute(NettyHttpHandler.java:48)
	at org.openqa.selenium.remote.http.netty.NettyClient.execute(NettyClient.java:96)
	at org.openqa.selenium.remote.tracing.TracedHttpClient.execute(TracedHttpClient.java:54)
	at org.openqa.selenium.remote.HttpCommandExecutor.execute(HttpCommandExecutor.java:188)
	at org.openqa.selenium.remote.TracedCommandExecutor.execute(TracedCommandExecutor.java:51)
	at org.openqa.selenium.remote.RemoteWebDriver.execute(RemoteWebDriver.java:602)
	at org.openqa.selenium.remote.RemoteWebDriver.get(RemoteWebDriver.java:304)
	at itSutraGID.DemoOfMaven.EappLoginTest.verifyUserLoginWithoutUserName(EappLoginTest.java:58)
	at java.base/java.util.ArrayList.forEach(ArrayList.java:1511)
	at java.base/java.util.concurrent.FutureTask.run(FutureTask.java:264)
	at java.base/java.util.concurrent.ThreadPoolExecutor.runWorker(ThreadPoolExecutor.java:1136)
	at java.base/java.util.concurrent.ThreadPoolExecutor$Worker.run(ThreadPoolExecutor.java:635)
	at java.base/java.lang.Thread.run(Thread.java:833)
Caused by: java.util.concurrent.TimeoutException
	at java.base/java.util.concurrent.CompletableFuture.timedGet(CompletableFuture.java:1960)
	at java.base/java.util.concurrent.CompletableFuture.get(CompletableFuture.java:2095)
	at org.asynchttpclient.netty.NettyResponseFuture.get(NettyResponseFuture.java:206)
	at org.openqa.selenium.remote.http.netty.NettyHttpHandler.makeCall(NettyHttpHandler.java:59)
	... 32 more
... Removed 17 stack frames
</div> <!-- stack-trace -->
                </div> <!-- method-content -->
              </div> <!-- method -->
              <div class="method">
                <div class="method-content">
                  <a name="verifyUserLoginWithoutUserName">
                  </a> <!-- verifyUserLoginWithoutUserName -->
                  <span class="method-name">verifyUserLoginWithoutUserName</span>
                  <div class="stack-trace">org.openqa.selenium.TimeoutException: java.util.concurrent.TimeoutException
Build info: version: &apos;4.12.1&apos;, revision: &apos;8e34639b11&apos;
System info: os.name: &apos;Windows 11&apos;, os.arch: &apos;amd64&apos;, os.version: &apos;10.0&apos;, java.version: &apos;17.0.6&apos;
Driver info: org.openqa.selenium.remote.RemoteWebDriver
Command: [63782b08f679a1d279d5e78e1eaded57, get {url=https://www.google.com}]
Capabilities {acceptInsecureCerts: false, browserName: chrome, browserVersion: 117.0.5938.88, chrome: {chromedriverVersion: 117.0.5938.88 (be6afae47212..., userDataDir: /tmp/.org.chromium.Chromium...}, fedcm:accounts: true, goog:chromeOptions: {debuggerAddress: localhost:36223}, networkConnectionEnabled: false, pageLoadStrategy: normal, platformName: linux, proxy: Proxy(), se:bidiEnabled: false, se:cdp: ws://172.23.0.2:4444/sessio..., se:cdpVersion: 117.0.5938.88, se:vnc: ws://172.23.0.2:4444/sessio..., se:vncEnabled: true, se:vncLocalAddress: ws://172.23.0.2:7900, setWindowRect: true, strictFileInteractability: false, timeouts: {implicit: 0, pageLoad: 300000, script: 30000}, unhandledPromptBehavior: dismiss and notify, webauthn:extension:credBlob: true, webauthn:extension:largeBlob: true, webauthn:extension:minPinLength: true, webauthn:extension:prf: true, webauthn:virtualAuthenticators: true}
Session ID: 63782b08f679a1d279d5e78e1eaded57
	at org.openqa.selenium.remote.http.netty.NettyHttpHandler.makeCall(NettyHttpHandler.java:65)
	at org.openqa.selenium.remote.http.AddSeleniumUserAgent.lambda$apply$0(AddSeleniumUserAgent.java:42)
	at org.openqa.selenium.remote.http.Filter.lambda$andFinally$1(Filter.java:55)
	at org.openqa.selenium.remote.http.netty.NettyHttpHandler.execute(NettyHttpHandler.java:48)
	at org.openqa.selenium.remote.http.netty.NettyClient.execute(NettyClient.java:96)
	at org.openqa.selenium.remote.tracing.TracedHttpClient.execute(TracedHttpClient.java:54)
	at org.openqa.selenium.remote.HttpCommandExecutor.execute(HttpCommandExecutor.java:188)
	at org.openqa.selenium.remote.TracedCommandExecutor.execute(TracedCommandExecutor.java:51)
	at org.openqa.selenium.remote.RemoteWebDriver.execute(RemoteWebDriver.java:602)
	at org.openqa.selenium.remote.RemoteWebDriver.get(RemoteWebDriver.java:304)
	at itSutraGID.DemoOfMaven.EappLoginTest.verifyUserLoginWithoutUserName(EappLoginTest.java:58)
	at java.base/java.util.ArrayList.forEach(ArrayList.java:1511)
	at java.base/java.util.concurrent.FutureTask.run(FutureTask.java:264)
	at java.base/java.util.concurrent.ThreadPoolExecutor.runWorker(ThreadPoolExecutor.java:1136)
	at java.base/java.util.concurrent.ThreadPoolExecutor$Worker.run(ThreadPoolExecutor.java:635)
	at java.base/java.lang.Thread.run(Thread.java:833)
Caused by: java.util.concurrent.TimeoutException
	at java.base/java.util.concurrent.CompletableFuture.timedGet(CompletableFuture.java:1960)
	at java.base/java.util.concurrent.CompletableFuture.get(CompletableFuture.java:2095)
	at org.asynchttpclient.netty.NettyResponseFuture.get(NettyResponseFuture.java:206)
	at org.openqa.selenium.remote.http.netty.NettyHttpHandler.makeCall(NettyHttpHandler.java:59)
	... 32 more
... Removed 17 stack frames
</div> <!-- stack-trace -->
                </div> <!-- method-content -->
              </div> <!-- method -->
              <div class="method">
                <div class="method-content">
                  <a name="verifyUserLoginWithoutUserName">
                  </a> <!-- verifyUserLoginWithoutUserName -->
                  <span class="method-name">verifyUserLoginWithoutUserName</span>
                  <div class="stack-trace">org.openqa.selenium.TimeoutException: java.util.concurrent.TimeoutException
Build info: version: &apos;4.12.1&apos;, revision: &apos;8e34639b11&apos;
System info: os.name: &apos;Windows 11&apos;, os.arch: &apos;amd64&apos;, os.version: &apos;10.0&apos;, java.version: &apos;17.0.6&apos;
Driver info: org.openqa.selenium.remote.RemoteWebDriver
Command: [46b530e3cf641a4043fbf228d305c83a, get {url=https://www.google.com}]
Capabilities {acceptInsecureCerts: false, browserName: chrome, browserVersion: 117.0.5938.88, chrome: {chromedriverVersion: 117.0.5938.88 (be6afae47212..., userDataDir: /tmp/.org.chromium.Chromium...}, fedcm:accounts: true, goog:chromeOptions: {debuggerAddress: localhost:38285}, networkConnectionEnabled: false, pageLoadStrategy: normal, platformName: linux, proxy: Proxy(), se:bidiEnabled: false, se:cdp: ws://172.23.0.3:4444/sessio..., se:cdpVersion: 117.0.5938.88, se:vnc: ws://172.23.0.3:4444/sessio..., se:vncEnabled: true, se:vncLocalAddress: ws://172.23.0.3:7900, setWindowRect: true, strictFileInteractability: false, timeouts: {implicit: 0, pageLoad: 300000, script: 30000}, unhandledPromptBehavior: dismiss and notify, webauthn:extension:credBlob: true, webauthn:extension:largeBlob: true, webauthn:extension:minPinLength: true, webauthn:extension:prf: true, webauthn:virtualAuthenticators: true}
Session ID: 46b530e3cf641a4043fbf228d305c83a
	at org.openqa.selenium.remote.http.netty.NettyHttpHandler.makeCall(NettyHttpHandler.java:65)
	at org.openqa.selenium.remote.http.AddSeleniumUserAgent.lambda$apply$0(AddSeleniumUserAgent.java:42)
	at org.openqa.selenium.remote.http.Filter.lambda$andFinally$1(Filter.java:55)
	at org.openqa.selenium.remote.http.netty.NettyHttpHandler.execute(NettyHttpHandler.java:48)
	at org.openqa.selenium.remote.http.netty.NettyClient.execute(NettyClient.java:96)
	at org.openqa.selenium.remote.tracing.TracedHttpClient.execute(TracedHttpClient.java:54)
	at org.openqa.selenium.remote.HttpCommandExecutor.execute(HttpCommandExecutor.java:188)
	at org.openqa.selenium.remote.TracedCommandExecutor.execute(TracedCommandExecutor.java:51)
	at org.openqa.selenium.remote.RemoteWebDriver.execute(RemoteWebDriver.java:602)
	at org.openqa.selenium.remote.RemoteWebDriver.get(RemoteWebDriver.java:304)
	at itSutraGID.DemoOfMaven.EappLoginTest.verifyUserLoginWithoutUserName(EappLoginTest.java:58)
	at java.base/java.util.ArrayList.forEach(ArrayList.java:1511)
	at java.base/java.util.concurrent.FutureTask.run(FutureTask.java:264)
	at java.base/java.util.concurrent.ThreadPoolExecutor.runWorker(ThreadPoolExecutor.java:1136)
	at java.base/java.util.concurrent.ThreadPoolExecutor$Worker.run(ThreadPoolExecutor.java:635)
	at java.base/java.lang.Thread.run(Thread.java:833)
Caused by: java.util.concurrent.TimeoutException
	at java.base/java.util.concurrent.CompletableFuture.timedGet(CompletableFuture.java:1960)
	at java.base/java.util.concurrent.CompletableFuture.get(CompletableFuture.java:2095)
	at org.asynchttpclient.netty.NettyResponseFuture.get(NettyResponseFuture.java:206)
	at org.openqa.selenium.remote.http.netty.NettyHttpHandler.makeCall(NettyHttpHandler.java:59)
	... 32 more
... Removed 17 stack frames
</div> <!-- stack-trace -->
                </div> <!-- method-content -->
              </div> <!-- method -->
              <div class="method">
                <div class="method-content">
                  <a name="verifyUserLoginWithoutUserName">
                  </a> <!-- verifyUserLoginWithoutUserName -->
                  <span class="method-name">verifyUserLoginWithoutUserName</span>
                  <div class="stack-trace">org.openqa.selenium.remote.UnreachableBrowserException: Error communicating with the remote browser. It may have died.
Build info: version: &apos;4.12.1&apos;, revision: &apos;8e34639b11&apos;
System info: os.name: &apos;Windows 11&apos;, os.arch: &apos;amd64&apos;, os.version: &apos;10.0&apos;, java.version: &apos;17.0.6&apos;
Driver info: org.openqa.selenium.remote.RemoteWebDriver
Command: [8c34864263ca88ff4aa1e696d1b6787e, get [url]]
Capabilities {acceptInsecureCerts: false, browserName: chrome, browserVersion: 117.0.5938.88, chrome: {chromedriverVersion: 117.0.5938.88 (be6afae47212..., userDataDir: /tmp/.org.chromium.Chromium...}, fedcm:accounts: true, goog:chromeOptions: {debuggerAddress: localhost:42439}, networkConnectionEnabled: false, pageLoadStrategy: normal, platformName: linux, proxy: Proxy(), se:bidiEnabled: false, se:cdp: ws://172.23.0.7:4444/sessio..., se:cdpVersion: 117.0.5938.88, se:vnc: ws://172.23.0.7:4444/sessio..., se:vncEnabled: true, se:vncLocalAddress: ws://172.23.0.7:7900, setWindowRect: true, strictFileInteractability: false, timeouts: {implicit: 0, pageLoad: 300000, script: 30000}, unhandledPromptBehavior: dismiss and notify, webauthn:extension:credBlob: true, webauthn:extension:largeBlob: true, webauthn:extension:minPinLength: true, webauthn:extension:prf: true, webauthn:virtualAuthenticators: true}
Session ID: 8c34864263ca88ff4aa1e696d1b6787e
	at org.openqa.selenium.remote.RemoteWebDriver.execute(RemoteWebDriver.java:629)
	at org.openqa.selenium.remote.RemoteWebDriver.get(RemoteWebDriver.java:304)
	at itSutraGID.DemoOfMaven.EappLoginTest.verifyUserLoginWithoutUserName(EappLoginTest.java:58)
	at java.base/java.util.ArrayList.forEach(ArrayList.java:1511)
	at java.base/java.util.concurrent.FutureTask.run(FutureTask.java:264)
	at java.base/java.util.concurrent.ThreadPoolExecutor.runWorker(ThreadPoolExecutor.java:1136)
	at java.base/java.util.concurrent.ThreadPoolExecutor$Worker.run(ThreadPoolExecutor.java:635)
	at java.base/java.lang.Thread.run(Thread.java:833)
Caused by: java.lang.RuntimeException: NettyHttpHandler request execution error
	at org.openqa.selenium.remote.http.netty.NettyHttpHandler.makeCall(NettyHttpHandler.java:76)
	at org.openqa.selenium.remote.http.AddSeleniumUserAgent.lambda$apply$0(AddSeleniumUserAgent.java:42)
	at org.openqa.selenium.remote.http.Filter.lambda$andFinally$1(Filter.java:55)
	at org.openqa.selenium.remote.http.netty.NettyHttpHandler.execute(NettyHttpHandler.java:48)
	at org.openqa.selenium.remote.http.netty.NettyClient.execute(NettyClient.java:96)
	at org.openqa.selenium.remote.tracing.TracedHttpClient.execute(TracedHttpClient.java:54)
	at org.openqa.selenium.remote.HttpCommandExecutor.execute(HttpCommandExecutor.java:188)
	at org.openqa.selenium.remote.TracedCommandExecutor.execute(TracedCommandExecutor.java:51)
	at org.openqa.selenium.remote.RemoteWebDriver.execute(RemoteWebDriver.java:602)
	... 24 more
Caused by: java.util.concurrent.ExecutionException: java.util.concurrent.TimeoutException: Request timeout to localhost/127.0.0.1:4444 after 180000 ms
	at java.base/java.util.concurrent.CompletableFuture.reportGet(CompletableFuture.java:396)
	at java.base/java.util.concurrent.CompletableFuture.get(CompletableFuture.java:2096)
	at org.asynchttpclient.netty.NettyResponseFuture.get(NettyResponseFuture.java:206)
	at org.openqa.selenium.remote.http.netty.NettyHttpHandler.makeCall(NettyHttpHandler.java:59)
	... 32 more
Caused by: java.util.concurrent.TimeoutException: Request timeout to localhost/127.0.0.1:4444 after 180000 ms
	at org.asynchttpclient.netty.timeout.TimeoutTimerTask.expire(TimeoutTimerTask.java:43)
	at org.asynchttpclient.netty.timeout.RequestTimeoutTimerTask.run(RequestTimeoutTimerTask.java:50)
	at io.netty.util.HashedWheelTimer$HashedWheelTimeout.run(HashedWheelTimer.java:715)
	at io.netty.util.concurrent.ImmediateExecutor.execute(ImmediateExecutor.java:34)
	at io.netty.util.HashedWheelTimer$HashedWheelTimeout.expire(HashedWheelTimer.java:703)
	at io.netty.util.HashedWheelTimer$HashedWheelBucket.expireTimeouts(HashedWheelTimer.java:790)
	at io.netty.util.HashedWheelTimer$Worker.run(HashedWheelTimer.java:503)
	at io.netty.util.concurrent.FastThreadLocalRunnable.run(FastThreadLocalRunnable.java:30)
	... 1 more
... Removed 17 stack frames
</div> <!-- stack-trace -->
                </div> <!-- method-content -->
              </div> <!-- method -->
            </div> <!-- main-panel-content rounded-window-bottom -->
          </div> <!-- suite-MyLoginSuite-class-failed -->
          <div class="suite-MyLoginSuite-class-skipped">
            <div class="main-panel-header rounded-window-top">
              <img src="skipped.png"/>
              <span class="class-name">itSutraGID.DemoOfMaven.EappLoginTest</span>
            </div> <!-- main-panel-header rounded-window-top -->
            <div class="main-panel-content rounded-window-bottom">
              <div class="method">
                <div class="method-content">
                  <a name="VerifyUserLoginAlertMsgWhenSubmitOnlyUserNameInfo">
                  </a> <!-- VerifyUserLoginAlertMsgWhenSubmitOnlyUserNameInfo -->
                  <span class="method-name">VerifyUserLoginAlertMsgWhenSubmitOnlyUserNameInfo</span>
                  <div class="stack-trace">org.openqa.selenium.SessionNotCreatedException: Could not start a new session. Possible causes are invalid address of the remote server or browser start-up failure. 
Host info: host: &apos;KAVYA&apos;, ip: &apos;192.168.1.5&apos;
Build info: version: &apos;4.12.1&apos;, revision: &apos;8e34639b11&apos;
System info: os.name: &apos;Windows 11&apos;, os.arch: &apos;amd64&apos;, os.version: &apos;10.0&apos;, java.version: &apos;17.0.6&apos;
Driver info: org.openqa.selenium.remote.RemoteWebDriver
Command: [null, newSession {capabilities=[Capabilities {browserName: chrome}]}]
Capabilities {browserName: chrome}
	at org.openqa.selenium.remote.RemoteWebDriver.execute(RemoteWebDriver.java:620)
	at org.openqa.selenium.remote.RemoteWebDriver.startSession(RemoteWebDriver.java:236)
	at org.openqa.selenium.remote.RemoteWebDriver.&lt;init&gt;(RemoteWebDriver.java:163)
	at org.openqa.selenium.remote.RemoteWebDriver.&lt;init&gt;(RemoteWebDriver.java:143)
	at itSutraGID.DemoOfMaven.EappLoginTest.SetUp(EappLoginTest.java:93)
	at java.base/java.util.concurrent.FutureTask.run(FutureTask.java:264)
	at java.base/java.util.concurrent.ThreadPoolExecutor.runWorker(ThreadPoolExecutor.java:1136)
	at java.base/java.util.concurrent.ThreadPoolExecutor$Worker.run(ThreadPoolExecutor.java:635)
	at java.base/java.lang.Thread.run(Thread.java:833)
Caused by: java.lang.RuntimeException: NettyHttpHandler request execution error
	at org.openqa.selenium.remote.http.netty.NettyHttpHandler.makeCall(NettyHttpHandler.java:76)
	at org.openqa.selenium.remote.http.AddSeleniumUserAgent.lambda$apply$0(AddSeleniumUserAgent.java:42)
	at org.openqa.selenium.remote.http.Filter.lambda$andFinally$1(Filter.java:55)
	at org.openqa.selenium.remote.http.netty.NettyHttpHandler.execute(NettyHttpHandler.java:48)
	at org.openqa.selenium.remote.http.netty.NettyClient.execute(NettyClient.java:96)
	at org.openqa.selenium.remote.tracing.TracedHttpClient.execute(TracedHttpClient.java:54)
	at org.openqa.selenium.remote.ProtocolHandshake.createSession(ProtocolHandshake.java:115)
	at org.openqa.selenium.remote.ProtocolHandshake.createSession(ProtocolHandshake.java:96)
	at org.openqa.selenium.remote.ProtocolHandshake.createSession(ProtocolHandshake.java:68)
	at org.openqa.selenium.remote.HttpCommandExecutor.execute(HttpCommandExecutor.java:163)
	at org.openqa.selenium.remote.TracedCommandExecutor.execute(TracedCommandExecutor.java:51)
	at org.openqa.selenium.remote.RemoteWebDriver.execute(RemoteWebDriver.java:602)
	... 22 more
Caused by: java.util.concurrent.ExecutionException: java.util.concurrent.TimeoutException: Request timeout to localhost/127.0.0.1:4444 after 180000 ms
	at java.base/java.util.concurrent.CompletableFuture.reportGet(CompletableFuture.java:396)
	at java.base/java.util.concurrent.CompletableFuture.get(CompletableFuture.java:2096)
	at org.asynchttpclient.netty.NettyResponseFuture.get(NettyResponseFuture.java:206)
	at org.openqa.selenium.remote.http.netty.NettyHttpHandler.makeCall(NettyHttpHandler.java:59)
	... 33 more
Caused by: java.util.concurrent.TimeoutException: Request timeout to localhost/127.0.0.1:4444 after 180000 ms
	at org.asynchttpclient.netty.timeout.TimeoutTimerTask.expire(TimeoutTimerTask.java:43)
	at org.asynchttpclient.netty.timeout.RequestTimeoutTimerTask.run(RequestTimeoutTimerTask.java:50)
	at io.netty.util.HashedWheelTimer$HashedWheelTimeout.run(HashedWheelTimer.java:715)
	at io.netty.util.concurrent.ImmediateExecutor.execute(ImmediateExecutor.java:34)
	at io.netty.util.HashedWheelTimer$HashedWheelTimeout.expire(HashedWheelTimer.java:703)
	at io.netty.util.HashedWheelTimer$HashedWheelBucket.expireTimeouts(HashedWheelTimer.java:790)
	at io.netty.util.HashedWheelTimer$Worker.run(HashedWheelTimer.java:503)
	at io.netty.util.concurrent.FastThreadLocalRunnable.run(FastThreadLocalRunnable.java:30)
	... 1 more
... Removed 14 stack frames
</div> <!-- stack-trace -->
                </div> <!-- method-content -->
              </div> <!-- method -->
              <div class="method">
                <div class="method-content">
                  <a name="verifyUserLoginWithoutPassword">
                  </a> <!-- verifyUserLoginWithoutPassword -->
                  <span class="method-name">verifyUserLoginWithoutPassword</span>
                  <div class="stack-trace">org.openqa.selenium.SessionNotCreatedException: Could not start a new session. Possible causes are invalid address of the remote server or browser start-up failure. 
Host info: host: &apos;KAVYA&apos;, ip: &apos;192.168.1.5&apos;
Build info: version: &apos;4.12.1&apos;, revision: &apos;8e34639b11&apos;
System info: os.name: &apos;Windows 11&apos;, os.arch: &apos;amd64&apos;, os.version: &apos;10.0&apos;, java.version: &apos;17.0.6&apos;
Driver info: org.openqa.selenium.remote.RemoteWebDriver
Command: [null, newSession {capabilities=[Capabilities {browserName: chrome}]}]
Capabilities {browserName: chrome}
	at org.openqa.selenium.remote.RemoteWebDriver.execute(RemoteWebDriver.java:620)
	at org.openqa.selenium.remote.RemoteWebDriver.startSession(RemoteWebDriver.java:236)
	at org.openqa.selenium.remote.RemoteWebDriver.&lt;init&gt;(RemoteWebDriver.java:163)
	at org.openqa.selenium.remote.RemoteWebDriver.&lt;init&gt;(RemoteWebDriver.java:143)
	at itSutraGID.DemoOfMaven.EappLoginTest.SetUp(EappLoginTest.java:93)
	at java.base/java.util.concurrent.FutureTask.run(FutureTask.java:264)
	at java.base/java.util.concurrent.ThreadPoolExecutor.runWorker(ThreadPoolExecutor.java:1136)
	at java.base/java.util.concurrent.ThreadPoolExecutor$Worker.run(ThreadPoolExecutor.java:635)
	at java.base/java.lang.Thread.run(Thread.java:833)
Caused by: java.lang.RuntimeException: NettyHttpHandler request execution error
	at org.openqa.selenium.remote.http.netty.NettyHttpHandler.makeCall(NettyHttpHandler.java:76)
	at org.openqa.selenium.remote.http.AddSeleniumUserAgent.lambda$apply$0(AddSeleniumUserAgent.java:42)
	at org.openqa.selenium.remote.http.Filter.lambda$andFinally$1(Filter.java:55)
	at org.openqa.selenium.remote.http.netty.NettyHttpHandler.execute(NettyHttpHandler.java:48)
	at org.openqa.selenium.remote.http.netty.NettyClient.execute(NettyClient.java:96)
	at org.openqa.selenium.remote.tracing.TracedHttpClient.execute(TracedHttpClient.java:54)
	at org.openqa.selenium.remote.ProtocolHandshake.createSession(ProtocolHandshake.java:115)
	at org.openqa.selenium.remote.ProtocolHandshake.createSession(ProtocolHandshake.java:96)
	at org.openqa.selenium.remote.ProtocolHandshake.createSession(ProtocolHandshake.java:68)
	at org.openqa.selenium.remote.HttpCommandExecutor.execute(HttpCommandExecutor.java:163)
	at org.openqa.selenium.remote.TracedCommandExecutor.execute(TracedCommandExecutor.java:51)
	at org.openqa.selenium.remote.RemoteWebDriver.execute(RemoteWebDriver.java:602)
	... 22 more
Caused by: java.util.concurrent.ExecutionException: java.util.concurrent.TimeoutException: Request timeout to localhost/127.0.0.1:4444 after 180000 ms
	at java.base/java.util.concurrent.CompletableFuture.reportGet(CompletableFuture.java:396)
	at java.base/java.util.concurrent.CompletableFuture.get(CompletableFuture.java:2096)
	at org.asynchttpclient.netty.NettyResponseFuture.get(NettyResponseFuture.java:206)
	at org.openqa.selenium.remote.http.netty.NettyHttpHandler.makeCall(NettyHttpHandler.java:59)
	... 33 more
Caused by: java.util.concurrent.TimeoutException: Request timeout to localhost/127.0.0.1:4444 after 180000 ms
	at org.asynchttpclient.netty.timeout.TimeoutTimerTask.expire(TimeoutTimerTask.java:43)
	at org.asynchttpclient.netty.timeout.RequestTimeoutTimerTask.run(RequestTimeoutTimerTask.java:50)
	at io.netty.util.HashedWheelTimer$HashedWheelTimeout.run(HashedWheelTimer.java:715)
	at io.netty.util.concurrent.ImmediateExecutor.execute(ImmediateExecutor.java:34)
	at io.netty.util.HashedWheelTimer$HashedWheelTimeout.expire(HashedWheelTimer.java:703)
	at io.netty.util.HashedWheelTimer$HashedWheelBucket.expireTimeouts(HashedWheelTimer.java:790)
	at io.netty.util.HashedWheelTimer$Worker.run(HashedWheelTimer.java:503)
	at io.netty.util.concurrent.FastThreadLocalRunnable.run(FastThreadLocalRunnable.java:30)
	... 1 more
... Removed 14 stack frames
</div> <!-- stack-trace -->
                </div> <!-- method-content -->
              </div> <!-- method -->
              <div class="method">
                <div class="method-content">
                  <a name="verifyUserLoginWithoutPasswordAndUserName">
                  </a> <!-- verifyUserLoginWithoutPasswordAndUserName -->
                  <span class="method-name">verifyUserLoginWithoutPasswordAndUserName</span>
                  <div class="stack-trace">org.openqa.selenium.SessionNotCreatedException: Could not start a new session. Possible causes are invalid address of the remote server or browser start-up failure. 
Host info: host: &apos;KAVYA&apos;, ip: &apos;192.168.1.5&apos;
Build info: version: &apos;4.12.1&apos;, revision: &apos;8e34639b11&apos;
System info: os.name: &apos;Windows 11&apos;, os.arch: &apos;amd64&apos;, os.version: &apos;10.0&apos;, java.version: &apos;17.0.6&apos;
Driver info: org.openqa.selenium.remote.RemoteWebDriver
Command: [null, newSession {capabilities=[Capabilities {browserName: chrome}]}]
Capabilities {browserName: chrome}
	at org.openqa.selenium.remote.RemoteWebDriver.execute(RemoteWebDriver.java:620)
	at org.openqa.selenium.remote.RemoteWebDriver.startSession(RemoteWebDriver.java:236)
	at org.openqa.selenium.remote.RemoteWebDriver.&lt;init&gt;(RemoteWebDriver.java:163)
	at org.openqa.selenium.remote.RemoteWebDriver.&lt;init&gt;(RemoteWebDriver.java:143)
	at itSutraGID.DemoOfMaven.EappLoginTest.SetUp(EappLoginTest.java:93)
	at java.base/java.util.concurrent.FutureTask.run(FutureTask.java:264)
	at java.base/java.util.concurrent.ThreadPoolExecutor.runWorker(ThreadPoolExecutor.java:1136)
	at java.base/java.util.concurrent.ThreadPoolExecutor$Worker.run(ThreadPoolExecutor.java:635)
	at java.base/java.lang.Thread.run(Thread.java:833)
Caused by: java.lang.RuntimeException: NettyHttpHandler request execution error
	at org.openqa.selenium.remote.http.netty.NettyHttpHandler.makeCall(NettyHttpHandler.java:76)
	at org.openqa.selenium.remote.http.AddSeleniumUserAgent.lambda$apply$0(AddSeleniumUserAgent.java:42)
	at org.openqa.selenium.remote.http.Filter.lambda$andFinally$1(Filter.java:55)
	at org.openqa.selenium.remote.http.netty.NettyHttpHandler.execute(NettyHttpHandler.java:48)
	at org.openqa.selenium.remote.http.netty.NettyClient.execute(NettyClient.java:96)
	at org.openqa.selenium.remote.tracing.TracedHttpClient.execute(TracedHttpClient.java:54)
	at org.openqa.selenium.remote.ProtocolHandshake.createSession(ProtocolHandshake.java:115)
	at org.openqa.selenium.remote.ProtocolHandshake.createSession(ProtocolHandshake.java:96)
	at org.openqa.selenium.remote.ProtocolHandshake.createSession(ProtocolHandshake.java:68)
	at org.openqa.selenium.remote.HttpCommandExecutor.execute(HttpCommandExecutor.java:163)
	at org.openqa.selenium.remote.TracedCommandExecutor.execute(TracedCommandExecutor.java:51)
	at org.openqa.selenium.remote.RemoteWebDriver.execute(RemoteWebDriver.java:602)
	... 22 more
Caused by: java.util.concurrent.ExecutionException: java.util.concurrent.TimeoutException: Request timeout to localhost/127.0.0.1:4444 after 180000 ms
	at java.base/java.util.concurrent.CompletableFuture.reportGet(CompletableFuture.java:396)
	at java.base/java.util.concurrent.CompletableFuture.get(CompletableFuture.java:2096)
	at org.asynchttpclient.netty.NettyResponseFuture.get(NettyResponseFuture.java:206)
	at org.openqa.selenium.remote.http.netty.NettyHttpHandler.makeCall(NettyHttpHandler.java:59)
	... 33 more
Caused by: java.util.concurrent.TimeoutException: Request timeout to localhost/127.0.0.1:4444 after 180000 ms
	at org.asynchttpclient.netty.timeout.TimeoutTimerTask.expire(TimeoutTimerTask.java:43)
	at org.asynchttpclient.netty.timeout.RequestTimeoutTimerTask.run(RequestTimeoutTimerTask.java:50)
	at io.netty.util.HashedWheelTimer$HashedWheelTimeout.run(HashedWheelTimer.java:715)
	at io.netty.util.concurrent.ImmediateExecutor.execute(ImmediateExecutor.java:34)
	at io.netty.util.HashedWheelTimer$HashedWheelTimeout.expire(HashedWheelTimer.java:703)
	at io.netty.util.HashedWheelTimer$HashedWheelBucket.expireTimeouts(HashedWheelTimer.java:790)
	at io.netty.util.HashedWheelTimer$Worker.run(HashedWheelTimer.java:503)
	at io.netty.util.concurrent.FastThreadLocalRunnable.run(FastThreadLocalRunnable.java:30)
	... 1 more
... Removed 14 stack frames
</div> <!-- stack-trace -->
                </div> <!-- method-content -->
              </div> <!-- method -->
              <div class="method">
                <div class="method-content">
                  <a name="verifyUserLoginWithoutUserName">
                  </a> <!-- verifyUserLoginWithoutUserName -->
                  <span class="method-name">verifyUserLoginWithoutUserName</span>
                  <div class="stack-trace">org.openqa.selenium.SessionNotCreatedException: Could not start a new session. Possible causes are invalid address of the remote server or browser start-up failure. 
Host info: host: &apos;KAVYA&apos;, ip: &apos;192.168.1.5&apos;
Build info: version: &apos;4.12.1&apos;, revision: &apos;8e34639b11&apos;
System info: os.name: &apos;Windows 11&apos;, os.arch: &apos;amd64&apos;, os.version: &apos;10.0&apos;, java.version: &apos;17.0.6&apos;
Driver info: org.openqa.selenium.remote.RemoteWebDriver
Command: [null, newSession {capabilities=[Capabilities {browserName: chrome}]}]
Capabilities {browserName: chrome}
	at org.openqa.selenium.remote.RemoteWebDriver.execute(RemoteWebDriver.java:620)
	at org.openqa.selenium.remote.RemoteWebDriver.startSession(RemoteWebDriver.java:236)
	at org.openqa.selenium.remote.RemoteWebDriver.&lt;init&gt;(RemoteWebDriver.java:163)
	at org.openqa.selenium.remote.RemoteWebDriver.&lt;init&gt;(RemoteWebDriver.java:143)
	at itSutraGID.DemoOfMaven.EappLoginTest.SetUp(EappLoginTest.java:93)
	at java.base/java.util.concurrent.FutureTask.run(FutureTask.java:264)
	at java.base/java.util.concurrent.ThreadPoolExecutor.runWorker(ThreadPoolExecutor.java:1136)
	at java.base/java.util.concurrent.ThreadPoolExecutor$Worker.run(ThreadPoolExecutor.java:635)
	at java.base/java.lang.Thread.run(Thread.java:833)
Caused by: java.lang.RuntimeException: NettyHttpHandler request execution error
	at org.openqa.selenium.remote.http.netty.NettyHttpHandler.makeCall(NettyHttpHandler.java:76)
	at org.openqa.selenium.remote.http.AddSeleniumUserAgent.lambda$apply$0(AddSeleniumUserAgent.java:42)
	at org.openqa.selenium.remote.http.Filter.lambda$andFinally$1(Filter.java:55)
	at org.openqa.selenium.remote.http.netty.NettyHttpHandler.execute(NettyHttpHandler.java:48)
	at org.openqa.selenium.remote.http.netty.NettyClient.execute(NettyClient.java:96)
	at org.openqa.selenium.remote.tracing.TracedHttpClient.execute(TracedHttpClient.java:54)
	at org.openqa.selenium.remote.ProtocolHandshake.createSession(ProtocolHandshake.java:115)
	at org.openqa.selenium.remote.ProtocolHandshake.createSession(ProtocolHandshake.java:96)
	at org.openqa.selenium.remote.ProtocolHandshake.createSession(ProtocolHandshake.java:68)
	at org.openqa.selenium.remote.HttpCommandExecutor.execute(HttpCommandExecutor.java:163)
	at org.openqa.selenium.remote.TracedCommandExecutor.execute(TracedCommandExecutor.java:51)
	at org.openqa.selenium.remote.RemoteWebDriver.execute(RemoteWebDriver.java:602)
	... 22 more
Caused by: java.util.concurrent.ExecutionException: java.util.concurrent.TimeoutException: Request timeout to localhost/127.0.0.1:4444 after 180000 ms
	at java.base/java.util.concurrent.CompletableFuture.reportGet(CompletableFuture.java:396)
	at java.base/java.util.concurrent.CompletableFuture.get(CompletableFuture.java:2096)
	at org.asynchttpclient.netty.NettyResponseFuture.get(NettyResponseFuture.java:206)
	at org.openqa.selenium.remote.http.netty.NettyHttpHandler.makeCall(NettyHttpHandler.java:59)
	... 33 more
Caused by: java.util.concurrent.TimeoutException: Request timeout to localhost/127.0.0.1:4444 after 180000 ms
	at org.asynchttpclient.netty.timeout.TimeoutTimerTask.expire(TimeoutTimerTask.java:43)
	at org.asynchttpclient.netty.timeout.RequestTimeoutTimerTask.run(RequestTimeoutTimerTask.java:50)
	at io.netty.util.HashedWheelTimer$HashedWheelTimeout.run(HashedWheelTimer.java:715)
	at io.netty.util.concurrent.ImmediateExecutor.execute(ImmediateExecutor.java:34)
	at io.netty.util.HashedWheelTimer$HashedWheelTimeout.expire(HashedWheelTimer.java:703)
	at io.netty.util.HashedWheelTimer$HashedWheelBucket.expireTimeouts(HashedWheelTimer.java:790)
	at io.netty.util.HashedWheelTimer$Worker.run(HashedWheelTimer.java:503)
	at io.netty.util.concurrent.FastThreadLocalRunnable.run(FastThreadLocalRunnable.java:30)
	... 1 more
... Removed 14 stack frames
</div> <!-- stack-trace -->
                </div> <!-- method-content -->
              </div> <!-- method -->
            </div> <!-- main-panel-content rounded-window-bottom -->
          </div> <!-- suite-MyLoginSuite-class-skipped -->
          <div class="suite-MyLoginSuite-class-passed">
            <div class="main-panel-header rounded-window-top">
              <img src="passed.png"/>
              <span class="class-name">itSutraGID.DemoOfMaven.EappLoginTest</span>
            </div> <!-- main-panel-header rounded-window-top -->
            <div class="main-panel-content rounded-window-bottom">
              <div class="method">
                <div class="method-content">
                  <a name="VerifyUserLoginAlertMsgWhenSubmitOnlyUserNameInfo">
                  </a> <!-- VerifyUserLoginAlertMsgWhenSubmitOnlyUserNameInfo -->
                  <span class="method-name">VerifyUserLoginAlertMsgWhenSubmitOnlyUserNameInfo</span>
                </div> <!-- method-content -->
              </div> <!-- method -->
              <div class="method">
                <div class="method-content">
                  <a name="VerifyUserLoginAlertMsgWhenSubmitOnlyUserNameInfo">
                  </a> <!-- VerifyUserLoginAlertMsgWhenSubmitOnlyUserNameInfo -->
                  <span class="method-name">VerifyUserLoginAlertMsgWhenSubmitOnlyUserNameInfo</span>
                </div> <!-- method-content -->
              </div> <!-- method -->
              <div class="method">
                <div class="method-content">
                  <a name="VerifyUserLoginAlertMsgWhenSubmitOnlyUserNameInfo">
                  </a> <!-- VerifyUserLoginAlertMsgWhenSubmitOnlyUserNameInfo -->
                  <span class="method-name">VerifyUserLoginAlertMsgWhenSubmitOnlyUserNameInfo</span>
                </div> <!-- method-content -->
              </div> <!-- method -->
              <div class="method">
                <div class="method-content">
                  <a name="VerifyUserLoginAlertMsgWhenSubmitOnlyUserNameInfo">
                  </a> <!-- VerifyUserLoginAlertMsgWhenSubmitOnlyUserNameInfo -->
                  <span class="method-name">VerifyUserLoginAlertMsgWhenSubmitOnlyUserNameInfo</span>
                </div> <!-- method-content -->
              </div> <!-- method -->
              <div class="method">
                <div class="method-content">
                  <a name="VerifyUserLoginAlertMsgWhenSubmitOnlyUserNameInfo">
                  </a> <!-- VerifyUserLoginAlertMsgWhenSubmitOnlyUserNameInfo -->
                  <span class="method-name">VerifyUserLoginAlertMsgWhenSubmitOnlyUserNameInfo</span>
                </div> <!-- method-content -->
              </div> <!-- method -->
              <div class="method">
                <div class="method-content">
                  <a name="VerifyUserLoginAlertMsgWhenSubmitOnlyUserNameInfo">
                  </a> <!-- VerifyUserLoginAlertMsgWhenSubmitOnlyUserNameInfo -->
                  <span class="method-name">VerifyUserLoginAlertMsgWhenSubmitOnlyUserNameInfo</span>
                </div> <!-- method-content -->
              </div> <!-- method -->
              <div class="method">
                <div class="method-content">
                  <a name="verifyUserLoginWithoutPassword">
                  </a> <!-- verifyUserLoginWithoutPassword -->
                  <span class="method-name">verifyUserLoginWithoutPassword</span>
                </div> <!-- method-content -->
              </div> <!-- method -->
              <div class="method">
                <div class="method-content">
                  <a name="verifyUserLoginWithoutPassword">
                  </a> <!-- verifyUserLoginWithoutPassword -->
                  <span class="method-name">verifyUserLoginWithoutPassword</span>
                </div> <!-- method-content -->
              </div> <!-- method -->
              <div class="method">
                <div class="method-content">
                  <a name="verifyUserLoginWithoutPassword">
                  </a> <!-- verifyUserLoginWithoutPassword -->
                  <span class="method-name">verifyUserLoginWithoutPassword</span>
                </div> <!-- method-content -->
              </div> <!-- method -->
              <div class="method">
                <div class="method-content">
                  <a name="verifyUserLoginWithoutPassword">
                  </a> <!-- verifyUserLoginWithoutPassword -->
                  <span class="method-name">verifyUserLoginWithoutPassword</span>
                </div> <!-- method-content -->
              </div> <!-- method -->
              <div class="method">
                <div class="method-content">
                  <a name="verifyUserLoginWithoutPassword">
                  </a> <!-- verifyUserLoginWithoutPassword -->
                  <span class="method-name">verifyUserLoginWithoutPassword</span>
                </div> <!-- method-content -->
              </div> <!-- method -->
              <div class="method">
                <div class="method-content">
                  <a name="verifyUserLoginWithoutPassword">
                  </a> <!-- verifyUserLoginWithoutPassword -->
                  <span class="method-name">verifyUserLoginWithoutPassword</span>
                </div> <!-- method-content -->
              </div> <!-- method -->
              <div class="method">
                <div class="method-content">
                  <a name="verifyUserLoginWithoutPasswordAndUserName">
                  </a> <!-- verifyUserLoginWithoutPasswordAndUserName -->
                  <span class="method-name">verifyUserLoginWithoutPasswordAndUserName</span>
                </div> <!-- method-content -->
              </div> <!-- method -->
              <div class="method">
                <div class="method-content">
                  <a name="verifyUserLoginWithoutPasswordAndUserName">
                  </a> <!-- verifyUserLoginWithoutPasswordAndUserName -->
                  <span class="method-name">verifyUserLoginWithoutPasswordAndUserName</span>
                </div> <!-- method-content -->
              </div> <!-- method -->
              <div class="method">
                <div class="method-content">
                  <a name="verifyUserLoginWithoutPasswordAndUserName">
                  </a> <!-- verifyUserLoginWithoutPasswordAndUserName -->
                  <span class="method-name">verifyUserLoginWithoutPasswordAndUserName</span>
                </div> <!-- method-content -->
              </div> <!-- method -->
              <div class="method">
                <div class="method-content">
                  <a name="verifyUserLoginWithoutPasswordAndUserName">
                  </a> <!-- verifyUserLoginWithoutPasswordAndUserName -->
                  <span class="method-name">verifyUserLoginWithoutPasswordAndUserName</span>
                </div> <!-- method-content -->
              </div> <!-- method -->
              <div class="method">
                <div class="method-content">
                  <a name="verifyUserLoginWithoutPasswordAndUserName">
                  </a> <!-- verifyUserLoginWithoutPasswordAndUserName -->
                  <span class="method-name">verifyUserLoginWithoutPasswordAndUserName</span>
                </div> <!-- method-content -->
              </div> <!-- method -->
              <div class="method">
                <div class="method-content">
                  <a name="verifyUserLoginWithoutPasswordAndUserName">
                  </a> <!-- verifyUserLoginWithoutPasswordAndUserName -->
                  <span class="method-name">verifyUserLoginWithoutPasswordAndUserName</span>
                </div> <!-- method-content -->
              </div> <!-- method -->
              <div class="method">
                <div class="method-content">
                  <a name="verifyUserLoginWithoutUserName">
                  </a> <!-- verifyUserLoginWithoutUserName -->
                  <span class="method-name">verifyUserLoginWithoutUserName</span>
                </div> <!-- method-content -->
              </div> <!-- method -->
            </div> <!-- main-panel-content rounded-window-bottom -->
          </div> <!-- suite-MyLoginSuite-class-passed -->
        </div> <!-- panel MyLoginSuite -->
        <div panel-name="test-xml-MyLoginSuite" class="panel">
          <div class="main-panel-header rounded-window-top">
            <span class="header-content">D:\JavaDemoB132\DemoOfMaven\testNGconfigxml.xml</span>
          </div> <!-- main-panel-header rounded-window-top -->
          <div class="main-panel-content rounded-window-bottom">
            <pre>
&lt;?xml version=&quot;1.0&quot; encoding=&quot;UTF-8&quot;?&gt;
&lt;!DOCTYPE suite SYSTEM &quot;https://testng.org/testng-1.0.dtd&quot;&gt;
&lt;suite thread-count=&quot;10&quot; parallel=&quot;tests&quot; name=&quot;MyLoginSuite&quot; guice-stage=&quot;DEVELOPMENT&quot; verbose=&quot;0&quot;&gt;
  &lt;test thread-count=&quot;10&quot; parallel=&quot;tests&quot; name=&quot;MyLoginTestInChrome&quot; verbose=&quot;0&quot;&gt;
    &lt;parameter name=&quot;browser&quot; value=&quot;chrome&quot;/&gt;
    &lt;parameter name=&quot;url&quot; value=&quot;http://eaapp.somee.com&quot;/&gt;
    &lt;classes&gt;
      &lt;class name=&quot;itSutraGID.DemoOfMaven.EappLoginTest&quot;/&gt;
    &lt;/classes&gt;
  &lt;/test&gt; &lt;!-- MyLoginTestInChrome --&gt;
  &lt;test thread-count=&quot;10&quot; parallel=&quot;tests&quot; name=&quot;MyLoginTestInChrome1&quot; verbose=&quot;0&quot;&gt;
    &lt;parameter name=&quot;browser&quot; value=&quot;chrome&quot;/&gt;
    &lt;parameter name=&quot;url&quot; value=&quot;http://eaapp.somee.com&quot;/&gt;
    &lt;classes&gt;
      &lt;class name=&quot;itSutraGID.DemoOfMaven.EappLoginTest&quot;/&gt;
    &lt;/classes&gt;
  &lt;/test&gt; &lt;!-- MyLoginTestInChrome1 --&gt;
  &lt;test thread-count=&quot;10&quot; parallel=&quot;tests&quot; name=&quot;MyLoginTestInChrome2&quot; verbose=&quot;0&quot;&gt;
    &lt;parameter name=&quot;browser&quot; value=&quot;chrome&quot;/&gt;
    &lt;parameter name=&quot;url&quot; value=&quot;http://eaapp.somee.com&quot;/&gt;
    &lt;classes&gt;
      &lt;class name=&quot;itSutraGID.DemoOfMaven.EappLoginTest&quot;/&gt;
    &lt;/classes&gt;
  &lt;/test&gt; &lt;!-- MyLoginTestInChrome2 --&gt;
  &lt;test thread-count=&quot;10&quot; parallel=&quot;tests&quot; name=&quot;MyLoginTestInChrome3&quot; verbose=&quot;0&quot;&gt;
    &lt;parameter name=&quot;browser&quot; value=&quot;chrome&quot;/&gt;
    &lt;parameter name=&quot;url&quot; value=&quot;http://eaapp.somee.com&quot;/&gt;
    &lt;classes&gt;
      &lt;class name=&quot;itSutraGID.DemoOfMaven.EappLoginTest&quot;/&gt;
    &lt;/classes&gt;
  &lt;/test&gt; &lt;!-- MyLoginTestInChrome3 --&gt;
  &lt;test thread-count=&quot;10&quot; parallel=&quot;tests&quot; name=&quot;MyLoginTestInChrome4&quot; verbose=&quot;0&quot;&gt;
    &lt;parameter name=&quot;browser&quot; value=&quot;chrome&quot;/&gt;
    &lt;parameter name=&quot;url&quot; value=&quot;http://eaapp.somee.com&quot;/&gt;
    &lt;classes&gt;
      &lt;class name=&quot;itSutraGID.DemoOfMaven.EappLoginTest&quot;/&gt;
    &lt;/classes&gt;
  &lt;/test&gt; &lt;!-- MyLoginTestInChrome4 --&gt;
  &lt;test thread-count=&quot;10&quot; parallel=&quot;tests&quot; name=&quot;MyLoginTestInChrome6&quot; verbose=&quot;0&quot;&gt;
    &lt;parameter name=&quot;browser&quot; value=&quot;chrome&quot;/&gt;
    &lt;parameter name=&quot;url&quot; value=&quot;http://eaapp.somee.com&quot;/&gt;
    &lt;classes&gt;
      &lt;class name=&quot;itSutraGID.DemoOfMaven.EappLoginTest&quot;/&gt;
    &lt;/classes&gt;
  &lt;/test&gt; &lt;!-- MyLoginTestInChrome6 --&gt;
  &lt;test thread-count=&quot;10&quot; parallel=&quot;tests&quot; name=&quot;MyLoginTestInChrome7&quot; verbose=&quot;0&quot;&gt;
    &lt;parameter name=&quot;browser&quot; value=&quot;chrome&quot;/&gt;
    &lt;parameter name=&quot;url&quot; value=&quot;http://eaapp.somee.com&quot;/&gt;
    &lt;classes&gt;
      &lt;class name=&quot;itSutraGID.DemoOfMaven.EappLoginTest&quot;/&gt;
    &lt;/classes&gt;
  &lt;/test&gt; &lt;!-- MyLoginTestInChrome7 --&gt;
&lt;/suite&gt; &lt;!-- MyLoginSuite --&gt;
            </pre>
          </div> <!-- main-panel-content rounded-window-bottom -->
        </div> <!-- panel -->
        <div panel-name="testlist-MyLoginSuite" class="panel">
          <div class="main-panel-header rounded-window-top">
            <span class="header-content">Tests for MyLoginSuite</span>
          </div> <!-- main-panel-header rounded-window-top -->
          <div class="main-panel-content rounded-window-bottom">
            <ul>
              <li>
                <span class="test-name">MyLoginTestInChrome (1 class)</span>
              </li>
              <li>
                <span class="test-name">MyLoginTestInChrome1 (1 class)</span>
              </li>
              <li>
                <span class="test-name">MyLoginTestInChrome2 (1 class)</span>
              </li>
              <li>
                <span class="test-name">MyLoginTestInChrome3 (1 class)</span>
              </li>
              <li>
                <span class="test-name">MyLoginTestInChrome4 (1 class)</span>
              </li>
              <li>
                <span class="test-name">MyLoginTestInChrome6 (1 class)</span>
              </li>
              <li>
                <span class="test-name">MyLoginTestInChrome7 (1 class)</span>
              </li>
            </ul>
          </div> <!-- main-panel-content rounded-window-bottom -->
        </div> <!-- panel -->
        <div panel-name="group-MyLoginSuite" class="panel">
          <div class="main-panel-header rounded-window-top">
            <span class="header-content">Groups for MyLoginSuite</span>
          </div> <!-- main-panel-header rounded-window-top -->
          <div class="main-panel-content rounded-window-bottom">
          </div> <!-- main-panel-content rounded-window-bottom -->
        </div> <!-- panel -->
        <div panel-name="times-MyLoginSuite" class="panel">
          <div class="main-panel-header rounded-window-top">
            <span class="header-content">Times for MyLoginSuite</span>
          </div> <!-- main-panel-header rounded-window-top -->
          <div class="main-panel-content rounded-window-bottom">
            <div class="times-div">
              <script type="text/javascript">
suiteTableInitFunctions.push('tableData_MyLoginSuite');
function tableData_MyLoginSuite() {
var data = new google.visualization.DataTable();
data.addColumn('number', 'Number');
data.addColumn('string', 'Method');
data.addColumn('string', 'Class');
data.addColumn('number', 'Time (ms)');
data.addRows(28);
data.setCell(0, 0, 0)
data.setCell(0, 1, 'verifyUserLoginWithoutUserName')
data.setCell(0, 2, 'itSutraGID.DemoOfMaven.EappLoginTest')
data.setCell(0, 3, 180163);
data.setCell(1, 0, 1)
data.setCell(1, 1, 'verifyUserLoginWithoutUserName')
data.setCell(1, 2, 'itSutraGID.DemoOfMaven.EappLoginTest')
data.setCell(1, 3, 180140);
data.setCell(2, 0, 2)
data.setCell(2, 1, 'verifyUserLoginWithoutUserName')
data.setCell(2, 2, 'itSutraGID.DemoOfMaven.EappLoginTest')
data.setCell(2, 3, 180035);
data.setCell(3, 0, 3)
data.setCell(3, 1, 'verifyUserLoginWithoutUserName')
data.setCell(3, 2, 'itSutraGID.DemoOfMaven.EappLoginTest')
data.setCell(3, 3, 180035);
data.setCell(4, 0, 4)
data.setCell(4, 1, 'verifyUserLoginWithoutUserName')
data.setCell(4, 2, 'itSutraGID.DemoOfMaven.EappLoginTest')
data.setCell(4, 3, 180020);
data.setCell(5, 0, 5)
data.setCell(5, 1, 'verifyUserLoginWithoutPasswordAndUserName')
data.setCell(5, 2, 'itSutraGID.DemoOfMaven.EappLoginTest')
data.setCell(5, 3, 66302);
data.setCell(6, 0, 6)
data.setCell(6, 1, 'verifyUserLoginWithoutUserName')
data.setCell(6, 2, 'itSutraGID.DemoOfMaven.EappLoginTest')
data.setCell(6, 3, 49173);
data.setCell(7, 0, 7)
data.setCell(7, 1, 'verifyUserLoginWithoutPasswordAndUserName')
data.setCell(7, 2, 'itSutraGID.DemoOfMaven.EappLoginTest')
data.setCell(7, 3, 41115);
data.setCell(8, 0, 8)
data.setCell(8, 1, 'verifyUserLoginWithoutPasswordAndUserName')
data.setCell(8, 2, 'itSutraGID.DemoOfMaven.EappLoginTest')
data.setCell(8, 3, 36426);
data.setCell(9, 0, 9)
data.setCell(9, 1, 'verifyUserLoginWithoutPasswordAndUserName')
data.setCell(9, 2, 'itSutraGID.DemoOfMaven.EappLoginTest')
data.setCell(9, 3, 33702);
data.setCell(10, 0, 10)
data.setCell(10, 1, 'verifyUserLoginWithoutPasswordAndUserName')
data.setCell(10, 2, 'itSutraGID.DemoOfMaven.EappLoginTest')
data.setCell(10, 3, 29728);
data.setCell(11, 0, 11)
data.setCell(11, 1, 'VerifyUserLoginAlertMsgWhenSubmitOnlyUserNameInfo')
data.setCell(11, 2, 'itSutraGID.DemoOfMaven.EappLoginTest')
data.setCell(11, 3, 29326);
data.setCell(12, 0, 12)
data.setCell(12, 1, 'verifyUserLoginWithoutPasswordAndUserName')
data.setCell(12, 2, 'itSutraGID.DemoOfMaven.EappLoginTest')
data.setCell(12, 3, 29055);
data.setCell(13, 0, 13)
data.setCell(13, 1, 'VerifyUserLoginAlertMsgWhenSubmitOnlyUserNameInfo')
data.setCell(13, 2, 'itSutraGID.DemoOfMaven.EappLoginTest')
data.setCell(13, 3, 28711);
data.setCell(14, 0, 14)
data.setCell(14, 1, 'VerifyUserLoginAlertMsgWhenSubmitOnlyUserNameInfo')
data.setCell(14, 2, 'itSutraGID.DemoOfMaven.EappLoginTest')
data.setCell(14, 3, 28257);
data.setCell(15, 0, 15)
data.setCell(15, 1, 'verifyUserLoginWithoutPassword')
data.setCell(15, 2, 'itSutraGID.DemoOfMaven.EappLoginTest')
data.setCell(15, 3, 27886);
data.setCell(16, 0, 16)
data.setCell(16, 1, 'VerifyUserLoginAlertMsgWhenSubmitOnlyUserNameInfo')
data.setCell(16, 2, 'itSutraGID.DemoOfMaven.EappLoginTest')
data.setCell(16, 3, 26516);
data.setCell(17, 0, 17)
data.setCell(17, 1, 'VerifyUserLoginAlertMsgWhenSubmitOnlyUserNameInfo')
data.setCell(17, 2, 'itSutraGID.DemoOfMaven.EappLoginTest')
data.setCell(17, 3, 25887);
data.setCell(18, 0, 18)
data.setCell(18, 1, 'verifyUserLoginWithoutPassword')
data.setCell(18, 2, 'itSutraGID.DemoOfMaven.EappLoginTest')
data.setCell(18, 3, 25518);
data.setCell(19, 0, 19)
data.setCell(19, 1, 'verifyUserLoginWithoutPassword')
data.setCell(19, 2, 'itSutraGID.DemoOfMaven.EappLoginTest')
data.setCell(19, 3, 25392);
data.setCell(20, 0, 20)
data.setCell(20, 1, 'VerifyUserLoginAlertMsgWhenSubmitOnlyUserNameInfo')
data.setCell(20, 2, 'itSutraGID.DemoOfMaven.EappLoginTest')
data.setCell(20, 3, 24918);
data.setCell(21, 0, 21)
data.setCell(21, 1, 'verifyUserLoginWithoutPassword')
data.setCell(21, 2, 'itSutraGID.DemoOfMaven.EappLoginTest')
data.setCell(21, 3, 24408);
data.setCell(22, 0, 22)
data.setCell(22, 1, 'verifyUserLoginWithoutPassword')
data.setCell(22, 2, 'itSutraGID.DemoOfMaven.EappLoginTest')
data.setCell(22, 3, 24096);
data.setCell(23, 0, 23)
data.setCell(23, 1, 'verifyUserLoginWithoutPassword')
data.setCell(23, 2, 'itSutraGID.DemoOfMaven.EappLoginTest')
data.setCell(23, 3, 20245);
data.setCell(24, 0, 24)
data.setCell(24, 1, 'VerifyUserLoginAlertMsgWhenSubmitOnlyUserNameInfo')
data.setCell(24, 2, 'itSutraGID.DemoOfMaven.EappLoginTest')
data.setCell(24, 3, 2);
data.setCell(25, 0, 25)
data.setCell(25, 1, 'verifyUserLoginWithoutUserName')
data.setCell(25, 2, 'itSutraGID.DemoOfMaven.EappLoginTest')
data.setCell(25, 3, 0);
data.setCell(26, 0, 26)
data.setCell(26, 1, 'verifyUserLoginWithoutPassword')
data.setCell(26, 2, 'itSutraGID.DemoOfMaven.EappLoginTest')
data.setCell(26, 3, 0);
data.setCell(27, 0, 27)
data.setCell(27, 1, 'verifyUserLoginWithoutPasswordAndUserName')
data.setCell(27, 2, 'itSutraGID.DemoOfMaven.EappLoginTest')
data.setCell(27, 3, 0);
window.suiteTableData['MyLoginSuite']= { tableData: data, tableDiv: 'times-div-MyLoginSuite'}
return data;
}
              </script>
              <span class="suite-total-time">Total running time: 5 minutes</span>
              <div id="times-div-MyLoginSuite">
              </div> <!-- times-div-MyLoginSuite -->
            </div> <!-- times-div -->
          </div> <!-- main-panel-content rounded-window-bottom -->
        </div> <!-- panel -->
        <div panel-name="reporter-MyLoginSuite" class="panel">
          <div class="main-panel-header rounded-window-top">
            <span class="header-content">Reporter output for MyLoginSuite</span>
          </div> <!-- main-panel-header rounded-window-top -->
          <div class="main-panel-content rounded-window-bottom">
            <div class="reporter-method-div">
              <span class="reporter-method-name">verifyUserLoginWithoutPasswordAndUserName</span>
              <div class="reporter-method-output-div">
                <span class="reporter-method-output">verifyUserLoginWithoutPasswordAndUserName is Executed</span>
                <span class="reporter-method-output">Success!!!!</span>
              </div> <!-- reporter-method-output-div -->
            </div> <!-- reporter-method-div -->
            <div class="reporter-method-div">
              <span class="reporter-method-name">verifyUserLoginWithoutPassword</span>
              <div class="reporter-method-output-div">
                <span class="reporter-method-output">verifyUserLoginWithoutPassword is Executed</span>
                <span class="reporter-method-output">Success!!!!</span>
              </div> <!-- reporter-method-output-div -->
            </div> <!-- reporter-method-div -->
            <div class="reporter-method-div">
              <span class="reporter-method-name">verifyUserLoginWithoutUserName</span>
              <div class="reporter-method-output-div">
                <span class="reporter-method-output">verifyUserLoginWithoutUserName is Executed .... AAAAAAAAA!!!!</span>
                <span class="reporter-method-output">Success!!!!</span>
              </div> <!-- reporter-method-output-div -->
            </div> <!-- reporter-method-div -->
            <div class="reporter-method-div">
              <span class="reporter-method-name">VerifyUserLoginAlertMsgWhenSubmitOnlyUserNameInfo</span>
              <div class="reporter-method-output-div">
                <span class="reporter-method-output">
Home Login Button clciked and Login Page get Open</span>
                <span class="reporter-method-output">User Name getting input</span>
                <span class="reporter-method-output">Password getting input</span>
                <span class="reporter-method-output">click to submit login Credential</span>
                <span class="reporter-method-output">
Sucess!!!, Getting Error msg for Password</span>
                <span class="reporter-method-output">Success!!!!</span>
              </div> <!-- reporter-method-output-div -->
            </div> <!-- reporter-method-div -->
            <div class="reporter-method-div">
              <span class="reporter-method-name">VerifyUserLoginAlertMsgWhenSubmitOnlyUserNameInfo</span>
              <div class="reporter-method-output-div">
                <span class="reporter-method-output">
Home Login Button clciked and Login Page get Open</span>
                <span class="reporter-method-output">User Name getting input</span>
                <span class="reporter-method-output">Password getting input</span>
                <span class="reporter-method-output">click to submit login Credential</span>
                <span class="reporter-method-output">
Sucess!!!, Getting Error msg for Password</span>
                <span class="reporter-method-output">Success!!!!</span>
              </div> <!-- reporter-method-output-div -->
            </div> <!-- reporter-method-div -->
            <div class="reporter-method-div">
              <span class="reporter-method-name">verifyUserLoginWithoutPassword</span>
              <div class="reporter-method-output-div">
                <span class="reporter-method-output">verifyUserLoginWithoutPassword is Executed</span>
                <span class="reporter-method-output">Success!!!!</span>
              </div> <!-- reporter-method-output-div -->
            </div> <!-- reporter-method-div -->
            <div class="reporter-method-div">
              <span class="reporter-method-name">verifyUserLoginWithoutPasswordAndUserName</span>
              <div class="reporter-method-output-div">
                <span class="reporter-method-output">verifyUserLoginWithoutPasswordAndUserName is Executed</span>
                <span class="reporter-method-output">Success!!!!</span>
              </div> <!-- reporter-method-output-div -->
            </div> <!-- reporter-method-div -->
            <div class="reporter-method-div">
              <span class="reporter-method-name">verifyUserLoginWithoutUserName</span>
              <div class="reporter-method-output-div">
                <span class="reporter-method-output">Failed Test case...!!!</span>
              </div> <!-- reporter-method-output-div -->
            </div> <!-- reporter-method-div -->
            <div class="reporter-method-div">
              <span class="reporter-method-name">verifyUserLoginWithoutPassword</span>
              <div class="reporter-method-output-div">
                <span class="reporter-method-output">verifyUserLoginWithoutPassword is Executed</span>
                <span class="reporter-method-output">Success!!!!</span>
              </div> <!-- reporter-method-output-div -->
            </div> <!-- reporter-method-div -->
            <div class="reporter-method-div">
              <span class="reporter-method-name">VerifyUserLoginAlertMsgWhenSubmitOnlyUserNameInfo</span>
              <div class="reporter-method-output-div">
                <span class="reporter-method-output">
Home Login Button clciked and Login Page get Open</span>
                <span class="reporter-method-output">User Name getting input</span>
                <span class="reporter-method-output">Password getting input</span>
                <span class="reporter-method-output">click to submit login Credential</span>
                <span class="reporter-method-output">
Sucess!!!, Getting Error msg for Password</span>
                <span class="reporter-method-output">Success!!!!</span>
              </div> <!-- reporter-method-output-div -->
            </div> <!-- reporter-method-div -->
            <div class="reporter-method-div">
              <span class="reporter-method-name">verifyUserLoginWithoutPasswordAndUserName</span>
              <div class="reporter-method-output-div">
                <span class="reporter-method-output">verifyUserLoginWithoutPasswordAndUserName is Executed</span>
                <span class="reporter-method-output">Success!!!!</span>
              </div> <!-- reporter-method-output-div -->
            </div> <!-- reporter-method-div -->
            <div class="reporter-method-div">
              <span class="reporter-method-name">verifyUserLoginWithoutUserName</span>
              <div class="reporter-method-output-div">
                <span class="reporter-method-output">Failed Test case...!!!</span>
              </div> <!-- reporter-method-output-div -->
            </div> <!-- reporter-method-div -->
            <div class="reporter-method-div">
              <span class="reporter-method-name">verifyUserLoginWithoutPasswordAndUserName</span>
              <div class="reporter-method-output-div">
                <span class="reporter-method-output">verifyUserLoginWithoutPasswordAndUserName is Executed</span>
                <span class="reporter-method-output">Success!!!!</span>
              </div> <!-- reporter-method-output-div -->
            </div> <!-- reporter-method-div -->
            <div class="reporter-method-div">
              <span class="reporter-method-name">verifyUserLoginWithoutPassword</span>
              <div class="reporter-method-output-div">
                <span class="reporter-method-output">verifyUserLoginWithoutPassword is Executed</span>
                <span class="reporter-method-output">Success!!!!</span>
              </div> <!-- reporter-method-output-div -->
            </div> <!-- reporter-method-div -->
            <div class="reporter-method-div">
              <span class="reporter-method-name">VerifyUserLoginAlertMsgWhenSubmitOnlyUserNameInfo</span>
              <div class="reporter-method-output-div">
                <span class="reporter-method-output">
Home Login Button clciked and Login Page get Open</span>
                <span class="reporter-method-output">User Name getting input</span>
                <span class="reporter-method-output">Password getting input</span>
                <span class="reporter-method-output">click to submit login Credential</span>
                <span class="reporter-method-output">
Sucess!!!, Getting Error msg for Password</span>
                <span class="reporter-method-output">Success!!!!</span>
              </div> <!-- reporter-method-output-div -->
            </div> <!-- reporter-method-div -->
            <div class="reporter-method-div">
              <span class="reporter-method-name">verifyUserLoginWithoutUserName</span>
              <div class="reporter-method-output-div">
                <span class="reporter-method-output">Failed Test case...!!!</span>
              </div> <!-- reporter-method-output-div -->
            </div> <!-- reporter-method-div -->
            <div class="reporter-method-div">
              <span class="reporter-method-name">verifyUserLoginWithoutPassword</span>
              <div class="reporter-method-output-div">
                <span class="reporter-method-output">verifyUserLoginWithoutPassword is Executed</span>
                <span class="reporter-method-output">Success!!!!</span>
              </div> <!-- reporter-method-output-div -->
            </div> <!-- reporter-method-div -->
            <div class="reporter-method-div">
              <span class="reporter-method-name">VerifyUserLoginAlertMsgWhenSubmitOnlyUserNameInfo</span>
              <div class="reporter-method-output-div">
                <span class="reporter-method-output">
Home Login Button clciked and Login Page get Open</span>
                <span class="reporter-method-output">User Name getting input</span>
                <span class="reporter-method-output">Password getting input</span>
                <span class="reporter-method-output">click to submit login Credential</span>
                <span class="reporter-method-output">
Sucess!!!, Getting Error msg for Password</span>
                <span class="reporter-method-output">Success!!!!</span>
              </div> <!-- reporter-method-output-div -->
            </div> <!-- reporter-method-div -->
            <div class="reporter-method-div">
              <span class="reporter-method-name">verifyUserLoginWithoutPasswordAndUserName</span>
              <div class="reporter-method-output-div">
                <span class="reporter-method-output">verifyUserLoginWithoutPasswordAndUserName is Executed</span>
                <span class="reporter-method-output">Success!!!!</span>
              </div> <!-- reporter-method-output-div -->
            </div> <!-- reporter-method-div -->
            <div class="reporter-method-div">
              <span class="reporter-method-name">verifyUserLoginWithoutUserName</span>
              <div class="reporter-method-output-div">
                <span class="reporter-method-output">Failed Test case...!!!</span>
              </div> <!-- reporter-method-output-div -->
            </div> <!-- reporter-method-div -->
            <div class="reporter-method-div">
              <span class="reporter-method-name">VerifyUserLoginAlertMsgWhenSubmitOnlyUserNameInfo</span>
              <div class="reporter-method-output-div">
                <span class="reporter-method-output">
Home Login Button clciked and Login Page get Open</span>
                <span class="reporter-method-output">User Name getting input</span>
                <span class="reporter-method-output">Password getting input</span>
                <span class="reporter-method-output">click to submit login Credential</span>
                <span class="reporter-method-output">
Sucess!!!, Getting Error msg for Password</span>
                <span class="reporter-method-output">Success!!!!</span>
              </div> <!-- reporter-method-output-div -->
            </div> <!-- reporter-method-div -->
            <div class="reporter-method-div">
              <span class="reporter-method-name">verifyUserLoginWithoutPassword</span>
              <div class="reporter-method-output-div">
                <span class="reporter-method-output">verifyUserLoginWithoutPassword is Executed</span>
                <span class="reporter-method-output">Success!!!!</span>
              </div> <!-- reporter-method-output-div -->
            </div> <!-- reporter-method-div -->
            <div class="reporter-method-div">
              <span class="reporter-method-name">verifyUserLoginWithoutPasswordAndUserName</span>
              <div class="reporter-method-output-div">
                <span class="reporter-method-output">verifyUserLoginWithoutPasswordAndUserName is Executed</span>
                <span class="reporter-method-output">Success!!!!</span>
              </div> <!-- reporter-method-output-div -->
            </div> <!-- reporter-method-div -->
            <div class="reporter-method-div">
              <span class="reporter-method-name">verifyUserLoginWithoutUserName</span>
              <div class="reporter-method-output-div">
                <span class="reporter-method-output">Failed Test case...!!!</span>
              </div> <!-- reporter-method-output-div -->
            </div> <!-- reporter-method-div -->
          </div> <!-- main-panel-content rounded-window-bottom -->
        </div> <!-- panel -->
        <div panel-name="ignored-methods-MyLoginSuite" class="panel">
          <div class="main-panel-header rounded-window-top">
            <span class="header-content">0 ignored methods</span>
          </div> <!-- main-panel-header rounded-window-top -->
          <div class="main-panel-content rounded-window-bottom">
          </div> <!-- main-panel-content rounded-window-bottom -->
        </div> <!-- panel -->
        <div panel-name="chronological-MyLoginSuite" class="panel">
          <div class="main-panel-header rounded-window-top">
            <span class="header-content">Methods in chronological order</span>
          </div> <!-- main-panel-header rounded-window-top -->
          <div class="main-panel-content rounded-window-bottom">
            <div class="chronological-class">
              <div class="chronological-class-name">itSutraGID.DemoOfMaven.EappLoginTest</div> <!-- chronological-class-name -->
              <div class="configuration-test before">
                <img src="failed.png">
                </img>
                <span class="method-name">SetUp(http://eaapp.somee.com, chrome)</span>
                <span class="method-start">0 ms</span>
              </div> <!-- configuration-test before -->
              <div class="configuration-test before">
                <span class="method-name">SetUp(http://eaapp.somee.com, chrome)</span>
                <span class="method-start">0 ms</span>
              </div> <!-- configuration-test before -->
              <div class="configuration-test before">
                <span class="method-name">SetUp(http://eaapp.somee.com, chrome)</span>
                <span class="method-start">4 ms</span>
              </div> <!-- configuration-test before -->
              <div class="configuration-test before">
                <span class="method-name">SetUp(http://eaapp.somee.com, chrome)</span>
                <span class="method-start">41 ms</span>
              </div> <!-- configuration-test before -->
              <div class="configuration-test before">
                <span class="method-name">SetUp(http://eaapp.somee.com, chrome)</span>
                <span class="method-start">42 ms</span>
              </div> <!-- configuration-test before -->
              <div class="configuration-test before">
                <span class="method-name">SetUp(http://eaapp.somee.com, chrome)</span>
                <span class="method-start">42 ms</span>
              </div> <!-- configuration-test before -->
              <div class="configuration-test before">
                <span class="method-name">SetUp(http://eaapp.somee.com, chrome)</span>
                <span class="method-start">43 ms</span>
              </div> <!-- configuration-test before -->
              <div class="test-method">
                <span class="method-name">VerifyUserLoginAlertMsgWhenSubmitOnlyUserNameInfo</span>
                <span class="method-start">40230 ms</span>
              </div> <!-- test-method -->
              <div class="test-method">
                <span class="method-name">VerifyUserLoginAlertMsgWhenSubmitOnlyUserNameInfo</span>
                <span class="method-start">40563 ms</span>
              </div> <!-- test-method -->
              <div class="test-method">
                <span class="method-name">VerifyUserLoginAlertMsgWhenSubmitOnlyUserNameInfo</span>
                <span class="method-start">41229 ms</span>
              </div> <!-- test-method -->
              <div class="test-method">
                <span class="method-name">VerifyUserLoginAlertMsgWhenSubmitOnlyUserNameInfo</span>
                <span class="method-start">41758 ms</span>
              </div> <!-- test-method -->
              <div class="test-method">
                <span class="method-name">VerifyUserLoginAlertMsgWhenSubmitOnlyUserNameInfo</span>
                <span class="method-start">41951 ms</span>
              </div> <!-- test-method -->
              <div class="test-method">
                <span class="method-name">VerifyUserLoginAlertMsgWhenSubmitOnlyUserNameInfo</span>
                <span class="method-start">42085 ms</span>
              </div> <!-- test-method -->
              <div class="configuration-method after">
                <span class="method-name">failureSetup([TestResult name=VerifyUserLoginAlertMsgWhenSubmitOnlyUserNameInfo status=SUCCESS method=EappLoginTe...)</span>
                <span class="method-start">66684 ms</span>
              </div> <!-- configuration-method after -->
              <div class="test-method">
                <span class="method-name">verifyUserLoginWithoutPassword</span>
                <span class="method-start">66695 ms</span>
              </div> <!-- test-method -->
              <div class="configuration-method after">
                <span class="method-name">failureSetup([TestResult name=VerifyUserLoginAlertMsgWhenSubmitOnlyUserNameInfo status=SUCCESS method=EappLoginTe...)</span>
                <span class="method-start">67973 ms</span>
              </div> <!-- configuration-method after -->
              <div class="test-method">
                <span class="method-name">verifyUserLoginWithoutPassword</span>
                <span class="method-start">67975 ms</span>
              </div> <!-- test-method -->
              <div class="configuration-method after">
                <span class="method-name">failureSetup([TestResult name=VerifyUserLoginAlertMsgWhenSubmitOnlyUserNameInfo status=SUCCESS method=EappLoginTe...)</span>
                <span class="method-start">68468 ms</span>
              </div> <!-- configuration-method after -->
              <div class="test-method">
                <span class="method-name">verifyUserLoginWithoutPassword</span>
                <span class="method-start">68470 ms</span>
              </div> <!-- test-method -->
              <div class="configuration-method after">
                <span class="method-name">failureSetup([TestResult name=VerifyUserLoginAlertMsgWhenSubmitOnlyUserNameInfo status=SUCCESS method=EappLoginTe...)</span>
                <span class="method-start">68488 ms</span>
              </div> <!-- configuration-method after -->
              <div class="test-method">
                <span class="method-name">verifyUserLoginWithoutPassword</span>
                <span class="method-start">68491 ms</span>
              </div> <!-- test-method -->
              <div class="configuration-method after">
                <span class="method-name">failureSetup([TestResult name=VerifyUserLoginAlertMsgWhenSubmitOnlyUserNameInfo status=SUCCESS method=EappLoginTe...)</span>
                <span class="method-start">69889 ms</span>
              </div> <!-- configuration-method after -->
              <div class="test-method">
                <span class="method-name">verifyUserLoginWithoutPassword</span>
                <span class="method-start">69891 ms</span>
              </div> <!-- test-method -->
              <div class="configuration-method after">
                <span class="method-name">failureSetup([TestResult name=VerifyUserLoginAlertMsgWhenSubmitOnlyUserNameInfo status=SUCCESS method=EappLoginTe...)</span>
                <span class="method-start">69940 ms</span>
              </div> <!-- configuration-method after -->
              <div class="test-method">
                <span class="method-name">verifyUserLoginWithoutPassword</span>
                <span class="method-start">69941 ms</span>
              </div> <!-- test-method -->
              <div class="configuration-method after">
                <span class="method-name">failureSetup([TestResult name=verifyUserLoginWithoutPassword status=SUCCESS method=EappLoginTest.verifyUserLoginW...)</span>
                <span class="method-start">86941 ms</span>
              </div> <!-- configuration-method after -->
              <div class="test-method">
                <span class="method-name">verifyUserLoginWithoutPasswordAndUserName</span>
                <span class="method-start">86943 ms</span>
              </div> <!-- test-method -->
              <div class="configuration-method after">
                <span class="method-name">failureSetup([TestResult name=verifyUserLoginWithoutPassword status=SUCCESS method=EappLoginTest.verifyUserLoginW...)</span>
                <span class="method-start">92588 ms</span>
              </div> <!-- configuration-method after -->
              <div class="test-method">
                <span class="method-name">verifyUserLoginWithoutPasswordAndUserName</span>
                <span class="method-start">92590 ms</span>
              </div> <!-- test-method -->
              <div class="configuration-method after">
                <span class="method-name">failureSetup([TestResult name=verifyUserLoginWithoutPassword status=SUCCESS method=EappLoginTest.verifyUserLoginW...)</span>
                <span class="method-start">92879 ms</span>
              </div> <!-- configuration-method after -->
              <div class="test-method">
                <span class="method-name">verifyUserLoginWithoutPasswordAndUserName</span>
                <span class="method-start">92880 ms</span>
              </div> <!-- test-method -->
              <div class="configuration-method after">
                <span class="method-name">failureSetup([TestResult name=verifyUserLoginWithoutPassword status=SUCCESS method=EappLoginTest.verifyUserLoginW...)</span>
                <span class="method-start">95334 ms</span>
              </div> <!-- configuration-method after -->
              <div class="test-method">
                <span class="method-name">verifyUserLoginWithoutPasswordAndUserName</span>
                <span class="method-start">95336 ms</span>
              </div> <!-- test-method -->
              <div class="configuration-method after">
                <span class="method-name">failureSetup([TestResult name=verifyUserLoginWithoutPassword status=SUCCESS method=EappLoginTest.verifyUserLoginW...)</span>
                <span class="method-start">95412 ms</span>
              </div> <!-- configuration-method after -->
              <div class="test-method">
                <span class="method-name">verifyUserLoginWithoutPasswordAndUserName</span>
                <span class="method-start">95413 ms</span>
              </div> <!-- test-method -->
              <div class="configuration-method after">
                <span class="method-name">failureSetup([TestResult name=verifyUserLoginWithoutPassword status=SUCCESS method=EappLoginTest.verifyUserLoginW...)</span>
                <span class="method-start">95861 ms</span>
              </div> <!-- configuration-method after -->
              <div class="test-method">
                <span class="method-name">verifyUserLoginWithoutPasswordAndUserName</span>
                <span class="method-start">95863 ms</span>
              </div> <!-- test-method -->
              <div class="configuration-method after">
                <span class="method-name">failureSetup([TestResult name=verifyUserLoginWithoutPasswordAndUserName status=SUCCESS method=EappLoginTest.verif...)</span>
                <span class="method-start">124920 ms</span>
              </div> <!-- configuration-method after -->
              <div class="test-method">
                <img src="failed.png">
                </img>
                <span class="method-name">verifyUserLoginWithoutUserName</span>
                <span class="method-start">124923 ms</span>
              </div> <!-- test-method -->
              <div class="configuration-method after">
                <span class="method-name">failureSetup([TestResult name=verifyUserLoginWithoutPasswordAndUserName status=SUCCESS method=EappLoginTest.verif...)</span>
                <span class="method-start">125142 ms</span>
              </div> <!-- configuration-method after -->
              <div class="test-method">
                <img src="failed.png">
                </img>
                <span class="method-name">verifyUserLoginWithoutUserName</span>
                <span class="method-start">125143 ms</span>
              </div> <!-- test-method -->
              <div class="configuration-method after">
                <span class="method-name">failureSetup([TestResult name=verifyUserLoginWithoutPasswordAndUserName status=SUCCESS method=EappLoginTest.verif...)</span>
                <span class="method-start">126583 ms</span>
              </div> <!-- configuration-method after -->
              <div class="test-method">
                <img src="failed.png">
                </img>
                <span class="method-name">verifyUserLoginWithoutUserName</span>
                <span class="method-start">126584 ms</span>
              </div> <!-- test-method -->
              <div class="configuration-method after">
                <span class="method-name">failureSetup([TestResult name=verifyUserLoginWithoutPasswordAndUserName status=SUCCESS method=EappLoginTest.verif...)</span>
                <span class="method-start">128059 ms</span>
              </div> <!-- configuration-method after -->
              <div class="test-method">
                <img src="failed.png">
                </img>
                <span class="method-name">verifyUserLoginWithoutUserName</span>
                <span class="method-start">128080 ms</span>
              </div> <!-- test-method -->
              <div class="configuration-method after">
                <span class="method-name">failureSetup([TestResult name=verifyUserLoginWithoutPasswordAndUserName status=SUCCESS method=EappLoginTest.verif...)</span>
                <span class="method-start">129017 ms</span>
              </div> <!-- configuration-method after -->
              <div class="test-method">
                <img src="failed.png">
                </img>
                <span class="method-name">verifyUserLoginWithoutUserName</span>
                <span class="method-start">129018 ms</span>
              </div> <!-- test-method -->
              <div class="configuration-method after">
                <span class="method-name">failureSetup([TestResult name=verifyUserLoginWithoutPasswordAndUserName status=SUCCESS method=EappLoginTest.verif...)</span>
                <span class="method-start">161639 ms</span>
              </div> <!-- configuration-method after -->
              <div class="test-method">
                <span class="method-name">verifyUserLoginWithoutUserName</span>
                <span class="method-start">161639 ms</span>
              </div> <!-- test-method -->
              <div class="configuration-method after">
                <span class="method-name">failureSetup([TestResult name=verifyUserLoginWithoutUserName status=SUCCESS method=EappLoginTest.verifyUserLoginW...)</span>
                <span class="method-start">210815 ms</span>
              </div> <!-- configuration-method after -->
              <div class="configuration-test after">
                <span class="method-name">Clean</span>
                <span class="method-start">210816 ms</span>
              </div> <!-- configuration-test after -->
              <div class="configuration-method after">
                <span class="method-name">failureSetup([TestResult name=verifyUserLoginWithoutUserName status=FAILURE method=EappLoginTest.verifyUserLoginW...)</span>
                <span class="method-start">304961 ms</span>
              </div> <!-- configuration-method after -->
              <div class="configuration-test after">
                <span class="method-name">Clean</span>
                <span class="method-start">304965 ms</span>
              </div> <!-- configuration-test after -->
              <div class="configuration-method after">
                <span class="method-name">failureSetup([TestResult name=verifyUserLoginWithoutUserName status=FAILURE method=EappLoginTest.verifyUserLoginW...)</span>
                <span class="method-start">305167 ms</span>
              </div> <!-- configuration-method after -->
              <div class="configuration-test after">
                <span class="method-name">Clean</span>
                <span class="method-start">305168 ms</span>
              </div> <!-- configuration-test after -->
              <div class="configuration-method after">
                <span class="method-name">failureSetup([TestResult name=verifyUserLoginWithoutUserName status=FAILURE method=EappLoginTest.verifyUserLoginW...)</span>
                <span class="method-start">306635 ms</span>
              </div> <!-- configuration-method after -->
              <div class="configuration-test after">
                <span class="method-name">Clean</span>
                <span class="method-start">306654 ms</span>
              </div> <!-- configuration-test after -->
              <div class="configuration-method after">
                <span class="method-name">failureSetup([TestResult name=verifyUserLoginWithoutUserName status=FAILURE method=EappLoginTest.verifyUserLoginW...)</span>
                <span class="method-start">308373 ms</span>
              </div> <!-- configuration-method after -->
              <div class="configuration-test after">
                <span class="method-name">Clean</span>
                <span class="method-start">308399 ms</span>
              </div> <!-- configuration-test after -->
              <div class="configuration-method after">
                <span class="method-name">failureSetup([TestResult name=verifyUserLoginWithoutUserName status=FAILURE method=EappLoginTest.verifyUserLoginW...)</span>
                <span class="method-start">309276 ms</span>
              </div> <!-- configuration-method after -->
              <div class="configuration-test after">
                <span class="method-name">Clean</span>
                <span class="method-start">309278 ms</span>
              </div> <!-- configuration-test after -->
          </div> <!-- main-panel-content rounded-window-bottom -->
        </div> <!-- panel -->
      </div> <!-- main-panel-root -->
    </div> <!-- wrapper -->
  </body>
<script type="text/javascript" src="testng-reports2.js"></script>
</html>
