<?xml version="1.0" encoding="UTF-8"?>
<testng-results ignored="0" total="28" passed="19" failed="5" skipped="4">
  <reporter-output>
    <line>
      <![CDATA[Browser Init and Navigate to http://eaapp.somee.com/Account/Login]]>
    </line>
    <line>
      <![CDATA[Browser Init and Navigate to http://eaapp.somee.com/Account/Login]]>
    </line>
    <line>
      <![CDATA[Browser Init and Navigate to http://eaapp.somee.com/Account/Login]]>
    </line>
    <line>
      <![CDATA[Browser Init and Navigate to http://eaapp.somee.com/Account/Login]]>
    </line>
    <line>
      <![CDATA[Browser Init and Navigate to http://eaapp.somee.com/Account/Login]]>
    </line>
    <line>
      <![CDATA[Browser Init and Navigate to http://eaapp.somee.com/Account/Login]]>
    </line>
    <line>
      <![CDATA[
Home Login Button clciked and Login Page get Open]]>
    </line>
    <line>
      <![CDATA[
Home Login Button clciked and Login Page get Open]]>
    </line>
    <line>
      <![CDATA[
Home Login Button clciked and Login Page get Open]]>
    </line>
    <line>
      <![CDATA[
Home Login Button clciked and Login Page get Open]]>
    </line>
    <line>
      <![CDATA[
Home Login Button clciked and Login Page get Open]]>
    </line>
    <line>
      <![CDATA[
Home Login Button clciked and Login Page get Open]]>
    </line>
    <line>
      <![CDATA[User Name getting input]]>
    </line>
    <line>
      <![CDATA[User Name getting input]]>
    </line>
    <line>
      <![CDATA[User Name getting input]]>
    </line>
    <line>
      <![CDATA[User Name getting input]]>
    </line>
    <line>
      <![CDATA[User Name getting input]]>
    </line>
    <line>
      <![CDATA[User Name getting input]]>
    </line>
    <line>
      <![CDATA[Password getting input]]>
    </line>
    <line>
      <![CDATA[Password getting input]]>
    </line>
    <line>
      <![CDATA[Password getting input]]>
    </line>
    <line>
      <![CDATA[Password getting input]]>
    </line>
    <line>
      <![CDATA[Password getting input]]>
    </line>
    <line>
      <![CDATA[Password getting input]]>
    </line>
    <line>
      <![CDATA[click to submit login Credential]]>
    </line>
    <line>
      <![CDATA[
Sucess!!!, Getting Error msg for Password]]>
    </line>
    <line>
      <![CDATA[Success!!!!]]>
    </line>
    <line>
      <![CDATA[click to submit login Credential]]>
    </line>
    <line>
      <![CDATA[click to submit login Credential]]>
    </line>
    <line>
      <![CDATA[click to submit login Credential]]>
    </line>
    <line>
      <![CDATA[click to submit login Credential]]>
    </line>
    <line>
      <![CDATA[
Sucess!!!, Getting Error msg for Password]]>
    </line>
    <line>
      <![CDATA[Success!!!!]]>
    </line>
    <line>
      <![CDATA[
Sucess!!!, Getting Error msg for Password]]>
    </line>
    <line>
      <![CDATA[Success!!!!]]>
    </line>
    <line>
      <![CDATA[
Sucess!!!, Getting Error msg for Password]]>
    </line>
    <line>
      <![CDATA[Success!!!!]]>
    </line>
    <line>
      <![CDATA[click to submit login Credential]]>
    </line>
    <line>
      <![CDATA[
Sucess!!!, Getting Error msg for Password]]>
    </line>
    <line>
      <![CDATA[Success!!!!]]>
    </line>
    <line>
      <![CDATA[
Sucess!!!, Getting Error msg for Password]]>
    </line>
    <line>
      <![CDATA[Success!!!!]]>
    </line>
    <line>
      <![CDATA[verifyUserLoginWithoutPassword is Executed]]>
    </line>
    <line>
      <![CDATA[Success!!!!]]>
    </line>
    <line>
      <![CDATA[verifyUserLoginWithoutPassword is Executed]]>
    </line>
    <line>
      <![CDATA[Success!!!!]]>
    </line>
    <line>
      <![CDATA[verifyUserLoginWithoutPassword is Executed]]>
    </line>
    <line>
      <![CDATA[Success!!!!]]>
    </line>
    <line>
      <![CDATA[verifyUserLoginWithoutPassword is Executed]]>
    </line>
    <line>
      <![CDATA[Success!!!!]]>
    </line>
    <line>
      <![CDATA[verifyUserLoginWithoutPassword is Executed]]>
    </line>
    <line>
      <![CDATA[Success!!!!]]>
    </line>
    <line>
      <![CDATA[verifyUserLoginWithoutPassword is Executed]]>
    </line>
    <line>
      <![CDATA[Success!!!!]]>
    </line>
    <line>
      <![CDATA[verifyUserLoginWithoutPasswordAndUserName is Executed]]>
    </line>
    <line>
      <![CDATA[Success!!!!]]>
    </line>
    <line>
      <![CDATA[verifyUserLoginWithoutPasswordAndUserName is Executed]]>
    </line>
    <line>
      <![CDATA[Success!!!!]]>
    </line>
    <line>
      <![CDATA[verifyUserLoginWithoutPasswordAndUserName is Executed]]>
    </line>
    <line>
      <![CDATA[Success!!!!]]>
    </line>
    <line>
      <![CDATA[verifyUserLoginWithoutPasswordAndUserName is Executed]]>
    </line>
    <line>
      <![CDATA[Success!!!!]]>
    </line>
    <line>
      <![CDATA[verifyUserLoginWithoutPasswordAndUserName is Executed]]>
    </line>
    <line>
      <![CDATA[Success!!!!]]>
    </line>
    <line>
      <![CDATA[verifyUserLoginWithoutPasswordAndUserName is Executed]]>
    </line>
    <line>
      <![CDATA[Success!!!!]]>
    </line>
    <line>
      <![CDATA[verifyUserLoginWithoutUserName is Executed .... AAAAAAAAA!!!!]]>
    </line>
    <line>
      <![CDATA[Success!!!!]]>
    </line>
    <line>
      <![CDATA[Failed Test case...!!!]]>
    </line>
    <line>
      <![CDATA[Failed Test case...!!!]]>
    </line>
    <line>
      <![CDATA[Failed Test case...!!!]]>
    </line>
    <line>
      <![CDATA[Failed Test case...!!!]]>
    </line>
    <line>
      <![CDATA[Failed Test case...!!!]]>
    </line>
  </reporter-output>
  <suite started-at="2023-09-21T09:00:07 IST" name="MyLoginSuite" finished-at="2023-09-21T09:05:24 IST" duration-ms="316469">
    <groups>
    </groups>
    <test started-at="2023-09-21T09:00:07 IST" name="MyLoginTestInChrome" finished-at="2023-09-21T09:03:09 IST" duration-ms="181949">
      <class name="itSutraGID.DemoOfMaven.EappLoginTest">
        <test-method is-config="true" signature="SetUp(java.lang.String,java.lang.String)[pri:0, instance:itSutraGID.DemoOfMaven.EappLoginTest@2d52216b]" started-at="2023-09-21T09:00:07 IST" name="SetUp" finished-at="2023-09-21T09:03:09 IST" duration-ms="181835" status="FAIL">
          <params>
            <param index="0">
              <value>
                <![CDATA[http://eaapp.somee.com]]>
              </value>
            </param>
            <param index="1">
              <value>
                <![CDATA[chrome]]>
              </value>
            </param>
          </params>
          <exception class="org.openqa.selenium.SessionNotCreatedException">
            <message>
              <![CDATA[Could not start a new session. Possible causes are invalid address of the remote server or browser start-up failure. 
Host info: host: 'KAVYA', ip: '192.168.1.5'
Build info: version: '4.12.1', revision: '8e34639b11'
System info: os.name: 'Windows 11', os.arch: 'amd64', os.version: '10.0', java.version: '17.0.6'
Driver info: org.openqa.selenium.remote.RemoteWebDriver
Command: [null, newSession {capabilities=[Capabilities {browserName: chrome}]}]
Capabilities {browserName: chrome}]]>
            </message>
            <full-stacktrace>
              <![CDATA[org.openqa.selenium.SessionNotCreatedException: Could not start a new session. Possible causes are invalid address of the remote server or browser start-up failure. 
Host info: host: 'KAVYA', ip: '192.168.1.5'
Build info: version: '4.12.1', revision: '8e34639b11'
System info: os.name: 'Windows 11', os.arch: 'amd64', os.version: '10.0', java.version: '17.0.6'
Driver info: org.openqa.selenium.remote.RemoteWebDriver
Command: [null, newSession {capabilities=[Capabilities {browserName: chrome}]}]
Capabilities {browserName: chrome}
at org.openqa.selenium.remote.RemoteWebDriver.execute(RemoteWebDriver.java:620)
at org.openqa.selenium.remote.RemoteWebDriver.startSession(RemoteWebDriver.java:236)
at org.openqa.selenium.remote.RemoteWebDriver.<init>(RemoteWebDriver.java:163)
at org.openqa.selenium.remote.RemoteWebDriver.<init>(RemoteWebDriver.java:143)
at itSutraGID.DemoOfMaven.EappLoginTest.SetUp(EappLoginTest.java:93)
at java.base/jdk.internal.reflect.NativeMethodAccessorImpl.invoke0(Native Method)
at java.base/jdk.internal.reflect.NativeMethodAccessorImpl.invoke(NativeMethodAccessorImpl.java:77)
at java.base/jdk.internal.reflect.DelegatingMethodAccessorImpl.invoke(DelegatingMethodAccessorImpl.java:43)
at java.base/java.lang.reflect.Method.invoke(Method.java:568)
at org.testng.internal.invokers.MethodInvocationHelper.invokeMethod(MethodInvocationHelper.java:139)
at org.testng.internal.invokers.MethodInvocationHelper.invokeMethodConsideringTimeout(MethodInvocationHelper.java:69)
at org.testng.internal.invokers.ConfigInvoker.invokeConfigurationMethod(ConfigInvoker.java:390)
at org.testng.internal.invokers.ConfigInvoker.invokeConfigurations(ConfigInvoker.java:325)
at org.testng.TestRunner.invokeTestConfigurations(TestRunner.java:663)
at org.testng.TestRunner.beforeRun(TestRunner.java:652)
at org.testng.TestRunner.run(TestRunner.java:614)
at org.testng.SuiteRunner.runTest(SuiteRunner.java:443)
at org.testng.SuiteRunner$SuiteWorker.run(SuiteRunner.java:481)
at org.testng.internal.thread.ThreadUtil.lambda$execute$0(ThreadUtil.java:58)
at java.base/java.util.concurrent.FutureTask.run(FutureTask.java:264)
at java.base/java.util.concurrent.ThreadPoolExecutor.runWorker(ThreadPoolExecutor.java:1136)
at java.base/java.util.concurrent.ThreadPoolExecutor$Worker.run(ThreadPoolExecutor.java:635)
at java.base/java.lang.Thread.run(Thread.java:833)
Caused by: java.lang.RuntimeException: NettyHttpHandler request execution error
at org.openqa.selenium.remote.http.netty.NettyHttpHandler.makeCall(NettyHttpHandler.java:76)
at org.openqa.selenium.remote.http.AddSeleniumUserAgent.lambda$apply$0(AddSeleniumUserAgent.java:42)
at org.openqa.selenium.remote.http.Filter.lambda$andFinally$1(Filter.java:55)
at org.openqa.selenium.remote.http.netty.NettyHttpHandler.execute(NettyHttpHandler.java:48)
at org.openqa.selenium.remote.http.netty.NettyClient.execute(NettyClient.java:96)
at org.openqa.selenium.remote.tracing.TracedHttpClient.execute(TracedHttpClient.java:54)
at org.openqa.selenium.remote.ProtocolHandshake.createSession(ProtocolHandshake.java:115)
at org.openqa.selenium.remote.ProtocolHandshake.createSession(ProtocolHandshake.java:96)
at org.openqa.selenium.remote.ProtocolHandshake.createSession(ProtocolHandshake.java:68)
at org.openqa.selenium.remote.HttpCommandExecutor.execute(HttpCommandExecutor.java:163)
at org.openqa.selenium.remote.TracedCommandExecutor.execute(TracedCommandExecutor.java:51)
at org.openqa.selenium.remote.RemoteWebDriver.execute(RemoteWebDriver.java:602)
... 22 more
Caused by: java.util.concurrent.ExecutionException: java.util.concurrent.TimeoutException: Request timeout to localhost/127.0.0.1:4444 after 180000 ms
at java.base/java.util.concurrent.CompletableFuture.reportGet(CompletableFuture.java:396)
at java.base/java.util.concurrent.CompletableFuture.get(CompletableFuture.java:2096)
at org.asynchttpclient.netty.NettyResponseFuture.get(NettyResponseFuture.java:206)
at org.openqa.selenium.remote.http.netty.NettyHttpHandler.makeCall(NettyHttpHandler.java:59)
... 33 more
Caused by: java.util.concurrent.TimeoutException: Request timeout to localhost/127.0.0.1:4444 after 180000 ms
at org.asynchttpclient.netty.timeout.TimeoutTimerTask.expire(TimeoutTimerTask.java:43)
at org.asynchttpclient.netty.timeout.RequestTimeoutTimerTask.run(RequestTimeoutTimerTask.java:50)
at io.netty.util.HashedWheelTimer$HashedWheelTimeout.run(HashedWheelTimer.java:715)
at io.netty.util.concurrent.ImmediateExecutor.execute(ImmediateExecutor.java:34)
at io.netty.util.HashedWheelTimer$HashedWheelTimeout.expire(HashedWheelTimer.java:703)
at io.netty.util.HashedWheelTimer$HashedWheelBucket.expireTimeouts(HashedWheelTimer.java:790)
at io.netty.util.HashedWheelTimer$Worker.run(HashedWheelTimer.java:503)
at io.netty.util.concurrent.FastThreadLocalRunnable.run(FastThreadLocalRunnable.java:30)
... 1 more
]]>
            </full-stacktrace>
          </exception> <!-- org.openqa.selenium.SessionNotCreatedException -->
          <reporter-output>
          </reporter-output>
        </test-method> <!-- SetUp -->
        <test-method signature="VerifyUserLoginAlertMsgWhenSubmitOnlyUserNameInfo()[pri:0, instance:itSutraGID.DemoOfMaven.EappLoginTest@2d52216b]" started-at="2023-09-21T09:03:09 IST" name="VerifyUserLoginAlertMsgWhenSubmitOnlyUserNameInfo" finished-at="2023-09-21T09:03:09 IST" duration-ms="2" status="SKIP">
          <exception class="org.openqa.selenium.SessionNotCreatedException">
            <message>
              <![CDATA[Could not start a new session. Possible causes are invalid address of the remote server or browser start-up failure. 
Host info: host: 'KAVYA', ip: '192.168.1.5'
Build info: version: '4.12.1', revision: '8e34639b11'
System info: os.name: 'Windows 11', os.arch: 'amd64', os.version: '10.0', java.version: '17.0.6'
Driver info: org.openqa.selenium.remote.RemoteWebDriver
Command: [null, newSession {capabilities=[Capabilities {browserName: chrome}]}]
Capabilities {browserName: chrome}]]>
            </message>
            <full-stacktrace>
              <![CDATA[org.openqa.selenium.SessionNotCreatedException: Could not start a new session. Possible causes are invalid address of the remote server or browser start-up failure. 
Host info: host: 'KAVYA', ip: '192.168.1.5'
Build info: version: '4.12.1', revision: '8e34639b11'
System info: os.name: 'Windows 11', os.arch: 'amd64', os.version: '10.0', java.version: '17.0.6'
Driver info: org.openqa.selenium.remote.RemoteWebDriver
Command: [null, newSession {capabilities=[Capabilities {browserName: chrome}]}]
Capabilities {browserName: chrome}
at org.openqa.selenium.remote.RemoteWebDriver.execute(RemoteWebDriver.java:620)
at org.openqa.selenium.remote.RemoteWebDriver.startSession(RemoteWebDriver.java:236)
at org.openqa.selenium.remote.RemoteWebDriver.<init>(RemoteWebDriver.java:163)
at org.openqa.selenium.remote.RemoteWebDriver.<init>(RemoteWebDriver.java:143)
at itSutraGID.DemoOfMaven.EappLoginTest.SetUp(EappLoginTest.java:93)
at java.base/jdk.internal.reflect.NativeMethodAccessorImpl.invoke0(Native Method)
at java.base/jdk.internal.reflect.NativeMethodAccessorImpl.invoke(NativeMethodAccessorImpl.java:77)
at java.base/jdk.internal.reflect.DelegatingMethodAccessorImpl.invoke(DelegatingMethodAccessorImpl.java:43)
at java.base/java.lang.reflect.Method.invoke(Method.java:568)
at org.testng.internal.invokers.MethodInvocationHelper.invokeMethod(MethodInvocationHelper.java:139)
at org.testng.internal.invokers.MethodInvocationHelper.invokeMethodConsideringTimeout(MethodInvocationHelper.java:69)
at org.testng.internal.invokers.ConfigInvoker.invokeConfigurationMethod(ConfigInvoker.java:390)
at org.testng.internal.invokers.ConfigInvoker.invokeConfigurations(ConfigInvoker.java:325)
at org.testng.TestRunner.invokeTestConfigurations(TestRunner.java:663)
at org.testng.TestRunner.beforeRun(TestRunner.java:652)
at org.testng.TestRunner.run(TestRunner.java:614)
at org.testng.SuiteRunner.runTest(SuiteRunner.java:443)
at org.testng.SuiteRunner$SuiteWorker.run(SuiteRunner.java:481)
at org.testng.internal.thread.ThreadUtil.lambda$execute$0(ThreadUtil.java:58)
at java.base/java.util.concurrent.FutureTask.run(FutureTask.java:264)
at java.base/java.util.concurrent.ThreadPoolExecutor.runWorker(ThreadPoolExecutor.java:1136)
at java.base/java.util.concurrent.ThreadPoolExecutor$Worker.run(ThreadPoolExecutor.java:635)
at java.base/java.lang.Thread.run(Thread.java:833)
Caused by: java.lang.RuntimeException: NettyHttpHandler request execution error
at org.openqa.selenium.remote.http.netty.NettyHttpHandler.makeCall(NettyHttpHandler.java:76)
at org.openqa.selenium.remote.http.AddSeleniumUserAgent.lambda$apply$0(AddSeleniumUserAgent.java:42)
at org.openqa.selenium.remote.http.Filter.lambda$andFinally$1(Filter.java:55)
at org.openqa.selenium.remote.http.netty.NettyHttpHandler.execute(NettyHttpHandler.java:48)
at org.openqa.selenium.remote.http.netty.NettyClient.execute(NettyClient.java:96)
at org.openqa.selenium.remote.tracing.TracedHttpClient.execute(TracedHttpClient.java:54)
at org.openqa.selenium.remote.ProtocolHandshake.createSession(ProtocolHandshake.java:115)
at org.openqa.selenium.remote.ProtocolHandshake.createSession(ProtocolHandshake.java:96)
at org.openqa.selenium.remote.ProtocolHandshake.createSession(ProtocolHandshake.java:68)
at org.openqa.selenium.remote.HttpCommandExecutor.execute(HttpCommandExecutor.java:163)
at org.openqa.selenium.remote.TracedCommandExecutor.execute(TracedCommandExecutor.java:51)
at org.openqa.selenium.remote.RemoteWebDriver.execute(RemoteWebDriver.java:602)
... 22 more
Caused by: java.util.concurrent.ExecutionException: java.util.concurrent.TimeoutException: Request timeout to localhost/127.0.0.1:4444 after 180000 ms
at java.base/java.util.concurrent.CompletableFuture.reportGet(CompletableFuture.java:396)
at java.base/java.util.concurrent.CompletableFuture.get(CompletableFuture.java:2096)
at org.asynchttpclient.netty.NettyResponseFuture.get(NettyResponseFuture.java:206)
at org.openqa.selenium.remote.http.netty.NettyHttpHandler.makeCall(NettyHttpHandler.java:59)
... 33 more
Caused by: java.util.concurrent.TimeoutException: Request timeout to localhost/127.0.0.1:4444 after 180000 ms
at org.asynchttpclient.netty.timeout.TimeoutTimerTask.expire(TimeoutTimerTask.java:43)
at org.asynchttpclient.netty.timeout.RequestTimeoutTimerTask.run(RequestTimeoutTimerTask.java:50)
at io.netty.util.HashedWheelTimer$HashedWheelTimeout.run(HashedWheelTimer.java:715)
at io.netty.util.concurrent.ImmediateExecutor.execute(ImmediateExecutor.java:34)
at io.netty.util.HashedWheelTimer$HashedWheelTimeout.expire(HashedWheelTimer.java:703)
at io.netty.util.HashedWheelTimer$HashedWheelBucket.expireTimeouts(HashedWheelTimer.java:790)
at io.netty.util.HashedWheelTimer$Worker.run(HashedWheelTimer.java:503)
at io.netty.util.concurrent.FastThreadLocalRunnable.run(FastThreadLocalRunnable.java:30)
... 1 more
]]>
            </full-stacktrace>
          </exception> <!-- org.openqa.selenium.SessionNotCreatedException -->
          <reporter-output>
          </reporter-output>
        </test-method> <!-- VerifyUserLoginAlertMsgWhenSubmitOnlyUserNameInfo -->
        <test-method is-config="true" signature="failureSetup(org.testng.ITestResult)[pri:0, instance:itSutraGID.DemoOfMaven.EappLoginTest@2d52216b]" started-at="2023-09-21T09:03:09 IST" name="failureSetup" finished-at="2023-09-21T09:03:09 IST" duration-ms="0" status="SKIP">
          <reporter-output>
          </reporter-output>
        </test-method> <!-- failureSetup -->
        <test-method signature="verifyUserLoginWithoutPassword()[pri:0, instance:itSutraGID.DemoOfMaven.EappLoginTest@2d52216b]" started-at="2023-09-21T09:03:09 IST" name="verifyUserLoginWithoutPassword" finished-at="2023-09-21T09:03:09 IST" duration-ms="0" status="SKIP">
          <exception class="org.openqa.selenium.SessionNotCreatedException">
            <message>
              <![CDATA[Could not start a new session. Possible causes are invalid address of the remote server or browser start-up failure. 
Host info: host: 'KAVYA', ip: '192.168.1.5'
Build info: version: '4.12.1', revision: '8e34639b11'
System info: os.name: 'Windows 11', os.arch: 'amd64', os.version: '10.0', java.version: '17.0.6'
Driver info: org.openqa.selenium.remote.RemoteWebDriver
Command: [null, newSession {capabilities=[Capabilities {browserName: chrome}]}]
Capabilities {browserName: chrome}]]>
            </message>
            <full-stacktrace>
              <![CDATA[org.openqa.selenium.SessionNotCreatedException: Could not start a new session. Possible causes are invalid address of the remote server or browser start-up failure. 
Host info: host: 'KAVYA', ip: '192.168.1.5'
Build info: version: '4.12.1', revision: '8e34639b11'
System info: os.name: 'Windows 11', os.arch: 'amd64', os.version: '10.0', java.version: '17.0.6'
Driver info: org.openqa.selenium.remote.RemoteWebDriver
Command: [null, newSession {capabilities=[Capabilities {browserName: chrome}]}]
Capabilities {browserName: chrome}
at org.openqa.selenium.remote.RemoteWebDriver.execute(RemoteWebDriver.java:620)
at org.openqa.selenium.remote.RemoteWebDriver.startSession(RemoteWebDriver.java:236)
at org.openqa.selenium.remote.RemoteWebDriver.<init>(RemoteWebDriver.java:163)
at org.openqa.selenium.remote.RemoteWebDriver.<init>(RemoteWebDriver.java:143)
at itSutraGID.DemoOfMaven.EappLoginTest.SetUp(EappLoginTest.java:93)
at java.base/jdk.internal.reflect.NativeMethodAccessorImpl.invoke0(Native Method)
at java.base/jdk.internal.reflect.NativeMethodAccessorImpl.invoke(NativeMethodAccessorImpl.java:77)
at java.base/jdk.internal.reflect.DelegatingMethodAccessorImpl.invoke(DelegatingMethodAccessorImpl.java:43)
at java.base/java.lang.reflect.Method.invoke(Method.java:568)
at org.testng.internal.invokers.MethodInvocationHelper.invokeMethod(MethodInvocationHelper.java:139)
at org.testng.internal.invokers.MethodInvocationHelper.invokeMethodConsideringTimeout(MethodInvocationHelper.java:69)
at org.testng.internal.invokers.ConfigInvoker.invokeConfigurationMethod(ConfigInvoker.java:390)
at org.testng.internal.invokers.ConfigInvoker.invokeConfigurations(ConfigInvoker.java:325)
at org.testng.TestRunner.invokeTestConfigurations(TestRunner.java:663)
at org.testng.TestRunner.beforeRun(TestRunner.java:652)
at org.testng.TestRunner.run(TestRunner.java:614)
at org.testng.SuiteRunner.runTest(SuiteRunner.java:443)
at org.testng.SuiteRunner$SuiteWorker.run(SuiteRunner.java:481)
at org.testng.internal.thread.ThreadUtil.lambda$execute$0(ThreadUtil.java:58)
at java.base/java.util.concurrent.FutureTask.run(FutureTask.java:264)
at java.base/java.util.concurrent.ThreadPoolExecutor.runWorker(ThreadPoolExecutor.java:1136)
at java.base/java.util.concurrent.ThreadPoolExecutor$Worker.run(ThreadPoolExecutor.java:635)
at java.base/java.lang.Thread.run(Thread.java:833)
Caused by: java.lang.RuntimeException: NettyHttpHandler request execution error
at org.openqa.selenium.remote.http.netty.NettyHttpHandler.makeCall(NettyHttpHandler.java:76)
at org.openqa.selenium.remote.http.AddSeleniumUserAgent.lambda$apply$0(AddSeleniumUserAgent.java:42)
at org.openqa.selenium.remote.http.Filter.lambda$andFinally$1(Filter.java:55)
at org.openqa.selenium.remote.http.netty.NettyHttpHandler.execute(NettyHttpHandler.java:48)
at org.openqa.selenium.remote.http.netty.NettyClient.execute(NettyClient.java:96)
at org.openqa.selenium.remote.tracing.TracedHttpClient.execute(TracedHttpClient.java:54)
at org.openqa.selenium.remote.ProtocolHandshake.createSession(ProtocolHandshake.java:115)
at org.openqa.selenium.remote.ProtocolHandshake.createSession(ProtocolHandshake.java:96)
at org.openqa.selenium.remote.ProtocolHandshake.createSession(ProtocolHandshake.java:68)
at org.openqa.selenium.remote.HttpCommandExecutor.execute(HttpCommandExecutor.java:163)
at org.openqa.selenium.remote.TracedCommandExecutor.execute(TracedCommandExecutor.java:51)
at org.openqa.selenium.remote.RemoteWebDriver.execute(RemoteWebDriver.java:602)
... 22 more
Caused by: java.util.concurrent.ExecutionException: java.util.concurrent.TimeoutException: Request timeout to localhost/127.0.0.1:4444 after 180000 ms
at java.base/java.util.concurrent.CompletableFuture.reportGet(CompletableFuture.java:396)
at java.base/java.util.concurrent.CompletableFuture.get(CompletableFuture.java:2096)
at org.asynchttpclient.netty.NettyResponseFuture.get(NettyResponseFuture.java:206)
at org.openqa.selenium.remote.http.netty.NettyHttpHandler.makeCall(NettyHttpHandler.java:59)
... 33 more
Caused by: java.util.concurrent.TimeoutException: Request timeout to localhost/127.0.0.1:4444 after 180000 ms
at org.asynchttpclient.netty.timeout.TimeoutTimerTask.expire(TimeoutTimerTask.java:43)
at org.asynchttpclient.netty.timeout.RequestTimeoutTimerTask.run(RequestTimeoutTimerTask.java:50)
at io.netty.util.HashedWheelTimer$HashedWheelTimeout.run(HashedWheelTimer.java:715)
at io.netty.util.concurrent.ImmediateExecutor.execute(ImmediateExecutor.java:34)
at io.netty.util.HashedWheelTimer$HashedWheelTimeout.expire(HashedWheelTimer.java:703)
at io.netty.util.HashedWheelTimer$HashedWheelBucket.expireTimeouts(HashedWheelTimer.java:790)
at io.netty.util.HashedWheelTimer$Worker.run(HashedWheelTimer.java:503)
at io.netty.util.concurrent.FastThreadLocalRunnable.run(FastThreadLocalRunnable.java:30)
... 1 more
]]>
            </full-stacktrace>
          </exception> <!-- org.openqa.selenium.SessionNotCreatedException -->
          <reporter-output>
          </reporter-output>
        </test-method> <!-- verifyUserLoginWithoutPassword -->
        <test-method is-config="true" signature="failureSetup(org.testng.ITestResult)[pri:0, instance:itSutraGID.DemoOfMaven.EappLoginTest@2d52216b]" started-at="2023-09-21T09:03:09 IST" name="failureSetup" finished-at="2023-09-21T09:03:09 IST" duration-ms="0" status="SKIP">
          <reporter-output>
          </reporter-output>
        </test-method> <!-- failureSetup -->
        <test-method signature="verifyUserLoginWithoutPasswordAndUserName()[pri:0, instance:itSutraGID.DemoOfMaven.EappLoginTest@2d52216b]" started-at="2023-09-21T09:03:09 IST" name="verifyUserLoginWithoutPasswordAndUserName" finished-at="2023-09-21T09:03:09 IST" duration-ms="0" status="SKIP">
          <exception class="org.openqa.selenium.SessionNotCreatedException">
            <message>
              <![CDATA[Could not start a new session. Possible causes are invalid address of the remote server or browser start-up failure. 
Host info: host: 'KAVYA', ip: '192.168.1.5'
Build info: version: '4.12.1', revision: '8e34639b11'
System info: os.name: 'Windows 11', os.arch: 'amd64', os.version: '10.0', java.version: '17.0.6'
Driver info: org.openqa.selenium.remote.RemoteWebDriver
Command: [null, newSession {capabilities=[Capabilities {browserName: chrome}]}]
Capabilities {browserName: chrome}]]>
            </message>
            <full-stacktrace>
              <![CDATA[org.openqa.selenium.SessionNotCreatedException: Could not start a new session. Possible causes are invalid address of the remote server or browser start-up failure. 
Host info: host: 'KAVYA', ip: '192.168.1.5'
Build info: version: '4.12.1', revision: '8e34639b11'
System info: os.name: 'Windows 11', os.arch: 'amd64', os.version: '10.0', java.version: '17.0.6'
Driver info: org.openqa.selenium.remote.RemoteWebDriver
Command: [null, newSession {capabilities=[Capabilities {browserName: chrome}]}]
Capabilities {browserName: chrome}
at org.openqa.selenium.remote.RemoteWebDriver.execute(RemoteWebDriver.java:620)
at org.openqa.selenium.remote.RemoteWebDriver.startSession(RemoteWebDriver.java:236)
at org.openqa.selenium.remote.RemoteWebDriver.<init>(RemoteWebDriver.java:163)
at org.openqa.selenium.remote.RemoteWebDriver.<init>(RemoteWebDriver.java:143)
at itSutraGID.DemoOfMaven.EappLoginTest.SetUp(EappLoginTest.java:93)
at java.base/jdk.internal.reflect.NativeMethodAccessorImpl.invoke0(Native Method)
at java.base/jdk.internal.reflect.NativeMethodAccessorImpl.invoke(NativeMethodAccessorImpl.java:77)
at java.base/jdk.internal.reflect.DelegatingMethodAccessorImpl.invoke(DelegatingMethodAccessorImpl.java:43)
at java.base/java.lang.reflect.Method.invoke(Method.java:568)
at org.testng.internal.invokers.MethodInvocationHelper.invokeMethod(MethodInvocationHelper.java:139)
at org.testng.internal.invokers.MethodInvocationHelper.invokeMethodConsideringTimeout(MethodInvocationHelper.java:69)
at org.testng.internal.invokers.ConfigInvoker.invokeConfigurationMethod(ConfigInvoker.java:390)
at org.testng.internal.invokers.ConfigInvoker.invokeConfigurations(ConfigInvoker.java:325)
at org.testng.TestRunner.invokeTestConfigurations(TestRunner.java:663)
at org.testng.TestRunner.beforeRun(TestRunner.java:652)
at org.testng.TestRunner.run(TestRunner.java:614)
at org.testng.SuiteRunner.runTest(SuiteRunner.java:443)
at org.testng.SuiteRunner$SuiteWorker.run(SuiteRunner.java:481)
at org.testng.internal.thread.ThreadUtil.lambda$execute$0(ThreadUtil.java:58)
at java.base/java.util.concurrent.FutureTask.run(FutureTask.java:264)
at java.base/java.util.concurrent.ThreadPoolExecutor.runWorker(ThreadPoolExecutor.java:1136)
at java.base/java.util.concurrent.ThreadPoolExecutor$Worker.run(ThreadPoolExecutor.java:635)
at java.base/java.lang.Thread.run(Thread.java:833)
Caused by: java.lang.RuntimeException: NettyHttpHandler request execution error
at org.openqa.selenium.remote.http.netty.NettyHttpHandler.makeCall(NettyHttpHandler.java:76)
at org.openqa.selenium.remote.http.AddSeleniumUserAgent.lambda$apply$0(AddSeleniumUserAgent.java:42)
at org.openqa.selenium.remote.http.Filter.lambda$andFinally$1(Filter.java:55)
at org.openqa.selenium.remote.http.netty.NettyHttpHandler.execute(NettyHttpHandler.java:48)
at org.openqa.selenium.remote.http.netty.NettyClient.execute(NettyClient.java:96)
at org.openqa.selenium.remote.tracing.TracedHttpClient.execute(TracedHttpClient.java:54)
at org.openqa.selenium.remote.ProtocolHandshake.createSession(ProtocolHandshake.java:115)
at org.openqa.selenium.remote.ProtocolHandshake.createSession(ProtocolHandshake.java:96)
at org.openqa.selenium.remote.ProtocolHandshake.createSession(ProtocolHandshake.java:68)
at org.openqa.selenium.remote.HttpCommandExecutor.execute(HttpCommandExecutor.java:163)
at org.openqa.selenium.remote.TracedCommandExecutor.execute(TracedCommandExecutor.java:51)
at org.openqa.selenium.remote.RemoteWebDriver.execute(RemoteWebDriver.java:602)
... 22 more
Caused by: java.util.concurrent.ExecutionException: java.util.concurrent.TimeoutException: Request timeout to localhost/127.0.0.1:4444 after 180000 ms
at java.base/java.util.concurrent.CompletableFuture.reportGet(CompletableFuture.java:396)
at java.base/java.util.concurrent.CompletableFuture.get(CompletableFuture.java:2096)
at org.asynchttpclient.netty.NettyResponseFuture.get(NettyResponseFuture.java:206)
at org.openqa.selenium.remote.http.netty.NettyHttpHandler.makeCall(NettyHttpHandler.java:59)
... 33 more
Caused by: java.util.concurrent.TimeoutException: Request timeout to localhost/127.0.0.1:4444 after 180000 ms
at org.asynchttpclient.netty.timeout.TimeoutTimerTask.expire(TimeoutTimerTask.java:43)
at org.asynchttpclient.netty.timeout.RequestTimeoutTimerTask.run(RequestTimeoutTimerTask.java:50)
at io.netty.util.HashedWheelTimer$HashedWheelTimeout.run(HashedWheelTimer.java:715)
at io.netty.util.concurrent.ImmediateExecutor.execute(ImmediateExecutor.java:34)
at io.netty.util.HashedWheelTimer$HashedWheelTimeout.expire(HashedWheelTimer.java:703)
at io.netty.util.HashedWheelTimer$HashedWheelBucket.expireTimeouts(HashedWheelTimer.java:790)
at io.netty.util.HashedWheelTimer$Worker.run(HashedWheelTimer.java:503)
at io.netty.util.concurrent.FastThreadLocalRunnable.run(FastThreadLocalRunnable.java:30)
... 1 more
]]>
            </full-stacktrace>
          </exception> <!-- org.openqa.selenium.SessionNotCreatedException -->
          <reporter-output>
          </reporter-output>
        </test-method> <!-- verifyUserLoginWithoutPasswordAndUserName -->
        <test-method signature="verifyUserLoginWithoutUserName()[pri:0, instance:itSutraGID.DemoOfMaven.EappLoginTest@2d52216b]" started-at="2023-09-21T09:03:09 IST" name="verifyUserLoginWithoutUserName" finished-at="2023-09-21T09:03:09 IST" duration-ms="0" status="SKIP">
          <exception class="org.openqa.selenium.SessionNotCreatedException">
            <message>
              <![CDATA[Could not start a new session. Possible causes are invalid address of the remote server or browser start-up failure. 
Host info: host: 'KAVYA', ip: '192.168.1.5'
Build info: version: '4.12.1', revision: '8e34639b11'
System info: os.name: 'Windows 11', os.arch: 'amd64', os.version: '10.0', java.version: '17.0.6'
Driver info: org.openqa.selenium.remote.RemoteWebDriver
Command: [null, newSession {capabilities=[Capabilities {browserName: chrome}]}]
Capabilities {browserName: chrome}]]>
            </message>
            <full-stacktrace>
              <![CDATA[org.openqa.selenium.SessionNotCreatedException: Could not start a new session. Possible causes are invalid address of the remote server or browser start-up failure. 
Host info: host: 'KAVYA', ip: '192.168.1.5'
Build info: version: '4.12.1', revision: '8e34639b11'
System info: os.name: 'Windows 11', os.arch: 'amd64', os.version: '10.0', java.version: '17.0.6'
Driver info: org.openqa.selenium.remote.RemoteWebDriver
Command: [null, newSession {capabilities=[Capabilities {browserName: chrome}]}]
Capabilities {browserName: chrome}
at org.openqa.selenium.remote.RemoteWebDriver.execute(RemoteWebDriver.java:620)
at org.openqa.selenium.remote.RemoteWebDriver.startSession(RemoteWebDriver.java:236)
at org.openqa.selenium.remote.RemoteWebDriver.<init>(RemoteWebDriver.java:163)
at org.openqa.selenium.remote.RemoteWebDriver.<init>(RemoteWebDriver.java:143)
at itSutraGID.DemoOfMaven.EappLoginTest.SetUp(EappLoginTest.java:93)
at java.base/jdk.internal.reflect.NativeMethodAccessorImpl.invoke0(Native Method)
at java.base/jdk.internal.reflect.NativeMethodAccessorImpl.invoke(NativeMethodAccessorImpl.java:77)
at java.base/jdk.internal.reflect.DelegatingMethodAccessorImpl.invoke(DelegatingMethodAccessorImpl.java:43)
at java.base/java.lang.reflect.Method.invoke(Method.java:568)
at org.testng.internal.invokers.MethodInvocationHelper.invokeMethod(MethodInvocationHelper.java:139)
at org.testng.internal.invokers.MethodInvocationHelper.invokeMethodConsideringTimeout(MethodInvocationHelper.java:69)
at org.testng.internal.invokers.ConfigInvoker.invokeConfigurationMethod(ConfigInvoker.java:390)
at org.testng.internal.invokers.ConfigInvoker.invokeConfigurations(ConfigInvoker.java:325)
at org.testng.TestRunner.invokeTestConfigurations(TestRunner.java:663)
at org.testng.TestRunner.beforeRun(TestRunner.java:652)
at org.testng.TestRunner.run(TestRunner.java:614)
at org.testng.SuiteRunner.runTest(SuiteRunner.java:443)
at org.testng.SuiteRunner$SuiteWorker.run(SuiteRunner.java:481)
at org.testng.internal.thread.ThreadUtil.lambda$execute$0(ThreadUtil.java:58)
at java.base/java.util.concurrent.FutureTask.run(FutureTask.java:264)
at java.base/java.util.concurrent.ThreadPoolExecutor.runWorker(ThreadPoolExecutor.java:1136)
at java.base/java.util.concurrent.ThreadPoolExecutor$Worker.run(ThreadPoolExecutor.java:635)
at java.base/java.lang.Thread.run(Thread.java:833)
Caused by: java.lang.RuntimeException: NettyHttpHandler request execution error
at org.openqa.selenium.remote.http.netty.NettyHttpHandler.makeCall(NettyHttpHandler.java:76)
at org.openqa.selenium.remote.http.AddSeleniumUserAgent.lambda$apply$0(AddSeleniumUserAgent.java:42)
at org.openqa.selenium.remote.http.Filter.lambda$andFinally$1(Filter.java:55)
at org.openqa.selenium.remote.http.netty.NettyHttpHandler.execute(NettyHttpHandler.java:48)
at org.openqa.selenium.remote.http.netty.NettyClient.execute(NettyClient.java:96)
at org.openqa.selenium.remote.tracing.TracedHttpClient.execute(TracedHttpClient.java:54)
at org.openqa.selenium.remote.ProtocolHandshake.createSession(ProtocolHandshake.java:115)
at org.openqa.selenium.remote.ProtocolHandshake.createSession(ProtocolHandshake.java:96)
at org.openqa.selenium.remote.ProtocolHandshake.createSession(ProtocolHandshake.java:68)
at org.openqa.selenium.remote.HttpCommandExecutor.execute(HttpCommandExecutor.java:163)
at org.openqa.selenium.remote.TracedCommandExecutor.execute(TracedCommandExecutor.java:51)
at org.openqa.selenium.remote.RemoteWebDriver.execute(RemoteWebDriver.java:602)
... 22 more
Caused by: java.util.concurrent.ExecutionException: java.util.concurrent.TimeoutException: Request timeout to localhost/127.0.0.1:4444 after 180000 ms
at java.base/java.util.concurrent.CompletableFuture.reportGet(CompletableFuture.java:396)
at java.base/java.util.concurrent.CompletableFuture.get(CompletableFuture.java:2096)
at org.asynchttpclient.netty.NettyResponseFuture.get(NettyResponseFuture.java:206)
at org.openqa.selenium.remote.http.netty.NettyHttpHandler.makeCall(NettyHttpHandler.java:59)
... 33 more
Caused by: java.util.concurrent.TimeoutException: Request timeout to localhost/127.0.0.1:4444 after 180000 ms
at org.asynchttpclient.netty.timeout.TimeoutTimerTask.expire(TimeoutTimerTask.java:43)
at org.asynchttpclient.netty.timeout.RequestTimeoutTimerTask.run(RequestTimeoutTimerTask.java:50)
at io.netty.util.HashedWheelTimer$HashedWheelTimeout.run(HashedWheelTimer.java:715)
at io.netty.util.concurrent.ImmediateExecutor.execute(ImmediateExecutor.java:34)
at io.netty.util.HashedWheelTimer$HashedWheelTimeout.expire(HashedWheelTimer.java:703)
at io.netty.util.HashedWheelTimer$HashedWheelBucket.expireTimeouts(HashedWheelTimer.java:790)
at io.netty.util.HashedWheelTimer$Worker.run(HashedWheelTimer.java:503)
at io.netty.util.concurrent.FastThreadLocalRunnable.run(FastThreadLocalRunnable.java:30)
... 1 more
]]>
            </full-stacktrace>
          </exception> <!-- org.openqa.selenium.SessionNotCreatedException -->
          <reporter-output>
          </reporter-output>
        </test-method> <!-- verifyUserLoginWithoutUserName -->
        <test-method is-config="true" signature="failureSetup(org.testng.ITestResult)[pri:0, instance:itSutraGID.DemoOfMaven.EappLoginTest@2d52216b]" started-at="2023-09-21T09:03:09 IST" name="failureSetup" finished-at="2023-09-21T09:03:09 IST" duration-ms="0" status="SKIP">
          <reporter-output>
          </reporter-output>
        </test-method> <!-- failureSetup -->
        <test-method is-config="true" signature="failureSetup(org.testng.ITestResult)[pri:0, instance:itSutraGID.DemoOfMaven.EappLoginTest@2d52216b]" started-at="2023-09-21T09:03:09 IST" name="failureSetup" finished-at="2023-09-21T09:03:09 IST" duration-ms="0" status="SKIP">
          <reporter-output>
          </reporter-output>
        </test-method> <!-- failureSetup -->
        <test-method is-config="true" signature="Clean()[pri:0, instance:itSutraGID.DemoOfMaven.EappLoginTest@2d52216b]" started-at="2023-09-21T09:03:09 IST" name="Clean" finished-at="2023-09-21T09:03:09 IST" duration-ms="0" status="SKIP">
          <reporter-output>
          </reporter-output>
        </test-method> <!-- Clean -->
      </class> <!-- itSutraGID.DemoOfMaven.EappLoginTest -->
    </test> <!-- MyLoginTestInChrome -->
    <test started-at="2023-09-21T09:00:07 IST" name="MyLoginTestInChrome7" finished-at="2023-09-21T09:03:40 IST" duration-ms="212240">
      <class name="itSutraGID.DemoOfMaven.EappLoginTest">
        <test-method is-config="true" signature="SetUp(java.lang.String,java.lang.String)[pri:0, instance:itSutraGID.DemoOfMaven.EappLoginTest@2e8c1c9b]" started-at="2023-09-21T09:00:07 IST" name="SetUp" finished-at="2023-09-21T09:00:48 IST" duration-ms="41185" status="PASS">
          <params>
            <param index="0">
              <value>
                <![CDATA[http://eaapp.somee.com]]>
              </value>
            </param>
            <param index="1">
              <value>
                <![CDATA[chrome]]>
              </value>
            </param>
          </params>
          <reporter-output>
            <line>
              <![CDATA[Browser Init and Navigate to http://eaapp.somee.com/Account/Login]]>
            </line>
          </reporter-output>
        </test-method> <!-- SetUp -->
        <test-method signature="VerifyUserLoginAlertMsgWhenSubmitOnlyUserNameInfo()[pri:0, instance:itSutraGID.DemoOfMaven.EappLoginTest@2e8c1c9b]" started-at="2023-09-21T09:00:48 IST" name="VerifyUserLoginAlertMsgWhenSubmitOnlyUserNameInfo" finished-at="2023-09-21T09:01:17 IST" duration-ms="28711" status="PASS">
          <reporter-output>
            <line>
              <![CDATA[
Home Login Button clciked and Login Page get Open]]>
            </line>
            <line>
              <![CDATA[User Name getting input]]>
            </line>
            <line>
              <![CDATA[Password getting input]]>
            </line>
            <line>
              <![CDATA[click to submit login Credential]]>
            </line>
            <line>
              <![CDATA[
Sucess!!!, Getting Error msg for Password]]>
            </line>
            <line>
              <![CDATA[Success!!!!]]>
            </line>
          </reporter-output>
        </test-method> <!-- VerifyUserLoginAlertMsgWhenSubmitOnlyUserNameInfo -->
        <test-method is-config="true" signature="failureSetup(org.testng.ITestResult)[pri:0, instance:itSutraGID.DemoOfMaven.EappLoginTest@2e8c1c9b]" started-at="2023-09-21T09:01:17 IST" name="failureSetup" finished-at="2023-09-21T09:01:17 IST" duration-ms="0" status="PASS">
          <params>
            <param index="0">
              <value>
                <![CDATA[[TestResult name=VerifyUserLoginAlertMsgWhenSubmitOnlyUserNameInfo status=SUCCESS method=EappLoginTest.VerifyUserLoginAlertMsgWhenSubmitOnlyUserNameInfo()[pri:0, instance:itSutraGID.DemoOfMaven.EappLoginTest@2e8c1c9b] output=
Home Login Button clciked and Login Page get Open]]]>
              </value>
            </param>
          </params>
          <reporter-output>
          </reporter-output>
        </test-method> <!-- failureSetup -->
        <test-method signature="verifyUserLoginWithoutPassword()[pri:0, instance:itSutraGID.DemoOfMaven.EappLoginTest@2e8c1c9b]" started-at="2023-09-21T09:01:17 IST" name="verifyUserLoginWithoutPassword" finished-at="2023-09-21T09:01:43 IST" duration-ms="25392" status="PASS">
          <reporter-output>
            <line>
              <![CDATA[verifyUserLoginWithoutPassword is Executed]]>
            </line>
            <line>
              <![CDATA[Success!!!!]]>
            </line>
          </reporter-output>
        </test-method> <!-- verifyUserLoginWithoutPassword -->
        <test-method is-config="true" signature="failureSetup(org.testng.ITestResult)[pri:0, instance:itSutraGID.DemoOfMaven.EappLoginTest@2e8c1c9b]" started-at="2023-09-21T09:01:43 IST" name="failureSetup" finished-at="2023-09-21T09:01:43 IST" duration-ms="2" status="PASS">
          <params>
            <param index="0">
              <value>
                <![CDATA[[TestResult name=verifyUserLoginWithoutPassword status=SUCCESS method=EappLoginTest.verifyUserLoginWithoutPassword()[pri:0, instance:itSutraGID.DemoOfMaven.EappLoginTest@2e8c1c9b] output=verifyUserLoginWithoutPassword is Executed]]]>
              </value>
            </param>
          </params>
          <reporter-output>
          </reporter-output>
        </test-method> <!-- failureSetup -->
        <test-method signature="verifyUserLoginWithoutPasswordAndUserName()[pri:0, instance:itSutraGID.DemoOfMaven.EappLoginTest@2e8c1c9b]" started-at="2023-09-21T09:01:43 IST" name="verifyUserLoginWithoutPasswordAndUserName" finished-at="2023-09-21T09:02:49 IST" duration-ms="66302" status="PASS">
          <reporter-output>
            <line>
              <![CDATA[verifyUserLoginWithoutPasswordAndUserName is Executed]]>
            </line>
            <line>
              <![CDATA[Success!!!!]]>
            </line>
          </reporter-output>
        </test-method> <!-- verifyUserLoginWithoutPasswordAndUserName -->
        <test-method signature="verifyUserLoginWithoutUserName()[pri:0, instance:itSutraGID.DemoOfMaven.EappLoginTest@2e8c1c9b]" started-at="2023-09-21T09:02:49 IST" name="verifyUserLoginWithoutUserName" finished-at="2023-09-21T09:03:38 IST" duration-ms="49173" status="PASS">
          <reporter-output>
            <line>
              <![CDATA[verifyUserLoginWithoutUserName is Executed .... AAAAAAAAA!!!!]]>
            </line>
            <line>
              <![CDATA[Success!!!!]]>
            </line>
          </reporter-output>
        </test-method> <!-- verifyUserLoginWithoutUserName -->
        <test-method is-config="true" signature="failureSetup(org.testng.ITestResult)[pri:0, instance:itSutraGID.DemoOfMaven.EappLoginTest@2e8c1c9b]" started-at="2023-09-21T09:02:49 IST" name="failureSetup" finished-at="2023-09-21T09:02:49 IST" duration-ms="0" status="PASS">
          <params>
            <param index="0">
              <value>
                <![CDATA[[TestResult name=verifyUserLoginWithoutPasswordAndUserName status=SUCCESS method=EappLoginTest.verifyUserLoginWithoutPasswordAndUserName()[pri:0, instance:itSutraGID.DemoOfMaven.EappLoginTest@2e8c1c9b] output=verifyUserLoginWithoutPasswordAndUserName is Executed]]]>
              </value>
            </param>
          </params>
          <reporter-output>
          </reporter-output>
        </test-method> <!-- failureSetup -->
        <test-method is-config="true" signature="failureSetup(org.testng.ITestResult)[pri:0, instance:itSutraGID.DemoOfMaven.EappLoginTest@2e8c1c9b]" started-at="2023-09-21T09:03:38 IST" name="failureSetup" finished-at="2023-09-21T09:03:38 IST" duration-ms="1" status="PASS">
          <params>
            <param index="0">
              <value>
                <![CDATA[[TestResult name=verifyUserLoginWithoutUserName status=SUCCESS method=EappLoginTest.verifyUserLoginWithoutUserName()[pri:0, instance:itSutraGID.DemoOfMaven.EappLoginTest@2e8c1c9b] output=verifyUserLoginWithoutUserName is Executed .... AAAAAAAAA!!!!]]]>
              </value>
            </param>
          </params>
          <reporter-output>
          </reporter-output>
        </test-method> <!-- failureSetup -->
        <test-method is-config="true" signature="Clean()[pri:0, instance:itSutraGID.DemoOfMaven.EappLoginTest@2e8c1c9b]" started-at="2023-09-21T09:03:38 IST" name="Clean" finished-at="2023-09-21T09:03:40 IST" duration-ms="1467" status="PASS">
          <reporter-output>
          </reporter-output>
        </test-method> <!-- Clean -->
      </class> <!-- itSutraGID.DemoOfMaven.EappLoginTest -->
    </test> <!-- MyLoginTestInChrome7 -->
    <test started-at="2023-09-21T09:00:07 IST" name="MyLoginTestInChrome4" finished-at="2023-09-21T09:05:21 IST" duration-ms="313269">
      <class name="itSutraGID.DemoOfMaven.EappLoginTest">
        <test-method is-config="true" signature="SetUp(java.lang.String,java.lang.String)[pri:0, instance:itSutraGID.DemoOfMaven.EappLoginTest@6d4d66d2]" started-at="2023-09-21T09:00:07 IST" name="SetUp" finished-at="2023-09-21T09:00:49 IST" duration-ms="42042" status="PASS">
          <params>
            <param index="0">
              <value>
                <![CDATA[http://eaapp.somee.com]]>
              </value>
            </param>
            <param index="1">
              <value>
                <![CDATA[chrome]]>
              </value>
            </param>
          </params>
          <reporter-output>
            <line>
              <![CDATA[Browser Init and Navigate to http://eaapp.somee.com/Account/Login]]>
            </line>
          </reporter-output>
        </test-method> <!-- SetUp -->
        <test-method signature="VerifyUserLoginAlertMsgWhenSubmitOnlyUserNameInfo()[pri:0, instance:itSutraGID.DemoOfMaven.EappLoginTest@6d4d66d2]" started-at="2023-09-21T09:00:49 IST" name="VerifyUserLoginAlertMsgWhenSubmitOnlyUserNameInfo" finished-at="2023-09-21T09:01:15 IST" duration-ms="25887" status="PASS">
          <reporter-output>
            <line>
              <![CDATA[
Home Login Button clciked and Login Page get Open]]>
            </line>
            <line>
              <![CDATA[User Name getting input]]>
            </line>
            <line>
              <![CDATA[Password getting input]]>
            </line>
            <line>
              <![CDATA[click to submit login Credential]]>
            </line>
            <line>
              <![CDATA[
Sucess!!!, Getting Error msg for Password]]>
            </line>
            <line>
              <![CDATA[Success!!!!]]>
            </line>
          </reporter-output>
        </test-method> <!-- VerifyUserLoginAlertMsgWhenSubmitOnlyUserNameInfo -->
        <test-method is-config="true" signature="failureSetup(org.testng.ITestResult)[pri:0, instance:itSutraGID.DemoOfMaven.EappLoginTest@6d4d66d2]" started-at="2023-09-21T09:01:15 IST" name="failureSetup" finished-at="2023-09-21T09:01:15 IST" duration-ms="0" status="PASS">
          <params>
            <param index="0">
              <value>
                <![CDATA[[TestResult name=VerifyUserLoginAlertMsgWhenSubmitOnlyUserNameInfo status=SUCCESS method=EappLoginTest.VerifyUserLoginAlertMsgWhenSubmitOnlyUserNameInfo()[pri:0, instance:itSutraGID.DemoOfMaven.EappLoginTest@6d4d66d2] output=
Home Login Button clciked and Login Page get Open]]]>
              </value>
            </param>
          </params>
          <reporter-output>
          </reporter-output>
        </test-method> <!-- failureSetup -->
        <test-method signature="verifyUserLoginWithoutPassword()[pri:0, instance:itSutraGID.DemoOfMaven.EappLoginTest@6d4d66d2]" started-at="2023-09-21T09:01:15 IST" name="verifyUserLoginWithoutPassword" finished-at="2023-09-21T09:01:43 IST" duration-ms="27886" status="PASS">
          <reporter-output>
            <line>
              <![CDATA[verifyUserLoginWithoutPassword is Executed]]>
            </line>
            <line>
              <![CDATA[Success!!!!]]>
            </line>
          </reporter-output>
        </test-method> <!-- verifyUserLoginWithoutPassword -->
        <test-method is-config="true" signature="failureSetup(org.testng.ITestResult)[pri:0, instance:itSutraGID.DemoOfMaven.EappLoginTest@6d4d66d2]" started-at="2023-09-21T09:01:43 IST" name="failureSetup" finished-at="2023-09-21T09:01:43 IST" duration-ms="1" status="PASS">
          <params>
            <param index="0">
              <value>
                <![CDATA[[TestResult name=verifyUserLoginWithoutPassword status=SUCCESS method=EappLoginTest.verifyUserLoginWithoutPassword()[pri:0, instance:itSutraGID.DemoOfMaven.EappLoginTest@6d4d66d2] output=verifyUserLoginWithoutPassword is Executed]]]>
              </value>
            </param>
          </params>
          <reporter-output>
          </reporter-output>
        </test-method> <!-- failureSetup -->
        <test-method signature="verifyUserLoginWithoutPasswordAndUserName()[pri:0, instance:itSutraGID.DemoOfMaven.EappLoginTest@6d4d66d2]" started-at="2023-09-21T09:01:43 IST" name="verifyUserLoginWithoutPasswordAndUserName" finished-at="2023-09-21T09:02:12 IST" duration-ms="29055" status="PASS">
          <reporter-output>
            <line>
              <![CDATA[verifyUserLoginWithoutPasswordAndUserName is Executed]]>
            </line>
            <line>
              <![CDATA[Success!!!!]]>
            </line>
          </reporter-output>
        </test-method> <!-- verifyUserLoginWithoutPasswordAndUserName -->
        <test-method is-config="true" signature="failureSetup(org.testng.ITestResult)[pri:0, instance:itSutraGID.DemoOfMaven.EappLoginTest@6d4d66d2]" started-at="2023-09-21T09:02:12 IST" name="failureSetup" finished-at="2023-09-21T09:02:12 IST" duration-ms="2" status="PASS">
          <params>
            <param index="0">
              <value>
                <![CDATA[[TestResult name=verifyUserLoginWithoutPasswordAndUserName status=SUCCESS method=EappLoginTest.verifyUserLoginWithoutPasswordAndUserName()[pri:0, instance:itSutraGID.DemoOfMaven.EappLoginTest@6d4d66d2] output=verifyUserLoginWithoutPasswordAndUserName is Executed]]]>
              </value>
            </param>
          </params>
          <reporter-output>
          </reporter-output>
        </test-method> <!-- failureSetup -->
        <test-method signature="verifyUserLoginWithoutUserName()[pri:0, instance:itSutraGID.DemoOfMaven.EappLoginTest@6d4d66d2]" started-at="2023-09-21T09:02:12 IST" name="verifyUserLoginWithoutUserName" finished-at="2023-09-21T09:05:12 IST" duration-ms="180035" status="FAIL">
          <exception class="org.openqa.selenium.TimeoutException">
            <message>
              <![CDATA[java.util.concurrent.TimeoutException
Build info: version: '4.12.1', revision: '8e34639b11'
System info: os.name: 'Windows 11', os.arch: 'amd64', os.version: '10.0', java.version: '17.0.6'
Driver info: org.openqa.selenium.remote.RemoteWebDriver
Command: [4bb236ba9a6c10d6c5677aae8d1f7e74, get {url=https://www.google.com}]
Capabilities {acceptInsecureCerts: false, browserName: chrome, browserVersion: 117.0.5938.88, chrome: {chromedriverVersion: 117.0.5938.88 (be6afae47212..., userDataDir: /tmp/.org.chromium.Chromium...}, fedcm:accounts: true, goog:chromeOptions: {debuggerAddress: localhost:42021}, networkConnectionEnabled: false, pageLoadStrategy: normal, platformName: linux, proxy: Proxy(), se:bidiEnabled: false, se:cdp: ws://172.23.0.5:4444/sessio..., se:cdpVersion: 117.0.5938.88, se:vnc: ws://172.23.0.5:4444/sessio..., se:vncEnabled: true, se:vncLocalAddress: ws://172.23.0.5:7900, setWindowRect: true, strictFileInteractability: false, timeouts: {implicit: 0, pageLoad: 300000, script: 30000}, unhandledPromptBehavior: dismiss and notify, webauthn:extension:credBlob: true, webauthn:extension:largeBlob: true, webauthn:extension:minPinLength: true, webauthn:extension:prf: true, webauthn:virtualAuthenticators: true}
Session ID: 4bb236ba9a6c10d6c5677aae8d1f7e74]]>
            </message>
            <full-stacktrace>
              <![CDATA[org.openqa.selenium.TimeoutException: java.util.concurrent.TimeoutException
Build info: version: '4.12.1', revision: '8e34639b11'
System info: os.name: 'Windows 11', os.arch: 'amd64', os.version: '10.0', java.version: '17.0.6'
Driver info: org.openqa.selenium.remote.RemoteWebDriver
Command: [4bb236ba9a6c10d6c5677aae8d1f7e74, get {url=https://www.google.com}]
Capabilities {acceptInsecureCerts: false, browserName: chrome, browserVersion: 117.0.5938.88, chrome: {chromedriverVersion: 117.0.5938.88 (be6afae47212..., userDataDir: /tmp/.org.chromium.Chromium...}, fedcm:accounts: true, goog:chromeOptions: {debuggerAddress: localhost:42021}, networkConnectionEnabled: false, pageLoadStrategy: normal, platformName: linux, proxy: Proxy(), se:bidiEnabled: false, se:cdp: ws://172.23.0.5:4444/sessio..., se:cdpVersion: 117.0.5938.88, se:vnc: ws://172.23.0.5:4444/sessio..., se:vncEnabled: true, se:vncLocalAddress: ws://172.23.0.5:7900, setWindowRect: true, strictFileInteractability: false, timeouts: {implicit: 0, pageLoad: 300000, script: 30000}, unhandledPromptBehavior: dismiss and notify, webauthn:extension:credBlob: true, webauthn:extension:largeBlob: true, webauthn:extension:minPinLength: true, webauthn:extension:prf: true, webauthn:virtualAuthenticators: true}
Session ID: 4bb236ba9a6c10d6c5677aae8d1f7e74
at org.openqa.selenium.remote.http.netty.NettyHttpHandler.makeCall(NettyHttpHandler.java:65)
at org.openqa.selenium.remote.http.AddSeleniumUserAgent.lambda$apply$0(AddSeleniumUserAgent.java:42)
at org.openqa.selenium.remote.http.Filter.lambda$andFinally$1(Filter.java:55)
at org.openqa.selenium.remote.http.netty.NettyHttpHandler.execute(NettyHttpHandler.java:48)
at org.openqa.selenium.remote.http.netty.NettyClient.execute(NettyClient.java:96)
at org.openqa.selenium.remote.tracing.TracedHttpClient.execute(TracedHttpClient.java:54)
at org.openqa.selenium.remote.HttpCommandExecutor.execute(HttpCommandExecutor.java:188)
at org.openqa.selenium.remote.TracedCommandExecutor.execute(TracedCommandExecutor.java:51)
at org.openqa.selenium.remote.RemoteWebDriver.execute(RemoteWebDriver.java:602)
at org.openqa.selenium.remote.RemoteWebDriver.get(RemoteWebDriver.java:304)
at itSutraGID.DemoOfMaven.EappLoginTest.verifyUserLoginWithoutUserName(EappLoginTest.java:58)
at java.base/jdk.internal.reflect.NativeMethodAccessorImpl.invoke0(Native Method)
at java.base/jdk.internal.reflect.NativeMethodAccessorImpl.invoke(NativeMethodAccessorImpl.java:77)
at java.base/jdk.internal.reflect.DelegatingMethodAccessorImpl.invoke(DelegatingMethodAccessorImpl.java:43)
at java.base/java.lang.reflect.Method.invoke(Method.java:568)
at org.testng.internal.invokers.MethodInvocationHelper.invokeMethod(MethodInvocationHelper.java:139)
at org.testng.internal.invokers.TestInvoker.invokeMethod(TestInvoker.java:664)
at org.testng.internal.invokers.TestInvoker.invokeTestMethod(TestInvoker.java:227)
at org.testng.internal.invokers.MethodRunner.runInSequence(MethodRunner.java:50)
at org.testng.internal.invokers.TestInvoker$MethodInvocationAgent.invoke(TestInvoker.java:957)
at org.testng.internal.invokers.TestInvoker.invokeTestMethods(TestInvoker.java:200)
at org.testng.internal.invokers.TestMethodWorker.invokeTestMethods(TestMethodWorker.java:148)
at org.testng.internal.invokers.TestMethodWorker.run(TestMethodWorker.java:128)
at java.base/java.util.ArrayList.forEach(ArrayList.java:1511)
at org.testng.TestRunner.privateRun(TestRunner.java:848)
at org.testng.TestRunner.run(TestRunner.java:621)
at org.testng.SuiteRunner.runTest(SuiteRunner.java:443)
at org.testng.SuiteRunner$SuiteWorker.run(SuiteRunner.java:481)
at org.testng.internal.thread.ThreadUtil.lambda$execute$0(ThreadUtil.java:58)
at java.base/java.util.concurrent.FutureTask.run(FutureTask.java:264)
at java.base/java.util.concurrent.ThreadPoolExecutor.runWorker(ThreadPoolExecutor.java:1136)
at java.base/java.util.concurrent.ThreadPoolExecutor$Worker.run(ThreadPoolExecutor.java:635)
at java.base/java.lang.Thread.run(Thread.java:833)
Caused by: java.util.concurrent.TimeoutException
at java.base/java.util.concurrent.CompletableFuture.timedGet(CompletableFuture.java:1960)
at java.base/java.util.concurrent.CompletableFuture.get(CompletableFuture.java:2095)
at org.asynchttpclient.netty.NettyResponseFuture.get(NettyResponseFuture.java:206)
at org.openqa.selenium.remote.http.netty.NettyHttpHandler.makeCall(NettyHttpHandler.java:59)
... 32 more
]]>
            </full-stacktrace>
          </exception> <!-- org.openqa.selenium.TimeoutException -->
          <reporter-output>
            <line>
              <![CDATA[Failed Test case...!!!]]>
            </line>
          </reporter-output>
        </test-method> <!-- verifyUserLoginWithoutUserName -->
        <test-method is-config="true" signature="failureSetup(org.testng.ITestResult)[pri:0, instance:itSutraGID.DemoOfMaven.EappLoginTest@6d4d66d2]" started-at="2023-09-21T09:05:12 IST" name="failureSetup" finished-at="2023-09-21T09:05:12 IST" duration-ms="4" status="PASS">
          <params>
            <param index="0">
              <value>
                <![CDATA[[TestResult name=verifyUserLoginWithoutUserName status=FAILURE method=EappLoginTest.verifyUserLoginWithoutUserName()[pri:0, instance:itSutraGID.DemoOfMaven.EappLoginTest@6d4d66d2] output=Failed Test case...!!!]]]>
              </value>
            </param>
          </params>
          <reporter-output>
          </reporter-output>
        </test-method> <!-- failureSetup -->
        <test-method is-config="true" signature="Clean()[pri:0, instance:itSutraGID.DemoOfMaven.EappLoginTest@6d4d66d2]" started-at="2023-09-21T09:05:12 IST" name="Clean" finished-at="2023-09-21T09:05:21 IST" duration-ms="8346" status="PASS">
          <reporter-output>
          </reporter-output>
        </test-method> <!-- Clean -->
      </class> <!-- itSutraGID.DemoOfMaven.EappLoginTest -->
    </test> <!-- MyLoginTestInChrome4 -->
    <test started-at="2023-09-21T09:00:07 IST" name="MyLoginTestInChrome2" finished-at="2023-09-21T09:05:21 IST" duration-ms="313987">
      <class name="itSutraGID.DemoOfMaven.EappLoginTest">
        <test-method is-config="true" signature="SetUp(java.lang.String,java.lang.String)[pri:0, instance:itSutraGID.DemoOfMaven.EappLoginTest@740cae06]" started-at="2023-09-21T09:00:07 IST" name="SetUp" finished-at="2023-09-21T09:00:48 IST" duration-ms="40557" status="PASS">
          <params>
            <param index="0">
              <value>
                <![CDATA[http://eaapp.somee.com]]>
              </value>
            </param>
            <param index="1">
              <value>
                <![CDATA[chrome]]>
              </value>
            </param>
          </params>
          <reporter-output>
            <line>
              <![CDATA[Browser Init and Navigate to http://eaapp.somee.com/Account/Login]]>
            </line>
          </reporter-output>
        </test-method> <!-- SetUp -->
        <test-method signature="VerifyUserLoginAlertMsgWhenSubmitOnlyUserNameInfo()[pri:0, instance:itSutraGID.DemoOfMaven.EappLoginTest@740cae06]" started-at="2023-09-21T09:00:48 IST" name="VerifyUserLoginAlertMsgWhenSubmitOnlyUserNameInfo" finished-at="2023-09-21T09:01:17 IST" duration-ms="29326" status="PASS">
          <reporter-output>
            <line>
              <![CDATA[
Home Login Button clciked and Login Page get Open]]>
            </line>
            <line>
              <![CDATA[User Name getting input]]>
            </line>
            <line>
              <![CDATA[Password getting input]]>
            </line>
            <line>
              <![CDATA[click to submit login Credential]]>
            </line>
            <line>
              <![CDATA[
Sucess!!!, Getting Error msg for Password]]>
            </line>
            <line>
              <![CDATA[Success!!!!]]>
            </line>
          </reporter-output>
        </test-method> <!-- VerifyUserLoginAlertMsgWhenSubmitOnlyUserNameInfo -->
        <test-method is-config="true" signature="failureSetup(org.testng.ITestResult)[pri:0, instance:itSutraGID.DemoOfMaven.EappLoginTest@740cae06]" started-at="2023-09-21T09:01:17 IST" name="failureSetup" finished-at="2023-09-21T09:01:17 IST" duration-ms="1" status="PASS">
          <params>
            <param index="0">
              <value>
                <![CDATA[[TestResult name=VerifyUserLoginAlertMsgWhenSubmitOnlyUserNameInfo status=SUCCESS method=EappLoginTest.VerifyUserLoginAlertMsgWhenSubmitOnlyUserNameInfo()[pri:0, instance:itSutraGID.DemoOfMaven.EappLoginTest@740cae06] output=
Home Login Button clciked and Login Page get Open]]]>
              </value>
            </param>
          </params>
          <reporter-output>
          </reporter-output>
        </test-method> <!-- failureSetup -->
        <test-method signature="verifyUserLoginWithoutPassword()[pri:0, instance:itSutraGID.DemoOfMaven.EappLoginTest@740cae06]" started-at="2023-09-21T09:01:17 IST" name="verifyUserLoginWithoutPassword" finished-at="2023-09-21T09:01:43 IST" duration-ms="25518" status="PASS">
          <reporter-output>
            <line>
              <![CDATA[verifyUserLoginWithoutPassword is Executed]]>
            </line>
            <line>
              <![CDATA[Success!!!!]]>
            </line>
          </reporter-output>
        </test-method> <!-- verifyUserLoginWithoutPassword -->
        <test-method is-config="true" signature="failureSetup(org.testng.ITestResult)[pri:0, instance:itSutraGID.DemoOfMaven.EappLoginTest@740cae06]" started-at="2023-09-21T09:01:43 IST" name="failureSetup" finished-at="2023-09-21T09:01:43 IST" duration-ms="0" status="PASS">
          <params>
            <param index="0">
              <value>
                <![CDATA[[TestResult name=verifyUserLoginWithoutPassword status=SUCCESS method=EappLoginTest.verifyUserLoginWithoutPassword()[pri:0, instance:itSutraGID.DemoOfMaven.EappLoginTest@740cae06] output=verifyUserLoginWithoutPassword is Executed]]]>
              </value>
            </param>
          </params>
          <reporter-output>
          </reporter-output>
        </test-method> <!-- failureSetup -->
        <test-method signature="verifyUserLoginWithoutPasswordAndUserName()[pri:0, instance:itSutraGID.DemoOfMaven.EappLoginTest@740cae06]" started-at="2023-09-21T09:01:43 IST" name="verifyUserLoginWithoutPasswordAndUserName" finished-at="2023-09-21T09:02:12 IST" duration-ms="29728" status="PASS">
          <reporter-output>
            <line>
              <![CDATA[verifyUserLoginWithoutPasswordAndUserName is Executed]]>
            </line>
            <line>
              <![CDATA[Success!!!!]]>
            </line>
          </reporter-output>
        </test-method> <!-- verifyUserLoginWithoutPasswordAndUserName -->
        <test-method is-config="true" signature="failureSetup(org.testng.ITestResult)[pri:0, instance:itSutraGID.DemoOfMaven.EappLoginTest@740cae06]" started-at="2023-09-21T09:02:12 IST" name="failureSetup" finished-at="2023-09-21T09:02:12 IST" duration-ms="1" status="PASS">
          <params>
            <param index="0">
              <value>
                <![CDATA[[TestResult name=verifyUserLoginWithoutPasswordAndUserName status=SUCCESS method=EappLoginTest.verifyUserLoginWithoutPasswordAndUserName()[pri:0, instance:itSutraGID.DemoOfMaven.EappLoginTest@740cae06] output=verifyUserLoginWithoutPasswordAndUserName is Executed]]]>
              </value>
            </param>
          </params>
          <reporter-output>
          </reporter-output>
        </test-method> <!-- failureSetup -->
        <test-method signature="verifyUserLoginWithoutUserName()[pri:0, instance:itSutraGID.DemoOfMaven.EappLoginTest@740cae06]" started-at="2023-09-21T09:02:12 IST" name="verifyUserLoginWithoutUserName" finished-at="2023-09-21T09:05:12 IST" duration-ms="180020" status="FAIL">
          <exception class="org.openqa.selenium.TimeoutException">
            <message>
              <![CDATA[java.util.concurrent.TimeoutException
Build info: version: '4.12.1', revision: '8e34639b11'
System info: os.name: 'Windows 11', os.arch: 'amd64', os.version: '10.0', java.version: '17.0.6'
Driver info: org.openqa.selenium.remote.RemoteWebDriver
Command: [f3de214be3bf481170993dc40299a049, get {url=https://www.google.com}]
Capabilities {acceptInsecureCerts: false, browserName: chrome, browserVersion: 117.0.5938.88, chrome: {chromedriverVersion: 117.0.5938.88 (be6afae47212..., userDataDir: /tmp/.org.chromium.Chromium...}, fedcm:accounts: true, goog:chromeOptions: {debuggerAddress: localhost:37477}, networkConnectionEnabled: false, pageLoadStrategy: normal, platformName: linux, proxy: Proxy(), se:bidiEnabled: false, se:cdp: ws://172.23.0.6:4444/sessio..., se:cdpVersion: 117.0.5938.88, se:vnc: ws://172.23.0.6:4444/sessio..., se:vncEnabled: true, se:vncLocalAddress: ws://172.23.0.6:7900, setWindowRect: true, strictFileInteractability: false, timeouts: {implicit: 0, pageLoad: 300000, script: 30000}, unhandledPromptBehavior: dismiss and notify, webauthn:extension:credBlob: true, webauthn:extension:largeBlob: true, webauthn:extension:minPinLength: true, webauthn:extension:prf: true, webauthn:virtualAuthenticators: true}
Session ID: f3de214be3bf481170993dc40299a049]]>
            </message>
            <full-stacktrace>
              <![CDATA[org.openqa.selenium.TimeoutException: java.util.concurrent.TimeoutException
Build info: version: '4.12.1', revision: '8e34639b11'
System info: os.name: 'Windows 11', os.arch: 'amd64', os.version: '10.0', java.version: '17.0.6'
Driver info: org.openqa.selenium.remote.RemoteWebDriver
Command: [f3de214be3bf481170993dc40299a049, get {url=https://www.google.com}]
Capabilities {acceptInsecureCerts: false, browserName: chrome, browserVersion: 117.0.5938.88, chrome: {chromedriverVersion: 117.0.5938.88 (be6afae47212..., userDataDir: /tmp/.org.chromium.Chromium...}, fedcm:accounts: true, goog:chromeOptions: {debuggerAddress: localhost:37477}, networkConnectionEnabled: false, pageLoadStrategy: normal, platformName: linux, proxy: Proxy(), se:bidiEnabled: false, se:cdp: ws://172.23.0.6:4444/sessio..., se:cdpVersion: 117.0.5938.88, se:vnc: ws://172.23.0.6:4444/sessio..., se:vncEnabled: true, se:vncLocalAddress: ws://172.23.0.6:7900, setWindowRect: true, strictFileInteractability: false, timeouts: {implicit: 0, pageLoad: 300000, script: 30000}, unhandledPromptBehavior: dismiss and notify, webauthn:extension:credBlob: true, webauthn:extension:largeBlob: true, webauthn:extension:minPinLength: true, webauthn:extension:prf: true, webauthn:virtualAuthenticators: true}
Session ID: f3de214be3bf481170993dc40299a049
at org.openqa.selenium.remote.http.netty.NettyHttpHandler.makeCall(NettyHttpHandler.java:65)
at org.openqa.selenium.remote.http.AddSeleniumUserAgent.lambda$apply$0(AddSeleniumUserAgent.java:42)
at org.openqa.selenium.remote.http.Filter.lambda$andFinally$1(Filter.java:55)
at org.openqa.selenium.remote.http.netty.NettyHttpHandler.execute(NettyHttpHandler.java:48)
at org.openqa.selenium.remote.http.netty.NettyClient.execute(NettyClient.java:96)
at org.openqa.selenium.remote.tracing.TracedHttpClient.execute(TracedHttpClient.java:54)
at org.openqa.selenium.remote.HttpCommandExecutor.execute(HttpCommandExecutor.java:188)
at org.openqa.selenium.remote.TracedCommandExecutor.execute(TracedCommandExecutor.java:51)
at org.openqa.selenium.remote.RemoteWebDriver.execute(RemoteWebDriver.java:602)
at org.openqa.selenium.remote.RemoteWebDriver.get(RemoteWebDriver.java:304)
at itSutraGID.DemoOfMaven.EappLoginTest.verifyUserLoginWithoutUserName(EappLoginTest.java:58)
at java.base/jdk.internal.reflect.NativeMethodAccessorImpl.invoke0(Native Method)
at java.base/jdk.internal.reflect.NativeMethodAccessorImpl.invoke(NativeMethodAccessorImpl.java:77)
at java.base/jdk.internal.reflect.DelegatingMethodAccessorImpl.invoke(DelegatingMethodAccessorImpl.java:43)
at java.base/java.lang.reflect.Method.invoke(Method.java:568)
at org.testng.internal.invokers.MethodInvocationHelper.invokeMethod(MethodInvocationHelper.java:139)
at org.testng.internal.invokers.TestInvoker.invokeMethod(TestInvoker.java:664)
at org.testng.internal.invokers.TestInvoker.invokeTestMethod(TestInvoker.java:227)
at org.testng.internal.invokers.MethodRunner.runInSequence(MethodRunner.java:50)
at org.testng.internal.invokers.TestInvoker$MethodInvocationAgent.invoke(TestInvoker.java:957)
at org.testng.internal.invokers.TestInvoker.invokeTestMethods(TestInvoker.java:200)
at org.testng.internal.invokers.TestMethodWorker.invokeTestMethods(TestMethodWorker.java:148)
at org.testng.internal.invokers.TestMethodWorker.run(TestMethodWorker.java:128)
at java.base/java.util.ArrayList.forEach(ArrayList.java:1511)
at org.testng.TestRunner.privateRun(TestRunner.java:848)
at org.testng.TestRunner.run(TestRunner.java:621)
at org.testng.SuiteRunner.runTest(SuiteRunner.java:443)
at org.testng.SuiteRunner$SuiteWorker.run(SuiteRunner.java:481)
at org.testng.internal.thread.ThreadUtil.lambda$execute$0(ThreadUtil.java:58)
at java.base/java.util.concurrent.FutureTask.run(FutureTask.java:264)
at java.base/java.util.concurrent.ThreadPoolExecutor.runWorker(ThreadPoolExecutor.java:1136)
at java.base/java.util.concurrent.ThreadPoolExecutor$Worker.run(ThreadPoolExecutor.java:635)
at java.base/java.lang.Thread.run(Thread.java:833)
Caused by: java.util.concurrent.TimeoutException
at java.base/java.util.concurrent.CompletableFuture.timedGet(CompletableFuture.java:1960)
at java.base/java.util.concurrent.CompletableFuture.get(CompletableFuture.java:2095)
at org.asynchttpclient.netty.NettyResponseFuture.get(NettyResponseFuture.java:206)
at org.openqa.selenium.remote.http.netty.NettyHttpHandler.makeCall(NettyHttpHandler.java:59)
... 32 more
]]>
            </full-stacktrace>
          </exception> <!-- org.openqa.selenium.TimeoutException -->
          <reporter-output>
            <line>
              <![CDATA[Failed Test case...!!!]]>
            </line>
          </reporter-output>
        </test-method> <!-- verifyUserLoginWithoutUserName -->
        <test-method is-config="true" signature="failureSetup(org.testng.ITestResult)[pri:0, instance:itSutraGID.DemoOfMaven.EappLoginTest@740cae06]" started-at="2023-09-21T09:05:12 IST" name="failureSetup" finished-at="2023-09-21T09:05:12 IST" duration-ms="0" status="PASS">
          <params>
            <param index="0">
              <value>
                <![CDATA[[TestResult name=verifyUserLoginWithoutUserName status=FAILURE method=EappLoginTest.verifyUserLoginWithoutUserName()[pri:0, instance:itSutraGID.DemoOfMaven.EappLoginTest@740cae06] output=Failed Test case...!!!]]]>
              </value>
            </param>
          </params>
          <reporter-output>
          </reporter-output>
        </test-method> <!-- failureSetup -->
        <test-method is-config="true" signature="Clean()[pri:0, instance:itSutraGID.DemoOfMaven.EappLoginTest@740cae06]" started-at="2023-09-21T09:05:12 IST" name="Clean" finished-at="2023-09-21T09:05:21 IST" duration-ms="8814" status="PASS">
          <reporter-output>
          </reporter-output>
        </test-method> <!-- Clean -->
      </class> <!-- itSutraGID.DemoOfMaven.EappLoginTest -->
    </test> <!-- MyLoginTestInChrome2 -->
    <test started-at="2023-09-21T09:00:07 IST" name="MyLoginTestInChrome1" finished-at="2023-09-21T09:05:21 IST" duration-ms="314127">
      <class name="itSutraGID.DemoOfMaven.EappLoginTest">
        <test-method is-config="true" signature="SetUp(java.lang.String,java.lang.String)[pri:0, instance:itSutraGID.DemoOfMaven.EappLoginTest@46cdf8bd]" started-at="2023-09-21T09:00:07 IST" name="SetUp" finished-at="2023-09-21T09:00:49 IST" duration-ms="41949" status="PASS">
          <params>
            <param index="0">
              <value>
                <![CDATA[http://eaapp.somee.com]]>
              </value>
            </param>
            <param index="1">
              <value>
                <![CDATA[chrome]]>
              </value>
            </param>
          </params>
          <reporter-output>
            <line>
              <![CDATA[Browser Init and Navigate to http://eaapp.somee.com/Account/Login]]>
            </line>
          </reporter-output>
        </test-method> <!-- SetUp -->
        <test-method signature="VerifyUserLoginAlertMsgWhenSubmitOnlyUserNameInfo()[pri:0, instance:itSutraGID.DemoOfMaven.EappLoginTest@46cdf8bd]" started-at="2023-09-21T09:00:49 IST" name="VerifyUserLoginAlertMsgWhenSubmitOnlyUserNameInfo" finished-at="2023-09-21T09:01:16 IST" duration-ms="26516" status="PASS">
          <reporter-output>
            <line>
              <![CDATA[
Home Login Button clciked and Login Page get Open]]>
            </line>
            <line>
              <![CDATA[User Name getting input]]>
            </line>
            <line>
              <![CDATA[Password getting input]]>
            </line>
            <line>
              <![CDATA[click to submit login Credential]]>
            </line>
            <line>
              <![CDATA[
Sucess!!!, Getting Error msg for Password]]>
            </line>
            <line>
              <![CDATA[Success!!!!]]>
            </line>
          </reporter-output>
        </test-method> <!-- VerifyUserLoginAlertMsgWhenSubmitOnlyUserNameInfo -->
        <test-method is-config="true" signature="failureSetup(org.testng.ITestResult)[pri:0, instance:itSutraGID.DemoOfMaven.EappLoginTest@46cdf8bd]" started-at="2023-09-21T09:01:16 IST" name="failureSetup" finished-at="2023-09-21T09:01:16 IST" duration-ms="1" status="PASS">
          <params>
            <param index="0">
              <value>
                <![CDATA[[TestResult name=VerifyUserLoginAlertMsgWhenSubmitOnlyUserNameInfo status=SUCCESS method=EappLoginTest.VerifyUserLoginAlertMsgWhenSubmitOnlyUserNameInfo()[pri:0, instance:itSutraGID.DemoOfMaven.EappLoginTest@46cdf8bd] output=
Home Login Button clciked and Login Page get Open]]]>
              </value>
            </param>
          </params>
          <reporter-output>
          </reporter-output>
        </test-method> <!-- failureSetup -->
        <test-method signature="verifyUserLoginWithoutPassword()[pri:0, instance:itSutraGID.DemoOfMaven.EappLoginTest@46cdf8bd]" started-at="2023-09-21T09:01:16 IST" name="verifyUserLoginWithoutPassword" finished-at="2023-09-21T09:01:40 IST" duration-ms="24408" status="PASS">
          <reporter-output>
            <line>
              <![CDATA[verifyUserLoginWithoutPassword is Executed]]>
            </line>
            <line>
              <![CDATA[Success!!!!]]>
            </line>
          </reporter-output>
        </test-method> <!-- verifyUserLoginWithoutPassword -->
        <test-method is-config="true" signature="failureSetup(org.testng.ITestResult)[pri:0, instance:itSutraGID.DemoOfMaven.EappLoginTest@46cdf8bd]" started-at="2023-09-21T09:01:40 IST" name="failureSetup" finished-at="2023-09-21T09:01:40 IST" duration-ms="1" status="PASS">
          <params>
            <param index="0">
              <value>
                <![CDATA[[TestResult name=verifyUserLoginWithoutPassword status=SUCCESS method=EappLoginTest.verifyUserLoginWithoutPassword()[pri:0, instance:itSutraGID.DemoOfMaven.EappLoginTest@46cdf8bd] output=verifyUserLoginWithoutPassword is Executed]]]>
              </value>
            </param>
          </params>
          <reporter-output>
          </reporter-output>
        </test-method> <!-- failureSetup -->
        <test-method signature="verifyUserLoginWithoutPasswordAndUserName()[pri:0, instance:itSutraGID.DemoOfMaven.EappLoginTest@46cdf8bd]" started-at="2023-09-21T09:01:40 IST" name="verifyUserLoginWithoutPasswordAndUserName" finished-at="2023-09-21T09:02:14 IST" duration-ms="33702" status="PASS">
          <reporter-output>
            <line>
              <![CDATA[verifyUserLoginWithoutPasswordAndUserName is Executed]]>
            </line>
            <line>
              <![CDATA[Success!!!!]]>
            </line>
          </reporter-output>
        </test-method> <!-- verifyUserLoginWithoutPasswordAndUserName -->
        <test-method is-config="true" signature="failureSetup(org.testng.ITestResult)[pri:0, instance:itSutraGID.DemoOfMaven.EappLoginTest@46cdf8bd]" started-at="2023-09-21T09:02:14 IST" name="failureSetup" finished-at="2023-09-21T09:02:14 IST" duration-ms="0" status="PASS">
          <params>
            <param index="0">
              <value>
                <![CDATA[[TestResult name=verifyUserLoginWithoutPasswordAndUserName status=SUCCESS method=EappLoginTest.verifyUserLoginWithoutPasswordAndUserName()[pri:0, instance:itSutraGID.DemoOfMaven.EappLoginTest@46cdf8bd] output=verifyUserLoginWithoutPasswordAndUserName is Executed]]]>
              </value>
            </param>
          </params>
          <reporter-output>
          </reporter-output>
        </test-method> <!-- failureSetup -->
        <test-method signature="verifyUserLoginWithoutUserName()[pri:0, instance:itSutraGID.DemoOfMaven.EappLoginTest@46cdf8bd]" started-at="2023-09-21T09:02:14 IST" name="verifyUserLoginWithoutUserName" finished-at="2023-09-21T09:05:14 IST" duration-ms="180035" status="FAIL">
          <exception class="org.openqa.selenium.TimeoutException">
            <message>
              <![CDATA[java.util.concurrent.TimeoutException
Build info: version: '4.12.1', revision: '8e34639b11'
System info: os.name: 'Windows 11', os.arch: 'amd64', os.version: '10.0', java.version: '17.0.6'
Driver info: org.openqa.selenium.remote.RemoteWebDriver
Command: [63782b08f679a1d279d5e78e1eaded57, get {url=https://www.google.com}]
Capabilities {acceptInsecureCerts: false, browserName: chrome, browserVersion: 117.0.5938.88, chrome: {chromedriverVersion: 117.0.5938.88 (be6afae47212..., userDataDir: /tmp/.org.chromium.Chromium...}, fedcm:accounts: true, goog:chromeOptions: {debuggerAddress: localhost:36223}, networkConnectionEnabled: false, pageLoadStrategy: normal, platformName: linux, proxy: Proxy(), se:bidiEnabled: false, se:cdp: ws://172.23.0.2:4444/sessio..., se:cdpVersion: 117.0.5938.88, se:vnc: ws://172.23.0.2:4444/sessio..., se:vncEnabled: true, se:vncLocalAddress: ws://172.23.0.2:7900, setWindowRect: true, strictFileInteractability: false, timeouts: {implicit: 0, pageLoad: 300000, script: 30000}, unhandledPromptBehavior: dismiss and notify, webauthn:extension:credBlob: true, webauthn:extension:largeBlob: true, webauthn:extension:minPinLength: true, webauthn:extension:prf: true, webauthn:virtualAuthenticators: true}
Session ID: 63782b08f679a1d279d5e78e1eaded57]]>
            </message>
            <full-stacktrace>
              <![CDATA[org.openqa.selenium.TimeoutException: java.util.concurrent.TimeoutException
Build info: version: '4.12.1', revision: '8e34639b11'
System info: os.name: 'Windows 11', os.arch: 'amd64', os.version: '10.0', java.version: '17.0.6'
Driver info: org.openqa.selenium.remote.RemoteWebDriver
Command: [63782b08f679a1d279d5e78e1eaded57, get {url=https://www.google.com}]
Capabilities {acceptInsecureCerts: false, browserName: chrome, browserVersion: 117.0.5938.88, chrome: {chromedriverVersion: 117.0.5938.88 (be6afae47212..., userDataDir: /tmp/.org.chromium.Chromium...}, fedcm:accounts: true, goog:chromeOptions: {debuggerAddress: localhost:36223}, networkConnectionEnabled: false, pageLoadStrategy: normal, platformName: linux, proxy: Proxy(), se:bidiEnabled: false, se:cdp: ws://172.23.0.2:4444/sessio..., se:cdpVersion: 117.0.5938.88, se:vnc: ws://172.23.0.2:4444/sessio..., se:vncEnabled: true, se:vncLocalAddress: ws://172.23.0.2:7900, setWindowRect: true, strictFileInteractability: false, timeouts: {implicit: 0, pageLoad: 300000, script: 30000}, unhandledPromptBehavior: dismiss and notify, webauthn:extension:credBlob: true, webauthn:extension:largeBlob: true, webauthn:extension:minPinLength: true, webauthn:extension:prf: true, webauthn:virtualAuthenticators: true}
Session ID: 63782b08f679a1d279d5e78e1eaded57
at org.openqa.selenium.remote.http.netty.NettyHttpHandler.makeCall(NettyHttpHandler.java:65)
at org.openqa.selenium.remote.http.AddSeleniumUserAgent.lambda$apply$0(AddSeleniumUserAgent.java:42)
at org.openqa.selenium.remote.http.Filter.lambda$andFinally$1(Filter.java:55)
at org.openqa.selenium.remote.http.netty.NettyHttpHandler.execute(NettyHttpHandler.java:48)
at org.openqa.selenium.remote.http.netty.NettyClient.execute(NettyClient.java:96)
at org.openqa.selenium.remote.tracing.TracedHttpClient.execute(TracedHttpClient.java:54)
at org.openqa.selenium.remote.HttpCommandExecutor.execute(HttpCommandExecutor.java:188)
at org.openqa.selenium.remote.TracedCommandExecutor.execute(TracedCommandExecutor.java:51)
at org.openqa.selenium.remote.RemoteWebDriver.execute(RemoteWebDriver.java:602)
at org.openqa.selenium.remote.RemoteWebDriver.get(RemoteWebDriver.java:304)
at itSutraGID.DemoOfMaven.EappLoginTest.verifyUserLoginWithoutUserName(EappLoginTest.java:58)
at java.base/jdk.internal.reflect.NativeMethodAccessorImpl.invoke0(Native Method)
at java.base/jdk.internal.reflect.NativeMethodAccessorImpl.invoke(NativeMethodAccessorImpl.java:77)
at java.base/jdk.internal.reflect.DelegatingMethodAccessorImpl.invoke(DelegatingMethodAccessorImpl.java:43)
at java.base/java.lang.reflect.Method.invoke(Method.java:568)
at org.testng.internal.invokers.MethodInvocationHelper.invokeMethod(MethodInvocationHelper.java:139)
at org.testng.internal.invokers.TestInvoker.invokeMethod(TestInvoker.java:664)
at org.testng.internal.invokers.TestInvoker.invokeTestMethod(TestInvoker.java:227)
at org.testng.internal.invokers.MethodRunner.runInSequence(MethodRunner.java:50)
at org.testng.internal.invokers.TestInvoker$MethodInvocationAgent.invoke(TestInvoker.java:957)
at org.testng.internal.invokers.TestInvoker.invokeTestMethods(TestInvoker.java:200)
at org.testng.internal.invokers.TestMethodWorker.invokeTestMethods(TestMethodWorker.java:148)
at org.testng.internal.invokers.TestMethodWorker.run(TestMethodWorker.java:128)
at java.base/java.util.ArrayList.forEach(ArrayList.java:1511)
at org.testng.TestRunner.privateRun(TestRunner.java:848)
at org.testng.TestRunner.run(TestRunner.java:621)
at org.testng.SuiteRunner.runTest(SuiteRunner.java:443)
at org.testng.SuiteRunner$SuiteWorker.run(SuiteRunner.java:481)
at org.testng.internal.thread.ThreadUtil.lambda$execute$0(ThreadUtil.java:58)
at java.base/java.util.concurrent.FutureTask.run(FutureTask.java:264)
at java.base/java.util.concurrent.ThreadPoolExecutor.runWorker(ThreadPoolExecutor.java:1136)
at java.base/java.util.concurrent.ThreadPoolExecutor$Worker.run(ThreadPoolExecutor.java:635)
at java.base/java.lang.Thread.run(Thread.java:833)
Caused by: java.util.concurrent.TimeoutException
at java.base/java.util.concurrent.CompletableFuture.timedGet(CompletableFuture.java:1960)
at java.base/java.util.concurrent.CompletableFuture.get(CompletableFuture.java:2095)
at org.asynchttpclient.netty.NettyResponseFuture.get(NettyResponseFuture.java:206)
at org.openqa.selenium.remote.http.netty.NettyHttpHandler.makeCall(NettyHttpHandler.java:59)
... 32 more
]]>
            </full-stacktrace>
          </exception> <!-- org.openqa.selenium.TimeoutException -->
          <reporter-output>
            <line>
              <![CDATA[Failed Test case...!!!]]>
            </line>
          </reporter-output>
        </test-method> <!-- verifyUserLoginWithoutUserName -->
        <test-method is-config="true" signature="failureSetup(org.testng.ITestResult)[pri:0, instance:itSutraGID.DemoOfMaven.EappLoginTest@46cdf8bd]" started-at="2023-09-21T09:05:14 IST" name="failureSetup" finished-at="2023-09-21T09:05:14 IST" duration-ms="1" status="PASS">
          <params>
            <param index="0">
              <value>
                <![CDATA[[TestResult name=verifyUserLoginWithoutUserName status=FAILURE method=EappLoginTest.verifyUserLoginWithoutUserName()[pri:0, instance:itSutraGID.DemoOfMaven.EappLoginTest@46cdf8bd] output=Failed Test case...!!!]]]>
              </value>
            </param>
          </params>
          <reporter-output>
          </reporter-output>
        </test-method> <!-- failureSetup -->
        <test-method is-config="true" signature="Clean()[pri:0, instance:itSutraGID.DemoOfMaven.EappLoginTest@46cdf8bd]" started-at="2023-09-21T09:05:14 IST" name="Clean" finished-at="2023-09-21T09:05:21 IST" duration-ms="7449" status="PASS">
          <reporter-output>
          </reporter-output>
        </test-method> <!-- Clean -->
      </class> <!-- itSutraGID.DemoOfMaven.EappLoginTest -->
    </test> <!-- MyLoginTestInChrome1 -->
    <test started-at="2023-09-21T09:00:07 IST" name="MyLoginTestInChrome3" finished-at="2023-09-21T09:05:23 IST" duration-ms="315496">
      <class name="itSutraGID.DemoOfMaven.EappLoginTest">
        <test-method is-config="true" signature="SetUp(java.lang.String,java.lang.String)[pri:0, instance:itSutraGID.DemoOfMaven.EappLoginTest@7526515b]" started-at="2023-09-21T09:00:07 IST" name="SetUp" finished-at="2023-09-21T09:00:49 IST" duration-ms="41715" status="PASS">
          <params>
            <param index="0">
              <value>
                <![CDATA[http://eaapp.somee.com]]>
              </value>
            </param>
            <param index="1">
              <value>
                <![CDATA[chrome]]>
              </value>
            </param>
          </params>
          <reporter-output>
            <line>
              <![CDATA[Browser Init and Navigate to http://eaapp.somee.com/Account/Login]]>
            </line>
          </reporter-output>
        </test-method> <!-- SetUp -->
        <test-method signature="VerifyUserLoginAlertMsgWhenSubmitOnlyUserNameInfo()[pri:0, instance:itSutraGID.DemoOfMaven.EappLoginTest@7526515b]" started-at="2023-09-21T09:00:49 IST" name="VerifyUserLoginAlertMsgWhenSubmitOnlyUserNameInfo" finished-at="2023-09-21T09:01:14 IST" duration-ms="24918" status="PASS">
          <reporter-output>
            <line>
              <![CDATA[
Home Login Button clciked and Login Page get Open]]>
            </line>
            <line>
              <![CDATA[User Name getting input]]>
            </line>
            <line>
              <![CDATA[Password getting input]]>
            </line>
            <line>
              <![CDATA[click to submit login Credential]]>
            </line>
            <line>
              <![CDATA[
Sucess!!!, Getting Error msg for Password]]>
            </line>
            <line>
              <![CDATA[Success!!!!]]>
            </line>
          </reporter-output>
        </test-method> <!-- VerifyUserLoginAlertMsgWhenSubmitOnlyUserNameInfo -->
        <test-method is-config="true" signature="failureSetup(org.testng.ITestResult)[pri:0, instance:itSutraGID.DemoOfMaven.EappLoginTest@7526515b]" started-at="2023-09-21T09:01:14 IST" name="failureSetup" finished-at="2023-09-21T09:01:14 IST" duration-ms="2" status="PASS">
          <params>
            <param index="0">
              <value>
                <![CDATA[[TestResult name=VerifyUserLoginAlertMsgWhenSubmitOnlyUserNameInfo status=SUCCESS method=EappLoginTest.VerifyUserLoginAlertMsgWhenSubmitOnlyUserNameInfo()[pri:0, instance:itSutraGID.DemoOfMaven.EappLoginTest@7526515b] output=
Home Login Button clciked and Login Page get Open]]]>
              </value>
            </param>
          </params>
          <reporter-output>
          </reporter-output>
        </test-method> <!-- failureSetup -->
        <test-method signature="verifyUserLoginWithoutPassword()[pri:0, instance:itSutraGID.DemoOfMaven.EappLoginTest@7526515b]" started-at="2023-09-21T09:01:14 IST" name="verifyUserLoginWithoutPassword" finished-at="2023-09-21T09:01:34 IST" duration-ms="20245" status="PASS">
          <reporter-output>
            <line>
              <![CDATA[verifyUserLoginWithoutPassword is Executed]]>
            </line>
            <line>
              <![CDATA[Success!!!!]]>
            </line>
          </reporter-output>
        </test-method> <!-- verifyUserLoginWithoutPassword -->
        <test-method is-config="true" signature="failureSetup(org.testng.ITestResult)[pri:0, instance:itSutraGID.DemoOfMaven.EappLoginTest@7526515b]" started-at="2023-09-21T09:01:34 IST" name="failureSetup" finished-at="2023-09-21T09:01:34 IST" duration-ms="1" status="PASS">
          <params>
            <param index="0">
              <value>
                <![CDATA[[TestResult name=verifyUserLoginWithoutPassword status=SUCCESS method=EappLoginTest.verifyUserLoginWithoutPassword()[pri:0, instance:itSutraGID.DemoOfMaven.EappLoginTest@7526515b] output=verifyUserLoginWithoutPassword is Executed]]]>
              </value>
            </param>
          </params>
          <reporter-output>
          </reporter-output>
        </test-method> <!-- failureSetup -->
        <test-method signature="verifyUserLoginWithoutPasswordAndUserName()[pri:0, instance:itSutraGID.DemoOfMaven.EappLoginTest@7526515b]" started-at="2023-09-21T09:01:34 IST" name="verifyUserLoginWithoutPasswordAndUserName" finished-at="2023-09-21T09:02:15 IST" duration-ms="41115" status="PASS">
          <reporter-output>
            <line>
              <![CDATA[verifyUserLoginWithoutPasswordAndUserName is Executed]]>
            </line>
            <line>
              <![CDATA[Success!!!!]]>
            </line>
          </reporter-output>
        </test-method> <!-- verifyUserLoginWithoutPasswordAndUserName -->
        <test-method is-config="true" signature="failureSetup(org.testng.ITestResult)[pri:0, instance:itSutraGID.DemoOfMaven.EappLoginTest@7526515b]" started-at="2023-09-21T09:02:15 IST" name="failureSetup" finished-at="2023-09-21T09:02:15 IST" duration-ms="21" status="PASS">
          <params>
            <param index="0">
              <value>
                <![CDATA[[TestResult name=verifyUserLoginWithoutPasswordAndUserName status=SUCCESS method=EappLoginTest.verifyUserLoginWithoutPasswordAndUserName()[pri:0, instance:itSutraGID.DemoOfMaven.EappLoginTest@7526515b] output=verifyUserLoginWithoutPasswordAndUserName is Executed]]]>
              </value>
            </param>
          </params>
          <reporter-output>
          </reporter-output>
        </test-method> <!-- failureSetup -->
        <test-method signature="verifyUserLoginWithoutUserName()[pri:0, instance:itSutraGID.DemoOfMaven.EappLoginTest@7526515b]" started-at="2023-09-21T09:02:15 IST" name="verifyUserLoginWithoutUserName" finished-at="2023-09-21T09:05:15 IST" duration-ms="180140" status="FAIL">
          <exception class="org.openqa.selenium.TimeoutException">
            <message>
              <![CDATA[java.util.concurrent.TimeoutException
Build info: version: '4.12.1', revision: '8e34639b11'
System info: os.name: 'Windows 11', os.arch: 'amd64', os.version: '10.0', java.version: '17.0.6'
Driver info: org.openqa.selenium.remote.RemoteWebDriver
Command: [46b530e3cf641a4043fbf228d305c83a, get {url=https://www.google.com}]
Capabilities {acceptInsecureCerts: false, browserName: chrome, browserVersion: 117.0.5938.88, chrome: {chromedriverVersion: 117.0.5938.88 (be6afae47212..., userDataDir: /tmp/.org.chromium.Chromium...}, fedcm:accounts: true, goog:chromeOptions: {debuggerAddress: localhost:38285}, networkConnectionEnabled: false, pageLoadStrategy: normal, platformName: linux, proxy: Proxy(), se:bidiEnabled: false, se:cdp: ws://172.23.0.3:4444/sessio..., se:cdpVersion: 117.0.5938.88, se:vnc: ws://172.23.0.3:4444/sessio..., se:vncEnabled: true, se:vncLocalAddress: ws://172.23.0.3:7900, setWindowRect: true, strictFileInteractability: false, timeouts: {implicit: 0, pageLoad: 300000, script: 30000}, unhandledPromptBehavior: dismiss and notify, webauthn:extension:credBlob: true, webauthn:extension:largeBlob: true, webauthn:extension:minPinLength: true, webauthn:extension:prf: true, webauthn:virtualAuthenticators: true}
Session ID: 46b530e3cf641a4043fbf228d305c83a]]>
            </message>
            <full-stacktrace>
              <![CDATA[org.openqa.selenium.TimeoutException: java.util.concurrent.TimeoutException
Build info: version: '4.12.1', revision: '8e34639b11'
System info: os.name: 'Windows 11', os.arch: 'amd64', os.version: '10.0', java.version: '17.0.6'
Driver info: org.openqa.selenium.remote.RemoteWebDriver
Command: [46b530e3cf641a4043fbf228d305c83a, get {url=https://www.google.com}]
Capabilities {acceptInsecureCerts: false, browserName: chrome, browserVersion: 117.0.5938.88, chrome: {chromedriverVersion: 117.0.5938.88 (be6afae47212..., userDataDir: /tmp/.org.chromium.Chromium...}, fedcm:accounts: true, goog:chromeOptions: {debuggerAddress: localhost:38285}, networkConnectionEnabled: false, pageLoadStrategy: normal, platformName: linux, proxy: Proxy(), se:bidiEnabled: false, se:cdp: ws://172.23.0.3:4444/sessio..., se:cdpVersion: 117.0.5938.88, se:vnc: ws://172.23.0.3:4444/sessio..., se:vncEnabled: true, se:vncLocalAddress: ws://172.23.0.3:7900, setWindowRect: true, strictFileInteractability: false, timeouts: {implicit: 0, pageLoad: 300000, script: 30000}, unhandledPromptBehavior: dismiss and notify, webauthn:extension:credBlob: true, webauthn:extension:largeBlob: true, webauthn:extension:minPinLength: true, webauthn:extension:prf: true, webauthn:virtualAuthenticators: true}
Session ID: 46b530e3cf641a4043fbf228d305c83a
at org.openqa.selenium.remote.http.netty.NettyHttpHandler.makeCall(NettyHttpHandler.java:65)
at org.openqa.selenium.remote.http.AddSeleniumUserAgent.lambda$apply$0(AddSeleniumUserAgent.java:42)
at org.openqa.selenium.remote.http.Filter.lambda$andFinally$1(Filter.java:55)
at org.openqa.selenium.remote.http.netty.NettyHttpHandler.execute(NettyHttpHandler.java:48)
at org.openqa.selenium.remote.http.netty.NettyClient.execute(NettyClient.java:96)
at org.openqa.selenium.remote.tracing.TracedHttpClient.execute(TracedHttpClient.java:54)
at org.openqa.selenium.remote.HttpCommandExecutor.execute(HttpCommandExecutor.java:188)
at org.openqa.selenium.remote.TracedCommandExecutor.execute(TracedCommandExecutor.java:51)
at org.openqa.selenium.remote.RemoteWebDriver.execute(RemoteWebDriver.java:602)
at org.openqa.selenium.remote.RemoteWebDriver.get(RemoteWebDriver.java:304)
at itSutraGID.DemoOfMaven.EappLoginTest.verifyUserLoginWithoutUserName(EappLoginTest.java:58)
at java.base/jdk.internal.reflect.NativeMethodAccessorImpl.invoke0(Native Method)
at java.base/jdk.internal.reflect.NativeMethodAccessorImpl.invoke(NativeMethodAccessorImpl.java:77)
at java.base/jdk.internal.reflect.DelegatingMethodAccessorImpl.invoke(DelegatingMethodAccessorImpl.java:43)
at java.base/java.lang.reflect.Method.invoke(Method.java:568)
at org.testng.internal.invokers.MethodInvocationHelper.invokeMethod(MethodInvocationHelper.java:139)
at org.testng.internal.invokers.TestInvoker.invokeMethod(TestInvoker.java:664)
at org.testng.internal.invokers.TestInvoker.invokeTestMethod(TestInvoker.java:227)
at org.testng.internal.invokers.MethodRunner.runInSequence(MethodRunner.java:50)
at org.testng.internal.invokers.TestInvoker$MethodInvocationAgent.invoke(TestInvoker.java:957)
at org.testng.internal.invokers.TestInvoker.invokeTestMethods(TestInvoker.java:200)
at org.testng.internal.invokers.TestMethodWorker.invokeTestMethods(TestMethodWorker.java:148)
at org.testng.internal.invokers.TestMethodWorker.run(TestMethodWorker.java:128)
at java.base/java.util.ArrayList.forEach(ArrayList.java:1511)
at org.testng.TestRunner.privateRun(TestRunner.java:848)
at org.testng.TestRunner.run(TestRunner.java:621)
at org.testng.SuiteRunner.runTest(SuiteRunner.java:443)
at org.testng.SuiteRunner$SuiteWorker.run(SuiteRunner.java:481)
at org.testng.internal.thread.ThreadUtil.lambda$execute$0(ThreadUtil.java:58)
at java.base/java.util.concurrent.FutureTask.run(FutureTask.java:264)
at java.base/java.util.concurrent.ThreadPoolExecutor.runWorker(ThreadPoolExecutor.java:1136)
at java.base/java.util.concurrent.ThreadPoolExecutor$Worker.run(ThreadPoolExecutor.java:635)
at java.base/java.lang.Thread.run(Thread.java:833)
Caused by: java.util.concurrent.TimeoutException
at java.base/java.util.concurrent.CompletableFuture.timedGet(CompletableFuture.java:1960)
at java.base/java.util.concurrent.CompletableFuture.get(CompletableFuture.java:2095)
at org.asynchttpclient.netty.NettyResponseFuture.get(NettyResponseFuture.java:206)
at org.openqa.selenium.remote.http.netty.NettyHttpHandler.makeCall(NettyHttpHandler.java:59)
... 32 more
]]>
            </full-stacktrace>
          </exception> <!-- org.openqa.selenium.TimeoutException -->
          <reporter-output>
            <line>
              <![CDATA[Failed Test case...!!!]]>
            </line>
          </reporter-output>
        </test-method> <!-- verifyUserLoginWithoutUserName -->
        <test-method is-config="true" signature="failureSetup(org.testng.ITestResult)[pri:0, instance:itSutraGID.DemoOfMaven.EappLoginTest@7526515b]" started-at="2023-09-21T09:05:16 IST" name="failureSetup" finished-at="2023-09-21T09:05:16 IST" duration-ms="26" status="PASS">
          <params>
            <param index="0">
              <value>
                <![CDATA[[TestResult name=verifyUserLoginWithoutUserName status=FAILURE method=EappLoginTest.verifyUserLoginWithoutUserName()[pri:0, instance:itSutraGID.DemoOfMaven.EappLoginTest@7526515b] output=Failed Test case...!!!]]]>
              </value>
            </param>
          </params>
          <reporter-output>
          </reporter-output>
        </test-method> <!-- failureSetup -->
        <test-method is-config="true" signature="Clean()[pri:0, instance:itSutraGID.DemoOfMaven.EappLoginTest@7526515b]" started-at="2023-09-21T09:05:16 IST" name="Clean" finished-at="2023-09-21T09:05:23 IST" duration-ms="7138" status="PASS">
          <reporter-output>
          </reporter-output>
        </test-method> <!-- Clean -->
      </class> <!-- itSutraGID.DemoOfMaven.EappLoginTest -->
    </test> <!-- MyLoginTestInChrome3 -->
    <test started-at="2023-09-21T09:00:07 IST" name="MyLoginTestInChrome6" finished-at="2023-09-21T09:05:24 IST" duration-ms="316403">
      <class name="itSutraGID.DemoOfMaven.EappLoginTest">
        <test-method is-config="true" signature="SetUp(java.lang.String,java.lang.String)[pri:0, instance:itSutraGID.DemoOfMaven.EappLoginTest@6892b3b6]" started-at="2023-09-21T09:00:07 IST" name="SetUp" finished-at="2023-09-21T09:00:47 IST" duration-ms="40077" status="PASS">
          <params>
            <param index="0">
              <value>
                <![CDATA[http://eaapp.somee.com]]>
              </value>
            </param>
            <param index="1">
              <value>
                <![CDATA[chrome]]>
              </value>
            </param>
          </params>
          <reporter-output>
            <line>
              <![CDATA[Browser Init and Navigate to http://eaapp.somee.com/Account/Login]]>
            </line>
          </reporter-output>
        </test-method> <!-- SetUp -->
        <test-method signature="VerifyUserLoginAlertMsgWhenSubmitOnlyUserNameInfo()[pri:0, instance:itSutraGID.DemoOfMaven.EappLoginTest@6892b3b6]" started-at="2023-09-21T09:00:47 IST" name="VerifyUserLoginAlertMsgWhenSubmitOnlyUserNameInfo" finished-at="2023-09-21T09:01:16 IST" duration-ms="28257" status="PASS">
          <reporter-output>
            <line>
              <![CDATA[
Home Login Button clciked and Login Page get Open]]>
            </line>
            <line>
              <![CDATA[User Name getting input]]>
            </line>
            <line>
              <![CDATA[Password getting input]]>
            </line>
            <line>
              <![CDATA[click to submit login Credential]]>
            </line>
            <line>
              <![CDATA[
Sucess!!!, Getting Error msg for Password]]>
            </line>
            <line>
              <![CDATA[Success!!!!]]>
            </line>
          </reporter-output>
        </test-method> <!-- VerifyUserLoginAlertMsgWhenSubmitOnlyUserNameInfo -->
        <test-method is-config="true" signature="failureSetup(org.testng.ITestResult)[pri:0, instance:itSutraGID.DemoOfMaven.EappLoginTest@6892b3b6]" started-at="2023-09-21T09:01:16 IST" name="failureSetup" finished-at="2023-09-21T09:01:16 IST" duration-ms="2" status="PASS">
          <params>
            <param index="0">
              <value>
                <![CDATA[[TestResult name=VerifyUserLoginAlertMsgWhenSubmitOnlyUserNameInfo status=SUCCESS method=EappLoginTest.VerifyUserLoginAlertMsgWhenSubmitOnlyUserNameInfo()[pri:0, instance:itSutraGID.DemoOfMaven.EappLoginTest@6892b3b6] output=
Home Login Button clciked and Login Page get Open]]]>
              </value>
            </param>
          </params>
          <reporter-output>
          </reporter-output>
        </test-method> <!-- failureSetup -->
        <test-method signature="verifyUserLoginWithoutPassword()[pri:0, instance:itSutraGID.DemoOfMaven.EappLoginTest@6892b3b6]" started-at="2023-09-21T09:01:16 IST" name="verifyUserLoginWithoutPassword" finished-at="2023-09-21T09:01:40 IST" duration-ms="24096" status="PASS">
          <reporter-output>
            <line>
              <![CDATA[verifyUserLoginWithoutPassword is Executed]]>
            </line>
            <line>
              <![CDATA[Success!!!!]]>
            </line>
          </reporter-output>
        </test-method> <!-- verifyUserLoginWithoutPassword -->
        <test-method is-config="true" signature="failureSetup(org.testng.ITestResult)[pri:0, instance:itSutraGID.DemoOfMaven.EappLoginTest@6892b3b6]" started-at="2023-09-21T09:01:40 IST" name="failureSetup" finished-at="2023-09-21T09:01:40 IST" duration-ms="0" status="PASS">
          <params>
            <param index="0">
              <value>
                <![CDATA[[TestResult name=verifyUserLoginWithoutPassword status=SUCCESS method=EappLoginTest.verifyUserLoginWithoutPassword()[pri:0, instance:itSutraGID.DemoOfMaven.EappLoginTest@6892b3b6] output=verifyUserLoginWithoutPassword is Executed]]]>
              </value>
            </param>
          </params>
          <reporter-output>
          </reporter-output>
        </test-method> <!-- failureSetup -->
        <test-method signature="verifyUserLoginWithoutPasswordAndUserName()[pri:0, instance:itSutraGID.DemoOfMaven.EappLoginTest@6892b3b6]" started-at="2023-09-21T09:01:40 IST" name="verifyUserLoginWithoutPasswordAndUserName" finished-at="2023-09-21T09:02:16 IST" duration-ms="36426" status="PASS">
          <reporter-output>
            <line>
              <![CDATA[verifyUserLoginWithoutPasswordAndUserName is Executed]]>
            </line>
            <line>
              <![CDATA[Success!!!!]]>
            </line>
          </reporter-output>
        </test-method> <!-- verifyUserLoginWithoutPasswordAndUserName -->
        <test-method is-config="true" signature="failureSetup(org.testng.ITestResult)[pri:0, instance:itSutraGID.DemoOfMaven.EappLoginTest@6892b3b6]" started-at="2023-09-21T09:02:16 IST" name="failureSetup" finished-at="2023-09-21T09:02:16 IST" duration-ms="0" status="PASS">
          <params>
            <param index="0">
              <value>
                <![CDATA[[TestResult name=verifyUserLoginWithoutPasswordAndUserName status=SUCCESS method=EappLoginTest.verifyUserLoginWithoutPasswordAndUserName()[pri:0, instance:itSutraGID.DemoOfMaven.EappLoginTest@6892b3b6] output=verifyUserLoginWithoutPasswordAndUserName is Executed]]]>
              </value>
            </param>
          </params>
          <reporter-output>
          </reporter-output>
        </test-method> <!-- failureSetup -->
        <test-method signature="verifyUserLoginWithoutUserName()[pri:0, instance:itSutraGID.DemoOfMaven.EappLoginTest@6892b3b6]" started-at="2023-09-21T09:02:16 IST" name="verifyUserLoginWithoutUserName" finished-at="2023-09-21T09:05:16 IST" duration-ms="180163" status="FAIL">
          <exception class="org.openqa.selenium.remote.UnreachableBrowserException">
            <message>
              <![CDATA[Error communicating with the remote browser. It may have died.
Build info: version: '4.12.1', revision: '8e34639b11'
System info: os.name: 'Windows 11', os.arch: 'amd64', os.version: '10.0', java.version: '17.0.6'
Driver info: org.openqa.selenium.remote.RemoteWebDriver
Command: [8c34864263ca88ff4aa1e696d1b6787e, get [url]]
Capabilities {acceptInsecureCerts: false, browserName: chrome, browserVersion: 117.0.5938.88, chrome: {chromedriverVersion: 117.0.5938.88 (be6afae47212..., userDataDir: /tmp/.org.chromium.Chromium...}, fedcm:accounts: true, goog:chromeOptions: {debuggerAddress: localhost:42439}, networkConnectionEnabled: false, pageLoadStrategy: normal, platformName: linux, proxy: Proxy(), se:bidiEnabled: false, se:cdp: ws://172.23.0.7:4444/sessio..., se:cdpVersion: 117.0.5938.88, se:vnc: ws://172.23.0.7:4444/sessio..., se:vncEnabled: true, se:vncLocalAddress: ws://172.23.0.7:7900, setWindowRect: true, strictFileInteractability: false, timeouts: {implicit: 0, pageLoad: 300000, script: 30000}, unhandledPromptBehavior: dismiss and notify, webauthn:extension:credBlob: true, webauthn:extension:largeBlob: true, webauthn:extension:minPinLength: true, webauthn:extension:prf: true, webauthn:virtualAuthenticators: true}
Session ID: 8c34864263ca88ff4aa1e696d1b6787e]]>
            </message>
            <full-stacktrace>
              <![CDATA[org.openqa.selenium.remote.UnreachableBrowserException: Error communicating with the remote browser. It may have died.
Build info: version: '4.12.1', revision: '8e34639b11'
System info: os.name: 'Windows 11', os.arch: 'amd64', os.version: '10.0', java.version: '17.0.6'
Driver info: org.openqa.selenium.remote.RemoteWebDriver
Command: [8c34864263ca88ff4aa1e696d1b6787e, get [url]]
Capabilities {acceptInsecureCerts: false, browserName: chrome, browserVersion: 117.0.5938.88, chrome: {chromedriverVersion: 117.0.5938.88 (be6afae47212..., userDataDir: /tmp/.org.chromium.Chromium...}, fedcm:accounts: true, goog:chromeOptions: {debuggerAddress: localhost:42439}, networkConnectionEnabled: false, pageLoadStrategy: normal, platformName: linux, proxy: Proxy(), se:bidiEnabled: false, se:cdp: ws://172.23.0.7:4444/sessio..., se:cdpVersion: 117.0.5938.88, se:vnc: ws://172.23.0.7:4444/sessio..., se:vncEnabled: true, se:vncLocalAddress: ws://172.23.0.7:7900, setWindowRect: true, strictFileInteractability: false, timeouts: {implicit: 0, pageLoad: 300000, script: 30000}, unhandledPromptBehavior: dismiss and notify, webauthn:extension:credBlob: true, webauthn:extension:largeBlob: true, webauthn:extension:minPinLength: true, webauthn:extension:prf: true, webauthn:virtualAuthenticators: true}
Session ID: 8c34864263ca88ff4aa1e696d1b6787e
at org.openqa.selenium.remote.RemoteWebDriver.execute(RemoteWebDriver.java:629)
at org.openqa.selenium.remote.RemoteWebDriver.get(RemoteWebDriver.java:304)
at itSutraGID.DemoOfMaven.EappLoginTest.verifyUserLoginWithoutUserName(EappLoginTest.java:58)
at java.base/jdk.internal.reflect.NativeMethodAccessorImpl.invoke0(Native Method)
at java.base/jdk.internal.reflect.NativeMethodAccessorImpl.invoke(NativeMethodAccessorImpl.java:77)
at java.base/jdk.internal.reflect.DelegatingMethodAccessorImpl.invoke(DelegatingMethodAccessorImpl.java:43)
at java.base/java.lang.reflect.Method.invoke(Method.java:568)
at org.testng.internal.invokers.MethodInvocationHelper.invokeMethod(MethodInvocationHelper.java:139)
at org.testng.internal.invokers.TestInvoker.invokeMethod(TestInvoker.java:664)
at org.testng.internal.invokers.TestInvoker.invokeTestMethod(TestInvoker.java:227)
at org.testng.internal.invokers.MethodRunner.runInSequence(MethodRunner.java:50)
at org.testng.internal.invokers.TestInvoker$MethodInvocationAgent.invoke(TestInvoker.java:957)
at org.testng.internal.invokers.TestInvoker.invokeTestMethods(TestInvoker.java:200)
at org.testng.internal.invokers.TestMethodWorker.invokeTestMethods(TestMethodWorker.java:148)
at org.testng.internal.invokers.TestMethodWorker.run(TestMethodWorker.java:128)
at java.base/java.util.ArrayList.forEach(ArrayList.java:1511)
at org.testng.TestRunner.privateRun(TestRunner.java:848)
at org.testng.TestRunner.run(TestRunner.java:621)
at org.testng.SuiteRunner.runTest(SuiteRunner.java:443)
at org.testng.SuiteRunner$SuiteWorker.run(SuiteRunner.java:481)
at org.testng.internal.thread.ThreadUtil.lambda$execute$0(ThreadUtil.java:58)
at java.base/java.util.concurrent.FutureTask.run(FutureTask.java:264)
at java.base/java.util.concurrent.ThreadPoolExecutor.runWorker(ThreadPoolExecutor.java:1136)
at java.base/java.util.concurrent.ThreadPoolExecutor$Worker.run(ThreadPoolExecutor.java:635)
at java.base/java.lang.Thread.run(Thread.java:833)
Caused by: java.lang.RuntimeException: NettyHttpHandler request execution error
at org.openqa.selenium.remote.http.netty.NettyHttpHandler.makeCall(NettyHttpHandler.java:76)
at org.openqa.selenium.remote.http.AddSeleniumUserAgent.lambda$apply$0(AddSeleniumUserAgent.java:42)
at org.openqa.selenium.remote.http.Filter.lambda$andFinally$1(Filter.java:55)
at org.openqa.selenium.remote.http.netty.NettyHttpHandler.execute(NettyHttpHandler.java:48)
at org.openqa.selenium.remote.http.netty.NettyClient.execute(NettyClient.java:96)
at org.openqa.selenium.remote.tracing.TracedHttpClient.execute(TracedHttpClient.java:54)
at org.openqa.selenium.remote.HttpCommandExecutor.execute(HttpCommandExecutor.java:188)
at org.openqa.selenium.remote.TracedCommandExecutor.execute(TracedCommandExecutor.java:51)
at org.openqa.selenium.remote.RemoteWebDriver.execute(RemoteWebDriver.java:602)
... 24 more
Caused by: java.util.concurrent.ExecutionException: java.util.concurrent.TimeoutException: Request timeout to localhost/127.0.0.1:4444 after 180000 ms
at java.base/java.util.concurrent.CompletableFuture.reportGet(CompletableFuture.java:396)
at java.base/java.util.concurrent.CompletableFuture.get(CompletableFuture.java:2096)
at org.asynchttpclient.netty.NettyResponseFuture.get(NettyResponseFuture.java:206)
at org.openqa.selenium.remote.http.netty.NettyHttpHandler.makeCall(NettyHttpHandler.java:59)
... 32 more
Caused by: java.util.concurrent.TimeoutException: Request timeout to localhost/127.0.0.1:4444 after 180000 ms
at org.asynchttpclient.netty.timeout.TimeoutTimerTask.expire(TimeoutTimerTask.java:43)
at org.asynchttpclient.netty.timeout.RequestTimeoutTimerTask.run(RequestTimeoutTimerTask.java:50)
at io.netty.util.HashedWheelTimer$HashedWheelTimeout.run(HashedWheelTimer.java:715)
at io.netty.util.concurrent.ImmediateExecutor.execute(ImmediateExecutor.java:34)
at io.netty.util.HashedWheelTimer$HashedWheelTimeout.expire(HashedWheelTimer.java:703)
at io.netty.util.HashedWheelTimer$HashedWheelBucket.expireTimeouts(HashedWheelTimer.java:790)
at io.netty.util.HashedWheelTimer$Worker.run(HashedWheelTimer.java:503)
at io.netty.util.concurrent.FastThreadLocalRunnable.run(FastThreadLocalRunnable.java:30)
... 1 more
]]>
            </full-stacktrace>
          </exception> <!-- org.openqa.selenium.remote.UnreachableBrowserException -->
          <reporter-output>
            <line>
              <![CDATA[Failed Test case...!!!]]>
            </line>
          </reporter-output>
        </test-method> <!-- verifyUserLoginWithoutUserName -->
        <test-method is-config="true" signature="failureSetup(org.testng.ITestResult)[pri:0, instance:itSutraGID.DemoOfMaven.EappLoginTest@6892b3b6]" started-at="2023-09-21T09:05:17 IST" name="failureSetup" finished-at="2023-09-21T09:05:17 IST" duration-ms="1" status="PASS">
          <params>
            <param index="0">
              <value>
                <![CDATA[[TestResult name=verifyUserLoginWithoutUserName status=FAILURE method=EappLoginTest.verifyUserLoginWithoutUserName()[pri:0, instance:itSutraGID.DemoOfMaven.EappLoginTest@6892b3b6] output=Failed Test case...!!!]]]>
              </value>
            </param>
          </params>
          <reporter-output>
          </reporter-output>
        </test-method> <!-- failureSetup -->
        <test-method is-config="true" signature="Clean()[pri:0, instance:itSutraGID.DemoOfMaven.EappLoginTest@6892b3b6]" started-at="2023-09-21T09:05:17 IST" name="Clean" finished-at="2023-09-21T09:05:24 IST" duration-ms="7167" status="PASS">
          <reporter-output>
          </reporter-output>
        </test-method> <!-- Clean -->
      </class> <!-- itSutraGID.DemoOfMaven.EappLoginTest -->
    </test> <!-- MyLoginTestInChrome6 -->
  </suite> <!-- MyLoginSuite -->
</testng-results>
