<?xml version="1.0" encoding="UTF-8"?>
<!-- Generated by org.testng.reporters.JUnitXMLReporter -->
<testsuite ignored="0" hostname="Kavya" failures="0" tests="4" name="MyLoginTestInChrome" time="181.949" errors="0" timestamp="2023-09-21T09:03:09 IST">
  <testcase classname="itSutraGID.DemoOfMaven.EappLoginTest" name="@BeforeTest SetUp" time="181.835">
    <failure type="org.openqa.selenium.SessionNotCreatedException" message="Could not start a new session. Possible causes are invalid address of the remote server or browser start-up failure. 
Host info: host: &amp;apos;KAVYA&amp;apos;, ip: &amp;apos;192.168.1.5&amp;apos;
Build info: version: &amp;apos;4.12.1&amp;apos;, revision: &amp;apos;8e34639b11&amp;apos;
System info: os.name: &amp;apos;Windows 11&amp;apos;, os.arch: &amp;apos;amd64&amp;apos;, os.version: &amp;apos;10.0&amp;apos;, java.version: &amp;apos;17.0.6&amp;apos;
Driver info: org.openqa.selenium.remote.RemoteWebDriver
Command: [null, newSession {capabilities=[Capabilities {browserName: chrome}]}]
Capabilities {browserName: chrome}">
      <![CDATA[org.openqa.selenium.SessionNotCreatedException: Could not start a new session. Possible causes are invalid address of the remote server or browser start-up failure. 
Host info: host: 'KAVYA', ip: '192.168.1.5'
Build info: version: '4.12.1', revision: '8e34639b11'
System info: os.name: 'Windows 11', os.arch: 'amd64', os.version: '10.0', java.version: '17.0.6'
Driver info: org.openqa.selenium.remote.RemoteWebDriver
Command: [null, newSession {capabilities=[Capabilities {browserName: chrome}]}]
Capabilities {browserName: chrome}
at org.openqa.selenium.remote.RemoteWebDriver.execute(RemoteWebDriver.java:620)
at org.openqa.selenium.remote.RemoteWebDriver.startSession(RemoteWebDriver.java:236)
at org.openqa.selenium.remote.RemoteWebDriver.<init>(RemoteWebDriver.java:163)
at org.openqa.selenium.remote.RemoteWebDriver.<init>(RemoteWebDriver.java:143)
at itSutraGID.DemoOfMaven.EappLoginTest.SetUp(EappLoginTest.java:93)
at java.base/java.util.concurrent.FutureTask.run(FutureTask.java:264)
at java.base/java.util.concurrent.ThreadPoolExecutor.runWorker(ThreadPoolExecutor.java:1136)
at java.base/java.util.concurrent.ThreadPoolExecutor$Worker.run(ThreadPoolExecutor.java:635)
at java.base/java.lang.Thread.run(Thread.java:833)
Caused by: java.lang.RuntimeException: NettyHttpHandler request execution error
at org.openqa.selenium.remote.http.netty.NettyHttpHandler.makeCall(NettyHttpHandler.java:76)
at org.openqa.selenium.remote.http.AddSeleniumUserAgent.lambda$apply$0(AddSeleniumUserAgent.java:42)
at org.openqa.selenium.remote.http.Filter.lambda$andFinally$1(Filter.java:55)
at org.openqa.selenium.remote.http.netty.NettyHttpHandler.execute(NettyHttpHandler.java:48)
at org.openqa.selenium.remote.http.netty.NettyClient.execute(NettyClient.java:96)
at org.openqa.selenium.remote.tracing.TracedHttpClient.execute(TracedHttpClient.java:54)
at org.openqa.selenium.remote.ProtocolHandshake.createSession(ProtocolHandshake.java:115)
at org.openqa.selenium.remote.ProtocolHandshake.createSession(ProtocolHandshake.java:96)
at org.openqa.selenium.remote.ProtocolHandshake.createSession(ProtocolHandshake.java:68)
at org.openqa.selenium.remote.HttpCommandExecutor.execute(HttpCommandExecutor.java:163)
at org.openqa.selenium.remote.TracedCommandExecutor.execute(TracedCommandExecutor.java:51)
at org.openqa.selenium.remote.RemoteWebDriver.execute(RemoteWebDriver.java:602)
... 22 more
Caused by: java.util.concurrent.ExecutionException: java.util.concurrent.TimeoutException: Request timeout to localhost/127.0.0.1:4444 after 180000 ms
at java.base/java.util.concurrent.CompletableFuture.reportGet(CompletableFuture.java:396)
at java.base/java.util.concurrent.CompletableFuture.get(CompletableFuture.java:2096)
at org.asynchttpclient.netty.NettyResponseFuture.get(NettyResponseFuture.java:206)
at org.openqa.selenium.remote.http.netty.NettyHttpHandler.makeCall(NettyHttpHandler.java:59)
... 33 more
Caused by: java.util.concurrent.TimeoutException: Request timeout to localhost/127.0.0.1:4444 after 180000 ms
at org.asynchttpclient.netty.timeout.TimeoutTimerTask.expire(TimeoutTimerTask.java:43)
at org.asynchttpclient.netty.timeout.RequestTimeoutTimerTask.run(RequestTimeoutTimerTask.java:50)
at io.netty.util.HashedWheelTimer$HashedWheelTimeout.run(HashedWheelTimer.java:715)
at io.netty.util.concurrent.ImmediateExecutor.execute(ImmediateExecutor.java:34)
at io.netty.util.HashedWheelTimer$HashedWheelTimeout.expire(HashedWheelTimer.java:703)
at io.netty.util.HashedWheelTimer$HashedWheelBucket.expireTimeouts(HashedWheelTimer.java:790)
at io.netty.util.HashedWheelTimer$Worker.run(HashedWheelTimer.java:503)
at io.netty.util.concurrent.FastThreadLocalRunnable.run(FastThreadLocalRunnable.java:30)
... 1 more
... Removed 14 stack frames]]>
    </failure>
  </testcase> <!-- @BeforeTest SetUp -->
  <testcase classname="itSutraGID.DemoOfMaven.EappLoginTest" name="@AfterMethod failureSetup" time="0.0">
    <skipped/>
  </testcase> <!-- @AfterMethod failureSetup -->
  <testcase classname="itSutraGID.DemoOfMaven.EappLoginTest" name="@AfterMethod failureSetup" time="0.0">
    <skipped/>
  </testcase> <!-- @AfterMethod failureSetup -->
  <testcase classname="itSutraGID.DemoOfMaven.EappLoginTest" name="@AfterMethod failureSetup" time="0.0">
    <skipped/>
  </testcase> <!-- @AfterMethod failureSetup -->
  <testcase classname="itSutraGID.DemoOfMaven.EappLoginTest" name="@AfterMethod failureSetup" time="0.0">
    <skipped/>
  </testcase> <!-- @AfterMethod failureSetup -->
  <testcase classname="itSutraGID.DemoOfMaven.EappLoginTest" name="@AfterTest Clean" time="0.0">
    <skipped/>
  </testcase> <!-- @AfterTest Clean -->
  <testcase classname="itSutraGID.DemoOfMaven.EappLoginTest" name="VerifyUserLoginAlertMsgWhenSubmitOnlyUserNameInfo" time="0.002">
    <skipped/>
  </testcase> <!-- VerifyUserLoginAlertMsgWhenSubmitOnlyUserNameInfo -->
  <testcase classname="itSutraGID.DemoOfMaven.EappLoginTest" name="verifyUserLoginWithoutPassword" time="0.0">
    <skipped/>
  </testcase> <!-- verifyUserLoginWithoutPassword -->
  <testcase classname="itSutraGID.DemoOfMaven.EappLoginTest" name="verifyUserLoginWithoutPasswordAndUserName" time="0.0">
    <skipped/>
  </testcase> <!-- verifyUserLoginWithoutPasswordAndUserName -->
  <testcase classname="itSutraGID.DemoOfMaven.EappLoginTest" name="verifyUserLoginWithoutUserName" time="0.0">
    <skipped/>
  </testcase> <!-- verifyUserLoginWithoutUserName -->
</testsuite> <!-- MyLoginTestInChrome -->
