<?xml version="1.0" encoding="UTF-8"?>
<!-- Generated by org.testng.reporters.JUnitReportReporter -->
<testsuite hostname="Kavya" failures="0" tests="29" name="itSutraGID.DemoOfMaven.EappLoginTest" time="1678.959" errors="6" timestamp="2023-09-21T09:05:24 IST" skipped="4">
  <testcase classname="itSutraGID.DemoOfMaven.EappLoginTest" name="verifyUserLoginWithoutUserName" time="180.035">
    <error message="java.util.concurrent.TimeoutException
Build info: version: &#039;4.12.1&#039;, revision: &#039;8e34639b11&#039;
System info: os.name: &#039;Windows 11&#039;, os.arch: &#039;amd64&#039;, os.version: &#039;10.0&#039;, java.version: &#039;17.0.6&#039;
Driver info: org.openqa.selenium.remote.RemoteWebDriver
Command: [4bb236ba9a6c10d6c5677aae8d1f7e74, get {url=https://www.google.com}]
Capabilities {acceptInsecureCerts: false, browserName: chrome, browserVersion: 117.0.5938.88, chrome: {chromedriverVersion: 117.0.5938.88 (be6afae47212..., userDataDir: /tmp/.org.chromium.Chromium...}, fedcm:accounts: true, goog:chromeOptions: {debuggerAddress: localhost:42021}, networkConnectionEnabled: false, pageLoadStrategy: normal, platformName: linux, proxy: Proxy(), se:bidiEnabled: false, se:cdp: ws://172.23.0.5:4444/sessio..., se:cdpVersion: 117.0.5938.88, se:vnc: ws://172.23.0.5:4444/sessio..., se:vncEnabled: true, se:vncLocalAddress: ws://172.23.0.5:7900, setWindowRect: true, strictFileInteractability: false, timeouts: {implicit: 0, pageLoad: 300000, script: 30000}, unhandledPromptBehavior: dismiss and notify, webauthn:extension:credBlob: true, webauthn:extension:largeBlob: true, webauthn:extension:minPinLength: true, webauthn:extension:prf: true, webauthn:virtualAuthenticators: true}
Session ID: 4bb236ba9a6c10d6c5677aae8d1f7e74" type="org.openqa.selenium.TimeoutException">
      <![CDATA[org.openqa.selenium.TimeoutException: java.util.concurrent.TimeoutException
Build info: version: '4.12.1', revision: '8e34639b11'
System info: os.name: 'Windows 11', os.arch: 'amd64', os.version: '10.0', java.version: '17.0.6'
Driver info: org.openqa.selenium.remote.RemoteWebDriver
Command: [4bb236ba9a6c10d6c5677aae8d1f7e74, get {url=https://www.google.com}]
Capabilities {acceptInsecureCerts: false, browserName: chrome, browserVersion: 117.0.5938.88, chrome: {chromedriverVersion: 117.0.5938.88 (be6afae47212..., userDataDir: /tmp/.org.chromium.Chromium...}, fedcm:accounts: true, goog:chromeOptions: {debuggerAddress: localhost:42021}, networkConnectionEnabled: false, pageLoadStrategy: normal, platformName: linux, proxy: Proxy(), se:bidiEnabled: false, se:cdp: ws://172.23.0.5:4444/sessio..., se:cdpVersion: 117.0.5938.88, se:vnc: ws://172.23.0.5:4444/sessio..., se:vncEnabled: true, se:vncLocalAddress: ws://172.23.0.5:7900, setWindowRect: true, strictFileInteractability: false, timeouts: {implicit: 0, pageLoad: 300000, script: 30000}, unhandledPromptBehavior: dismiss and notify, webauthn:extension:credBlob: true, webauthn:extension:largeBlob: true, webauthn:extension:minPinLength: true, webauthn:extension:prf: true, webauthn:virtualAuthenticators: true}
Session ID: 4bb236ba9a6c10d6c5677aae8d1f7e74
at org.openqa.selenium.remote.http.netty.NettyHttpHandler.makeCall(NettyHttpHandler.java:65)
at org.openqa.selenium.remote.http.AddSeleniumUserAgent.lambda$apply$0(AddSeleniumUserAgent.java:42)
at org.openqa.selenium.remote.http.Filter.lambda$andFinally$1(Filter.java:55)
at org.openqa.selenium.remote.http.netty.NettyHttpHandler.execute(NettyHttpHandler.java:48)
at org.openqa.selenium.remote.http.netty.NettyClient.execute(NettyClient.java:96)
at org.openqa.selenium.remote.tracing.TracedHttpClient.execute(TracedHttpClient.java:54)
at org.openqa.selenium.remote.HttpCommandExecutor.execute(HttpCommandExecutor.java:188)
at org.openqa.selenium.remote.TracedCommandExecutor.execute(TracedCommandExecutor.java:51)
at org.openqa.selenium.remote.RemoteWebDriver.execute(RemoteWebDriver.java:602)
at org.openqa.selenium.remote.RemoteWebDriver.get(RemoteWebDriver.java:304)
at itSutraGID.DemoOfMaven.EappLoginTest.verifyUserLoginWithoutUserName(EappLoginTest.java:58)
at java.base/jdk.internal.reflect.NativeMethodAccessorImpl.invoke0(Native Method)
at java.base/jdk.internal.reflect.NativeMethodAccessorImpl.invoke(NativeMethodAccessorImpl.java:77)
at java.base/jdk.internal.reflect.DelegatingMethodAccessorImpl.invoke(DelegatingMethodAccessorImpl.java:43)
at java.base/java.lang.reflect.Method.invoke(Method.java:568)
at org.testng.internal.invokers.MethodInvocationHelper.invokeMethod(MethodInvocationHelper.java:139)
at org.testng.internal.invokers.TestInvoker.invokeMethod(TestInvoker.java:664)
at org.testng.internal.invokers.TestInvoker.invokeTestMethod(TestInvoker.java:227)
at org.testng.internal.invokers.MethodRunner.runInSequence(MethodRunner.java:50)
at org.testng.internal.invokers.TestInvoker$MethodInvocationAgent.invoke(TestInvoker.java:957)
at org.testng.internal.invokers.TestInvoker.invokeTestMethods(TestInvoker.java:200)
at org.testng.internal.invokers.TestMethodWorker.invokeTestMethods(TestMethodWorker.java:148)
at org.testng.internal.invokers.TestMethodWorker.run(TestMethodWorker.java:128)
at java.base/java.util.ArrayList.forEach(ArrayList.java:1511)
at org.testng.TestRunner.privateRun(TestRunner.java:848)
at org.testng.TestRunner.run(TestRunner.java:621)
at org.testng.SuiteRunner.runTest(SuiteRunner.java:443)
at org.testng.SuiteRunner$SuiteWorker.run(SuiteRunner.java:481)
at org.testng.internal.thread.ThreadUtil.lambda$execute$0(ThreadUtil.java:58)
at java.base/java.util.concurrent.FutureTask.run(FutureTask.java:264)
at java.base/java.util.concurrent.ThreadPoolExecutor.runWorker(ThreadPoolExecutor.java:1136)
at java.base/java.util.concurrent.ThreadPoolExecutor$Worker.run(ThreadPoolExecutor.java:635)
at java.base/java.lang.Thread.run(Thread.java:833)
Caused by: java.util.concurrent.TimeoutException
at java.base/java.util.concurrent.CompletableFuture.timedGet(CompletableFuture.java:1960)
at java.base/java.util.concurrent.CompletableFuture.get(CompletableFuture.java:2095)
at org.asynchttpclient.netty.NettyResponseFuture.get(NettyResponseFuture.java:206)
at org.openqa.selenium.remote.http.netty.NettyHttpHandler.makeCall(NettyHttpHandler.java:59)
... 32 more
]]>
    </error>
    <system-out>
      <![CDATA[Failed Test case...!!!]]>
    </system-out>
  </testcase> <!-- verifyUserLoginWithoutUserName -->
  <testcase classname="itSutraGID.DemoOfMaven.EappLoginTest" name="verifyUserLoginWithoutUserName" time="180.021">
    <error message="java.util.concurrent.TimeoutException
Build info: version: &#039;4.12.1&#039;, revision: &#039;8e34639b11&#039;
System info: os.name: &#039;Windows 11&#039;, os.arch: &#039;amd64&#039;, os.version: &#039;10.0&#039;, java.version: &#039;17.0.6&#039;
Driver info: org.openqa.selenium.remote.RemoteWebDriver
Command: [f3de214be3bf481170993dc40299a049, get {url=https://www.google.com}]
Capabilities {acceptInsecureCerts: false, browserName: chrome, browserVersion: 117.0.5938.88, chrome: {chromedriverVersion: 117.0.5938.88 (be6afae47212..., userDataDir: /tmp/.org.chromium.Chromium...}, fedcm:accounts: true, goog:chromeOptions: {debuggerAddress: localhost:37477}, networkConnectionEnabled: false, pageLoadStrategy: normal, platformName: linux, proxy: Proxy(), se:bidiEnabled: false, se:cdp: ws://172.23.0.6:4444/sessio..., se:cdpVersion: 117.0.5938.88, se:vnc: ws://172.23.0.6:4444/sessio..., se:vncEnabled: true, se:vncLocalAddress: ws://172.23.0.6:7900, setWindowRect: true, strictFileInteractability: false, timeouts: {implicit: 0, pageLoad: 300000, script: 30000}, unhandledPromptBehavior: dismiss and notify, webauthn:extension:credBlob: true, webauthn:extension:largeBlob: true, webauthn:extension:minPinLength: true, webauthn:extension:prf: true, webauthn:virtualAuthenticators: true}
Session ID: f3de214be3bf481170993dc40299a049" type="org.openqa.selenium.TimeoutException">
      <![CDATA[org.openqa.selenium.TimeoutException: java.util.concurrent.TimeoutException
Build info: version: '4.12.1', revision: '8e34639b11'
System info: os.name: 'Windows 11', os.arch: 'amd64', os.version: '10.0', java.version: '17.0.6'
Driver info: org.openqa.selenium.remote.RemoteWebDriver
Command: [f3de214be3bf481170993dc40299a049, get {url=https://www.google.com}]
Capabilities {acceptInsecureCerts: false, browserName: chrome, browserVersion: 117.0.5938.88, chrome: {chromedriverVersion: 117.0.5938.88 (be6afae47212..., userDataDir: /tmp/.org.chromium.Chromium...}, fedcm:accounts: true, goog:chromeOptions: {debuggerAddress: localhost:37477}, networkConnectionEnabled: false, pageLoadStrategy: normal, platformName: linux, proxy: Proxy(), se:bidiEnabled: false, se:cdp: ws://172.23.0.6:4444/sessio..., se:cdpVersion: 117.0.5938.88, se:vnc: ws://172.23.0.6:4444/sessio..., se:vncEnabled: true, se:vncLocalAddress: ws://172.23.0.6:7900, setWindowRect: true, strictFileInteractability: false, timeouts: {implicit: 0, pageLoad: 300000, script: 30000}, unhandledPromptBehavior: dismiss and notify, webauthn:extension:credBlob: true, webauthn:extension:largeBlob: true, webauthn:extension:minPinLength: true, webauthn:extension:prf: true, webauthn:virtualAuthenticators: true}
Session ID: f3de214be3bf481170993dc40299a049
at org.openqa.selenium.remote.http.netty.NettyHttpHandler.makeCall(NettyHttpHandler.java:65)
at org.openqa.selenium.remote.http.AddSeleniumUserAgent.lambda$apply$0(AddSeleniumUserAgent.java:42)
at org.openqa.selenium.remote.http.Filter.lambda$andFinally$1(Filter.java:55)
at org.openqa.selenium.remote.http.netty.NettyHttpHandler.execute(NettyHttpHandler.java:48)
at org.openqa.selenium.remote.http.netty.NettyClient.execute(NettyClient.java:96)
at org.openqa.selenium.remote.tracing.TracedHttpClient.execute(TracedHttpClient.java:54)
at org.openqa.selenium.remote.HttpCommandExecutor.execute(HttpCommandExecutor.java:188)
at org.openqa.selenium.remote.TracedCommandExecutor.execute(TracedCommandExecutor.java:51)
at org.openqa.selenium.remote.RemoteWebDriver.execute(RemoteWebDriver.java:602)
at org.openqa.selenium.remote.RemoteWebDriver.get(RemoteWebDriver.java:304)
at itSutraGID.DemoOfMaven.EappLoginTest.verifyUserLoginWithoutUserName(EappLoginTest.java:58)
at java.base/jdk.internal.reflect.NativeMethodAccessorImpl.invoke0(Native Method)
at java.base/jdk.internal.reflect.NativeMethodAccessorImpl.invoke(NativeMethodAccessorImpl.java:77)
at java.base/jdk.internal.reflect.DelegatingMethodAccessorImpl.invoke(DelegatingMethodAccessorImpl.java:43)
at java.base/java.lang.reflect.Method.invoke(Method.java:568)
at org.testng.internal.invokers.MethodInvocationHelper.invokeMethod(MethodInvocationHelper.java:139)
at org.testng.internal.invokers.TestInvoker.invokeMethod(TestInvoker.java:664)
at org.testng.internal.invokers.TestInvoker.invokeTestMethod(TestInvoker.java:227)
at org.testng.internal.invokers.MethodRunner.runInSequence(MethodRunner.java:50)
at org.testng.internal.invokers.TestInvoker$MethodInvocationAgent.invoke(TestInvoker.java:957)
at org.testng.internal.invokers.TestInvoker.invokeTestMethods(TestInvoker.java:200)
at org.testng.internal.invokers.TestMethodWorker.invokeTestMethods(TestMethodWorker.java:148)
at org.testng.internal.invokers.TestMethodWorker.run(TestMethodWorker.java:128)
at java.base/java.util.ArrayList.forEach(ArrayList.java:1511)
at org.testng.TestRunner.privateRun(TestRunner.java:848)
at org.testng.TestRunner.run(TestRunner.java:621)
at org.testng.SuiteRunner.runTest(SuiteRunner.java:443)
at org.testng.SuiteRunner$SuiteWorker.run(SuiteRunner.java:481)
at org.testng.internal.thread.ThreadUtil.lambda$execute$0(ThreadUtil.java:58)
at java.base/java.util.concurrent.FutureTask.run(FutureTask.java:264)
at java.base/java.util.concurrent.ThreadPoolExecutor.runWorker(ThreadPoolExecutor.java:1136)
at java.base/java.util.concurrent.ThreadPoolExecutor$Worker.run(ThreadPoolExecutor.java:635)
at java.base/java.lang.Thread.run(Thread.java:833)
Caused by: java.util.concurrent.TimeoutException
at java.base/java.util.concurrent.CompletableFuture.timedGet(CompletableFuture.java:1960)
at java.base/java.util.concurrent.CompletableFuture.get(CompletableFuture.java:2095)
at org.asynchttpclient.netty.NettyResponseFuture.get(NettyResponseFuture.java:206)
at org.openqa.selenium.remote.http.netty.NettyHttpHandler.makeCall(NettyHttpHandler.java:59)
... 32 more
]]>
    </error>
    <system-out>
      <![CDATA[Failed Test case...!!!]]>
    </system-out>
  </testcase> <!-- verifyUserLoginWithoutUserName -->
  <testcase classname="itSutraGID.DemoOfMaven.EappLoginTest" name="verifyUserLoginWithoutPasswordAndUserName" time="41.117">
    <system-out>
      <![CDATA[verifyUserLoginWithoutPasswordAndUserName is Executed
Success!!!!]]>
    </system-out>
  </testcase> <!-- verifyUserLoginWithoutPasswordAndUserName -->
  <testcase classname="itSutraGID.DemoOfMaven.EappLoginTest" name="verifyUserLoginWithoutUserName" time="180.036">
    <error message="java.util.concurrent.TimeoutException
Build info: version: &#039;4.12.1&#039;, revision: &#039;8e34639b11&#039;
System info: os.name: &#039;Windows 11&#039;, os.arch: &#039;amd64&#039;, os.version: &#039;10.0&#039;, java.version: &#039;17.0.6&#039;
Driver info: org.openqa.selenium.remote.RemoteWebDriver
Command: [63782b08f679a1d279d5e78e1eaded57, get {url=https://www.google.com}]
Capabilities {acceptInsecureCerts: false, browserName: chrome, browserVersion: 117.0.5938.88, chrome: {chromedriverVersion: 117.0.5938.88 (be6afae47212..., userDataDir: /tmp/.org.chromium.Chromium...}, fedcm:accounts: true, goog:chromeOptions: {debuggerAddress: localhost:36223}, networkConnectionEnabled: false, pageLoadStrategy: normal, platformName: linux, proxy: Proxy(), se:bidiEnabled: false, se:cdp: ws://172.23.0.2:4444/sessio..., se:cdpVersion: 117.0.5938.88, se:vnc: ws://172.23.0.2:4444/sessio..., se:vncEnabled: true, se:vncLocalAddress: ws://172.23.0.2:7900, setWindowRect: true, strictFileInteractability: false, timeouts: {implicit: 0, pageLoad: 300000, script: 30000}, unhandledPromptBehavior: dismiss and notify, webauthn:extension:credBlob: true, webauthn:extension:largeBlob: true, webauthn:extension:minPinLength: true, webauthn:extension:prf: true, webauthn:virtualAuthenticators: true}
Session ID: 63782b08f679a1d279d5e78e1eaded57" type="org.openqa.selenium.TimeoutException">
      <![CDATA[org.openqa.selenium.TimeoutException: java.util.concurrent.TimeoutException
Build info: version: '4.12.1', revision: '8e34639b11'
System info: os.name: 'Windows 11', os.arch: 'amd64', os.version: '10.0', java.version: '17.0.6'
Driver info: org.openqa.selenium.remote.RemoteWebDriver
Command: [63782b08f679a1d279d5e78e1eaded57, get {url=https://www.google.com}]
Capabilities {acceptInsecureCerts: false, browserName: chrome, browserVersion: 117.0.5938.88, chrome: {chromedriverVersion: 117.0.5938.88 (be6afae47212..., userDataDir: /tmp/.org.chromium.Chromium...}, fedcm:accounts: true, goog:chromeOptions: {debuggerAddress: localhost:36223}, networkConnectionEnabled: false, pageLoadStrategy: normal, platformName: linux, proxy: Proxy(), se:bidiEnabled: false, se:cdp: ws://172.23.0.2:4444/sessio..., se:cdpVersion: 117.0.5938.88, se:vnc: ws://172.23.0.2:4444/sessio..., se:vncEnabled: true, se:vncLocalAddress: ws://172.23.0.2:7900, setWindowRect: true, strictFileInteractability: false, timeouts: {implicit: 0, pageLoad: 300000, script: 30000}, unhandledPromptBehavior: dismiss and notify, webauthn:extension:credBlob: true, webauthn:extension:largeBlob: true, webauthn:extension:minPinLength: true, webauthn:extension:prf: true, webauthn:virtualAuthenticators: true}
Session ID: 63782b08f679a1d279d5e78e1eaded57
at org.openqa.selenium.remote.http.netty.NettyHttpHandler.makeCall(NettyHttpHandler.java:65)
at org.openqa.selenium.remote.http.AddSeleniumUserAgent.lambda$apply$0(AddSeleniumUserAgent.java:42)
at org.openqa.selenium.remote.http.Filter.lambda$andFinally$1(Filter.java:55)
at org.openqa.selenium.remote.http.netty.NettyHttpHandler.execute(NettyHttpHandler.java:48)
at org.openqa.selenium.remote.http.netty.NettyClient.execute(NettyClient.java:96)
at org.openqa.selenium.remote.tracing.TracedHttpClient.execute(TracedHttpClient.java:54)
at org.openqa.selenium.remote.HttpCommandExecutor.execute(HttpCommandExecutor.java:188)
at org.openqa.selenium.remote.TracedCommandExecutor.execute(TracedCommandExecutor.java:51)
at org.openqa.selenium.remote.RemoteWebDriver.execute(RemoteWebDriver.java:602)
at org.openqa.selenium.remote.RemoteWebDriver.get(RemoteWebDriver.java:304)
at itSutraGID.DemoOfMaven.EappLoginTest.verifyUserLoginWithoutUserName(EappLoginTest.java:58)
at java.base/jdk.internal.reflect.NativeMethodAccessorImpl.invoke0(Native Method)
at java.base/jdk.internal.reflect.NativeMethodAccessorImpl.invoke(NativeMethodAccessorImpl.java:77)
at java.base/jdk.internal.reflect.DelegatingMethodAccessorImpl.invoke(DelegatingMethodAccessorImpl.java:43)
at java.base/java.lang.reflect.Method.invoke(Method.java:568)
at org.testng.internal.invokers.MethodInvocationHelper.invokeMethod(MethodInvocationHelper.java:139)
at org.testng.internal.invokers.TestInvoker.invokeMethod(TestInvoker.java:664)
at org.testng.internal.invokers.TestInvoker.invokeTestMethod(TestInvoker.java:227)
at org.testng.internal.invokers.MethodRunner.runInSequence(MethodRunner.java:50)
at org.testng.internal.invokers.TestInvoker$MethodInvocationAgent.invoke(TestInvoker.java:957)
at org.testng.internal.invokers.TestInvoker.invokeTestMethods(TestInvoker.java:200)
at org.testng.internal.invokers.TestMethodWorker.invokeTestMethods(TestMethodWorker.java:148)
at org.testng.internal.invokers.TestMethodWorker.run(TestMethodWorker.java:128)
at java.base/java.util.ArrayList.forEach(ArrayList.java:1511)
at org.testng.TestRunner.privateRun(TestRunner.java:848)
at org.testng.TestRunner.run(TestRunner.java:621)
at org.testng.SuiteRunner.runTest(SuiteRunner.java:443)
at org.testng.SuiteRunner$SuiteWorker.run(SuiteRunner.java:481)
at org.testng.internal.thread.ThreadUtil.lambda$execute$0(ThreadUtil.java:58)
at java.base/java.util.concurrent.FutureTask.run(FutureTask.java:264)
at java.base/java.util.concurrent.ThreadPoolExecutor.runWorker(ThreadPoolExecutor.java:1136)
at java.base/java.util.concurrent.ThreadPoolExecutor$Worker.run(ThreadPoolExecutor.java:635)
at java.base/java.lang.Thread.run(Thread.java:833)
Caused by: java.util.concurrent.TimeoutException
at java.base/java.util.concurrent.CompletableFuture.timedGet(CompletableFuture.java:1960)
at java.base/java.util.concurrent.CompletableFuture.get(CompletableFuture.java:2095)
at org.asynchttpclient.netty.NettyResponseFuture.get(NettyResponseFuture.java:206)
at org.openqa.selenium.remote.http.netty.NettyHttpHandler.makeCall(NettyHttpHandler.java:59)
... 32 more
]]>
    </error>
    <system-out>
      <![CDATA[Failed Test case...!!!]]>
    </system-out>
  </testcase> <!-- verifyUserLoginWithoutUserName -->
  <testcase classname="itSutraGID.DemoOfMaven.EappLoginTest" name="verifyUserLoginWithoutPassword" time="25.518">
    <system-out>
      <![CDATA[verifyUserLoginWithoutPassword is Executed
Success!!!!]]>
    </system-out>
  </testcase> <!-- verifyUserLoginWithoutPassword -->
  <testcase classname="itSutraGID.DemoOfMaven.EappLoginTest" name="verifyUserLoginWithoutPasswordAndUserName" time="33.703">
    <system-out>
      <![CDATA[verifyUserLoginWithoutPasswordAndUserName is Executed
Success!!!!]]>
    </system-out>
  </testcase> <!-- verifyUserLoginWithoutPasswordAndUserName -->
  <testcase classname="itSutraGID.DemoOfMaven.EappLoginTest" name="verifyUserLoginWithoutUserName" time="180.163">
    <error message="Error communicating with the remote browser. It may have died.
Build info: version: &#039;4.12.1&#039;, revision: &#039;8e34639b11&#039;
System info: os.name: &#039;Windows 11&#039;, os.arch: &#039;amd64&#039;, os.version: &#039;10.0&#039;, java.version: &#039;17.0.6&#039;
Driver info: org.openqa.selenium.remote.RemoteWebDriver
Command: [8c34864263ca88ff4aa1e696d1b6787e, get [url]]
Capabilities {acceptInsecureCerts: false, browserName: chrome, browserVersion: 117.0.5938.88, chrome: {chromedriverVersion: 117.0.5938.88 (be6afae47212..., userDataDir: /tmp/.org.chromium.Chromium...}, fedcm:accounts: true, goog:chromeOptions: {debuggerAddress: localhost:42439}, networkConnectionEnabled: false, pageLoadStrategy: normal, platformName: linux, proxy: Proxy(), se:bidiEnabled: false, se:cdp: ws://172.23.0.7:4444/sessio..., se:cdpVersion: 117.0.5938.88, se:vnc: ws://172.23.0.7:4444/sessio..., se:vncEnabled: true, se:vncLocalAddress: ws://172.23.0.7:7900, setWindowRect: true, strictFileInteractability: false, timeouts: {implicit: 0, pageLoad: 300000, script: 30000}, unhandledPromptBehavior: dismiss and notify, webauthn:extension:credBlob: true, webauthn:extension:largeBlob: true, webauthn:extension:minPinLength: true, webauthn:extension:prf: true, webauthn:virtualAuthenticators: true}
Session ID: 8c34864263ca88ff4aa1e696d1b6787e" type="org.openqa.selenium.remote.UnreachableBrowserException">
      <![CDATA[org.openqa.selenium.remote.UnreachableBrowserException: Error communicating with the remote browser. It may have died.
Build info: version: '4.12.1', revision: '8e34639b11'
System info: os.name: 'Windows 11', os.arch: 'amd64', os.version: '10.0', java.version: '17.0.6'
Driver info: org.openqa.selenium.remote.RemoteWebDriver
Command: [8c34864263ca88ff4aa1e696d1b6787e, get [url]]
Capabilities {acceptInsecureCerts: false, browserName: chrome, browserVersion: 117.0.5938.88, chrome: {chromedriverVersion: 117.0.5938.88 (be6afae47212..., userDataDir: /tmp/.org.chromium.Chromium...}, fedcm:accounts: true, goog:chromeOptions: {debuggerAddress: localhost:42439}, networkConnectionEnabled: false, pageLoadStrategy: normal, platformName: linux, proxy: Proxy(), se:bidiEnabled: false, se:cdp: ws://172.23.0.7:4444/sessio..., se:cdpVersion: 117.0.5938.88, se:vnc: ws://172.23.0.7:4444/sessio..., se:vncEnabled: true, se:vncLocalAddress: ws://172.23.0.7:7900, setWindowRect: true, strictFileInteractability: false, timeouts: {implicit: 0, pageLoad: 300000, script: 30000}, unhandledPromptBehavior: dismiss and notify, webauthn:extension:credBlob: true, webauthn:extension:largeBlob: true, webauthn:extension:minPinLength: true, webauthn:extension:prf: true, webauthn:virtualAuthenticators: true}
Session ID: 8c34864263ca88ff4aa1e696d1b6787e
at org.openqa.selenium.remote.RemoteWebDriver.execute(RemoteWebDriver.java:629)
at org.openqa.selenium.remote.RemoteWebDriver.get(RemoteWebDriver.java:304)
at itSutraGID.DemoOfMaven.EappLoginTest.verifyUserLoginWithoutUserName(EappLoginTest.java:58)
at java.base/jdk.internal.reflect.NativeMethodAccessorImpl.invoke0(Native Method)
at java.base/jdk.internal.reflect.NativeMethodAccessorImpl.invoke(NativeMethodAccessorImpl.java:77)
at java.base/jdk.internal.reflect.DelegatingMethodAccessorImpl.invoke(DelegatingMethodAccessorImpl.java:43)
at java.base/java.lang.reflect.Method.invoke(Method.java:568)
at org.testng.internal.invokers.MethodInvocationHelper.invokeMethod(MethodInvocationHelper.java:139)
at org.testng.internal.invokers.TestInvoker.invokeMethod(TestInvoker.java:664)
at org.testng.internal.invokers.TestInvoker.invokeTestMethod(TestInvoker.java:227)
at org.testng.internal.invokers.MethodRunner.runInSequence(MethodRunner.java:50)
at org.testng.internal.invokers.TestInvoker$MethodInvocationAgent.invoke(TestInvoker.java:957)
at org.testng.internal.invokers.TestInvoker.invokeTestMethods(TestInvoker.java:200)
at org.testng.internal.invokers.TestMethodWorker.invokeTestMethods(TestMethodWorker.java:148)
at org.testng.internal.invokers.TestMethodWorker.run(TestMethodWorker.java:128)
at java.base/java.util.ArrayList.forEach(ArrayList.java:1511)
at org.testng.TestRunner.privateRun(TestRunner.java:848)
at org.testng.TestRunner.run(TestRunner.java:621)
at org.testng.SuiteRunner.runTest(SuiteRunner.java:443)
at org.testng.SuiteRunner$SuiteWorker.run(SuiteRunner.java:481)
at org.testng.internal.thread.ThreadUtil.lambda$execute$0(ThreadUtil.java:58)
at java.base/java.util.concurrent.FutureTask.run(FutureTask.java:264)
at java.base/java.util.concurrent.ThreadPoolExecutor.runWorker(ThreadPoolExecutor.java:1136)
at java.base/java.util.concurrent.ThreadPoolExecutor$Worker.run(ThreadPoolExecutor.java:635)
at java.base/java.lang.Thread.run(Thread.java:833)
Caused by: java.lang.RuntimeException: NettyHttpHandler request execution error
at org.openqa.selenium.remote.http.netty.NettyHttpHandler.makeCall(NettyHttpHandler.java:76)
at org.openqa.selenium.remote.http.AddSeleniumUserAgent.lambda$apply$0(AddSeleniumUserAgent.java:42)
at org.openqa.selenium.remote.http.Filter.lambda$andFinally$1(Filter.java:55)
at org.openqa.selenium.remote.http.netty.NettyHttpHandler.execute(NettyHttpHandler.java:48)
at org.openqa.selenium.remote.http.netty.NettyClient.execute(NettyClient.java:96)
at org.openqa.selenium.remote.tracing.TracedHttpClient.execute(TracedHttpClient.java:54)
at org.openqa.selenium.remote.HttpCommandExecutor.execute(HttpCommandExecutor.java:188)
at org.openqa.selenium.remote.TracedCommandExecutor.execute(TracedCommandExecutor.java:51)
at org.openqa.selenium.remote.RemoteWebDriver.execute(RemoteWebDriver.java:602)
... 24 more
Caused by: java.util.concurrent.ExecutionException: java.util.concurrent.TimeoutException: Request timeout to localhost/127.0.0.1:4444 after 180000 ms
at java.base/java.util.concurrent.CompletableFuture.reportGet(CompletableFuture.java:396)
at java.base/java.util.concurrent.CompletableFuture.get(CompletableFuture.java:2096)
at org.asynchttpclient.netty.NettyResponseFuture.get(NettyResponseFuture.java:206)
at org.openqa.selenium.remote.http.netty.NettyHttpHandler.makeCall(NettyHttpHandler.java:59)
... 32 more
Caused by: java.util.concurrent.TimeoutException: Request timeout to localhost/127.0.0.1:4444 after 180000 ms
at org.asynchttpclient.netty.timeout.TimeoutTimerTask.expire(TimeoutTimerTask.java:43)
at org.asynchttpclient.netty.timeout.RequestTimeoutTimerTask.run(RequestTimeoutTimerTask.java:50)
at io.netty.util.HashedWheelTimer$HashedWheelTimeout.run(HashedWheelTimer.java:715)
at io.netty.util.concurrent.ImmediateExecutor.execute(ImmediateExecutor.java:34)
at io.netty.util.HashedWheelTimer$HashedWheelTimeout.expire(HashedWheelTimer.java:703)
at io.netty.util.HashedWheelTimer$HashedWheelBucket.expireTimeouts(HashedWheelTimer.java:790)
at io.netty.util.HashedWheelTimer$Worker.run(HashedWheelTimer.java:503)
at io.netty.util.concurrent.FastThreadLocalRunnable.run(FastThreadLocalRunnable.java:30)
... 1 more
]]>
    </error>
    <system-out>
      <![CDATA[Failed Test case...!!!]]>
    </system-out>
  </testcase> <!-- verifyUserLoginWithoutUserName -->
  <testcase classname="itSutraGID.DemoOfMaven.EappLoginTest" name="VerifyUserLoginAlertMsgWhenSubmitOnlyUserNameInfo" time="29.326">
    <system-out>
      <![CDATA[
Home Login Button clciked and Login Page get Open
User Name getting input
Password getting input
click to submit login Credential

Sucess!!!, Getting Error msg for Password
Success!!!!]]>
    </system-out>
  </testcase> <!-- VerifyUserLoginAlertMsgWhenSubmitOnlyUserNameInfo -->
  <testcase classname="itSutraGID.DemoOfMaven.EappLoginTest" name="verifyUserLoginWithoutPassword" time="24.409">
    <system-out>
      <![CDATA[verifyUserLoginWithoutPassword is Executed
Success!!!!]]>
    </system-out>
  </testcase> <!-- verifyUserLoginWithoutPassword -->
  <testcase classname="itSutraGID.DemoOfMaven.EappLoginTest" name="VerifyUserLoginAlertMsgWhenSubmitOnlyUserNameInfo" time="28.257">
    <system-out>
      <![CDATA[
Home Login Button clciked and Login Page get Open
User Name getting input
Password getting input
click to submit login Credential

Sucess!!!, Getting Error msg for Password
Success!!!!]]>
    </system-out>
  </testcase> <!-- VerifyUserLoginAlertMsgWhenSubmitOnlyUserNameInfo -->
  <testcase classname="itSutraGID.DemoOfMaven.EappLoginTest" name="verifyUserLoginWithoutPassword" time="27.890">
    <system-out>
      <![CDATA[verifyUserLoginWithoutPassword is Executed
Success!!!!]]>
    </system-out>
  </testcase> <!-- verifyUserLoginWithoutPassword -->
  <testcase classname="itSutraGID.DemoOfMaven.EappLoginTest" name="verifyUserLoginWithoutPassword" time="20.271">
    <system-out>
      <![CDATA[verifyUserLoginWithoutPassword is Executed
Success!!!!]]>
    </system-out>
  </testcase> <!-- verifyUserLoginWithoutPassword -->
  <testcase classname="itSutraGID.DemoOfMaven.EappLoginTest" name="verifyUserLoginWithoutPassword" time="0.000">
    <skipped/>
  </testcase> <!-- verifyUserLoginWithoutPassword -->
  <testcase classname="itSutraGID.DemoOfMaven.EappLoginTest" name="verifyUserLoginWithoutPasswordAndUserName" time="0.000">
    <skipped/>
  </testcase> <!-- verifyUserLoginWithoutPasswordAndUserName -->
  <testcase classname="itSutraGID.DemoOfMaven.EappLoginTest" name="VerifyUserLoginAlertMsgWhenSubmitOnlyUserNameInfo" time="26.516">
    <system-out>
      <![CDATA[
Home Login Button clciked and Login Page get Open
User Name getting input
Password getting input
click to submit login Credential

Sucess!!!, Getting Error msg for Password
Success!!!!]]>
    </system-out>
  </testcase> <!-- VerifyUserLoginAlertMsgWhenSubmitOnlyUserNameInfo -->
  <testcase classname="itSutraGID.DemoOfMaven.EappLoginTest" name="verifyUserLoginWithoutPasswordAndUserName" time="36.427">
    <system-out>
      <![CDATA[verifyUserLoginWithoutPasswordAndUserName is Executed
Success!!!!]]>
    </system-out>
  </testcase> <!-- verifyUserLoginWithoutPasswordAndUserName -->
  <testcase classname="itSutraGID.DemoOfMaven.EappLoginTest" name="SetUp" time="181.835">
    <error message="Could not start a new session. Possible causes are invalid address of the remote server or browser start-up failure. 
Host info: host: &#039;KAVYA&#039;, ip: &#039;192.168.1.5&#039;
Build info: version: &#039;4.12.1&#039;, revision: &#039;8e34639b11&#039;
System info: os.name: &#039;Windows 11&#039;, os.arch: &#039;amd64&#039;, os.version: &#039;10.0&#039;, java.version: &#039;17.0.6&#039;
Driver info: org.openqa.selenium.remote.RemoteWebDriver
Command: [null, newSession {capabilities=[Capabilities {browserName: chrome}]}]
Capabilities {browserName: chrome}" type="org.openqa.selenium.SessionNotCreatedException">
      <![CDATA[org.openqa.selenium.SessionNotCreatedException: Could not start a new session. Possible causes are invalid address of the remote server or browser start-up failure. 
Host info: host: 'KAVYA', ip: '192.168.1.5'
Build info: version: '4.12.1', revision: '8e34639b11'
System info: os.name: 'Windows 11', os.arch: 'amd64', os.version: '10.0', java.version: '17.0.6'
Driver info: org.openqa.selenium.remote.RemoteWebDriver
Command: [null, newSession {capabilities=[Capabilities {browserName: chrome}]}]
Capabilities {browserName: chrome}
at org.openqa.selenium.remote.RemoteWebDriver.execute(RemoteWebDriver.java:620)
at org.openqa.selenium.remote.RemoteWebDriver.startSession(RemoteWebDriver.java:236)
at org.openqa.selenium.remote.RemoteWebDriver.<init>(RemoteWebDriver.java:163)
at org.openqa.selenium.remote.RemoteWebDriver.<init>(RemoteWebDriver.java:143)
at itSutraGID.DemoOfMaven.EappLoginTest.SetUp(EappLoginTest.java:93)
at java.base/jdk.internal.reflect.NativeMethodAccessorImpl.invoke0(Native Method)
at java.base/jdk.internal.reflect.NativeMethodAccessorImpl.invoke(NativeMethodAccessorImpl.java:77)
at java.base/jdk.internal.reflect.DelegatingMethodAccessorImpl.invoke(DelegatingMethodAccessorImpl.java:43)
at java.base/java.lang.reflect.Method.invoke(Method.java:568)
at org.testng.internal.invokers.MethodInvocationHelper.invokeMethod(MethodInvocationHelper.java:139)
at org.testng.internal.invokers.MethodInvocationHelper.invokeMethodConsideringTimeout(MethodInvocationHelper.java:69)
at org.testng.internal.invokers.ConfigInvoker.invokeConfigurationMethod(ConfigInvoker.java:390)
at org.testng.internal.invokers.ConfigInvoker.invokeConfigurations(ConfigInvoker.java:325)
at org.testng.TestRunner.invokeTestConfigurations(TestRunner.java:663)
at org.testng.TestRunner.beforeRun(TestRunner.java:652)
at org.testng.TestRunner.run(TestRunner.java:614)
at org.testng.SuiteRunner.runTest(SuiteRunner.java:443)
at org.testng.SuiteRunner$SuiteWorker.run(SuiteRunner.java:481)
at org.testng.internal.thread.ThreadUtil.lambda$execute$0(ThreadUtil.java:58)
at java.base/java.util.concurrent.FutureTask.run(FutureTask.java:264)
at java.base/java.util.concurrent.ThreadPoolExecutor.runWorker(ThreadPoolExecutor.java:1136)
at java.base/java.util.concurrent.ThreadPoolExecutor$Worker.run(ThreadPoolExecutor.java:635)
at java.base/java.lang.Thread.run(Thread.java:833)
Caused by: java.lang.RuntimeException: NettyHttpHandler request execution error
at org.openqa.selenium.remote.http.netty.NettyHttpHandler.makeCall(NettyHttpHandler.java:76)
at org.openqa.selenium.remote.http.AddSeleniumUserAgent.lambda$apply$0(AddSeleniumUserAgent.java:42)
at org.openqa.selenium.remote.http.Filter.lambda$andFinally$1(Filter.java:55)
at org.openqa.selenium.remote.http.netty.NettyHttpHandler.execute(NettyHttpHandler.java:48)
at org.openqa.selenium.remote.http.netty.NettyClient.execute(NettyClient.java:96)
at org.openqa.selenium.remote.tracing.TracedHttpClient.execute(TracedHttpClient.java:54)
at org.openqa.selenium.remote.ProtocolHandshake.createSession(ProtocolHandshake.java:115)
at org.openqa.selenium.remote.ProtocolHandshake.createSession(ProtocolHandshake.java:96)
at org.openqa.selenium.remote.ProtocolHandshake.createSession(ProtocolHandshake.java:68)
at org.openqa.selenium.remote.HttpCommandExecutor.execute(HttpCommandExecutor.java:163)
at org.openqa.selenium.remote.TracedCommandExecutor.execute(TracedCommandExecutor.java:51)
at org.openqa.selenium.remote.RemoteWebDriver.execute(RemoteWebDriver.java:602)
... 22 more
Caused by: java.util.concurrent.ExecutionException: java.util.concurrent.TimeoutException: Request timeout to localhost/127.0.0.1:4444 after 180000 ms
at java.base/java.util.concurrent.CompletableFuture.reportGet(CompletableFuture.java:396)
at java.base/java.util.concurrent.CompletableFuture.get(CompletableFuture.java:2096)
at org.asynchttpclient.netty.NettyResponseFuture.get(NettyResponseFuture.java:206)
at org.openqa.selenium.remote.http.netty.NettyHttpHandler.makeCall(NettyHttpHandler.java:59)
... 33 more
Caused by: java.util.concurrent.TimeoutException: Request timeout to localhost/127.0.0.1:4444 after 180000 ms
at org.asynchttpclient.netty.timeout.TimeoutTimerTask.expire(TimeoutTimerTask.java:43)
at org.asynchttpclient.netty.timeout.RequestTimeoutTimerTask.run(RequestTimeoutTimerTask.java:50)
at io.netty.util.HashedWheelTimer$HashedWheelTimeout.run(HashedWheelTimer.java:715)
at io.netty.util.concurrent.ImmediateExecutor.execute(ImmediateExecutor.java:34)
at io.netty.util.HashedWheelTimer$HashedWheelTimeout.expire(HashedWheelTimer.java:703)
at io.netty.util.HashedWheelTimer$HashedWheelBucket.expireTimeouts(HashedWheelTimer.java:790)
at io.netty.util.HashedWheelTimer$Worker.run(HashedWheelTimer.java:503)
at io.netty.util.concurrent.FastThreadLocalRunnable.run(FastThreadLocalRunnable.java:30)
... 1 more
]]>
    </error>
  </testcase> <!-- SetUp -->
  <testcase classname="itSutraGID.DemoOfMaven.EappLoginTest" name="verifyUserLoginWithoutPasswordAndUserName" time="29.729">
    <system-out>
      <![CDATA[verifyUserLoginWithoutPasswordAndUserName is Executed
Success!!!!]]>
    </system-out>
  </testcase> <!-- verifyUserLoginWithoutPasswordAndUserName -->
  <testcase classname="itSutraGID.DemoOfMaven.EappLoginTest" name="verifyUserLoginWithoutPassword" time="25.392">
    <system-out>
      <![CDATA[verifyUserLoginWithoutPassword is Executed
Success!!!!]]>
    </system-out>
  </testcase> <!-- verifyUserLoginWithoutPassword -->
  <testcase classname="itSutraGID.DemoOfMaven.EappLoginTest" name="verifyUserLoginWithoutUserName" time="180.161">
    <error message="java.util.concurrent.TimeoutException
Build info: version: &#039;4.12.1&#039;, revision: &#039;8e34639b11&#039;
System info: os.name: &#039;Windows 11&#039;, os.arch: &#039;amd64&#039;, os.version: &#039;10.0&#039;, java.version: &#039;17.0.6&#039;
Driver info: org.openqa.selenium.remote.RemoteWebDriver
Command: [46b530e3cf641a4043fbf228d305c83a, get {url=https://www.google.com}]
Capabilities {acceptInsecureCerts: false, browserName: chrome, browserVersion: 117.0.5938.88, chrome: {chromedriverVersion: 117.0.5938.88 (be6afae47212..., userDataDir: /tmp/.org.chromium.Chromium...}, fedcm:accounts: true, goog:chromeOptions: {debuggerAddress: localhost:38285}, networkConnectionEnabled: false, pageLoadStrategy: normal, platformName: linux, proxy: Proxy(), se:bidiEnabled: false, se:cdp: ws://172.23.0.3:4444/sessio..., se:cdpVersion: 117.0.5938.88, se:vnc: ws://172.23.0.3:4444/sessio..., se:vncEnabled: true, se:vncLocalAddress: ws://172.23.0.3:7900, setWindowRect: true, strictFileInteractability: false, timeouts: {implicit: 0, pageLoad: 300000, script: 30000}, unhandledPromptBehavior: dismiss and notify, webauthn:extension:credBlob: true, webauthn:extension:largeBlob: true, webauthn:extension:minPinLength: true, webauthn:extension:prf: true, webauthn:virtualAuthenticators: true}
Session ID: 46b530e3cf641a4043fbf228d305c83a" type="org.openqa.selenium.TimeoutException">
      <![CDATA[org.openqa.selenium.TimeoutException: java.util.concurrent.TimeoutException
Build info: version: '4.12.1', revision: '8e34639b11'
System info: os.name: 'Windows 11', os.arch: 'amd64', os.version: '10.0', java.version: '17.0.6'
Driver info: org.openqa.selenium.remote.RemoteWebDriver
Command: [46b530e3cf641a4043fbf228d305c83a, get {url=https://www.google.com}]
Capabilities {acceptInsecureCerts: false, browserName: chrome, browserVersion: 117.0.5938.88, chrome: {chromedriverVersion: 117.0.5938.88 (be6afae47212..., userDataDir: /tmp/.org.chromium.Chromium...}, fedcm:accounts: true, goog:chromeOptions: {debuggerAddress: localhost:38285}, networkConnectionEnabled: false, pageLoadStrategy: normal, platformName: linux, proxy: Proxy(), se:bidiEnabled: false, se:cdp: ws://172.23.0.3:4444/sessio..., se:cdpVersion: 117.0.5938.88, se:vnc: ws://172.23.0.3:4444/sessio..., se:vncEnabled: true, se:vncLocalAddress: ws://172.23.0.3:7900, setWindowRect: true, strictFileInteractability: false, timeouts: {implicit: 0, pageLoad: 300000, script: 30000}, unhandledPromptBehavior: dismiss and notify, webauthn:extension:credBlob: true, webauthn:extension:largeBlob: true, webauthn:extension:minPinLength: true, webauthn:extension:prf: true, webauthn:virtualAuthenticators: true}
Session ID: 46b530e3cf641a4043fbf228d305c83a
at org.openqa.selenium.remote.http.netty.NettyHttpHandler.makeCall(NettyHttpHandler.java:65)
at org.openqa.selenium.remote.http.AddSeleniumUserAgent.lambda$apply$0(AddSeleniumUserAgent.java:42)
at org.openqa.selenium.remote.http.Filter.lambda$andFinally$1(Filter.java:55)
at org.openqa.selenium.remote.http.netty.NettyHttpHandler.execute(NettyHttpHandler.java:48)
at org.openqa.selenium.remote.http.netty.NettyClient.execute(NettyClient.java:96)
at org.openqa.selenium.remote.tracing.TracedHttpClient.execute(TracedHttpClient.java:54)
at org.openqa.selenium.remote.HttpCommandExecutor.execute(HttpCommandExecutor.java:188)
at org.openqa.selenium.remote.TracedCommandExecutor.execute(TracedCommandExecutor.java:51)
at org.openqa.selenium.remote.RemoteWebDriver.execute(RemoteWebDriver.java:602)
at org.openqa.selenium.remote.RemoteWebDriver.get(RemoteWebDriver.java:304)
at itSutraGID.DemoOfMaven.EappLoginTest.verifyUserLoginWithoutUserName(EappLoginTest.java:58)
at java.base/jdk.internal.reflect.NativeMethodAccessorImpl.invoke0(Native Method)
at java.base/jdk.internal.reflect.NativeMethodAccessorImpl.invoke(NativeMethodAccessorImpl.java:77)
at java.base/jdk.internal.reflect.DelegatingMethodAccessorImpl.invoke(DelegatingMethodAccessorImpl.java:43)
at java.base/java.lang.reflect.Method.invoke(Method.java:568)
at org.testng.internal.invokers.MethodInvocationHelper.invokeMethod(MethodInvocationHelper.java:139)
at org.testng.internal.invokers.TestInvoker.invokeMethod(TestInvoker.java:664)
at org.testng.internal.invokers.TestInvoker.invokeTestMethod(TestInvoker.java:227)
at org.testng.internal.invokers.MethodRunner.runInSequence(MethodRunner.java:50)
at org.testng.internal.invokers.TestInvoker$MethodInvocationAgent.invoke(TestInvoker.java:957)
at org.testng.internal.invokers.TestInvoker.invokeTestMethods(TestInvoker.java:200)
at org.testng.internal.invokers.TestMethodWorker.invokeTestMethods(TestMethodWorker.java:148)
at org.testng.internal.invokers.TestMethodWorker.run(TestMethodWorker.java:128)
at java.base/java.util.ArrayList.forEach(ArrayList.java:1511)
at org.testng.TestRunner.privateRun(TestRunner.java:848)
at org.testng.TestRunner.run(TestRunner.java:621)
at org.testng.SuiteRunner.runTest(SuiteRunner.java:443)
at org.testng.SuiteRunner$SuiteWorker.run(SuiteRunner.java:481)
at org.testng.internal.thread.ThreadUtil.lambda$execute$0(ThreadUtil.java:58)
at java.base/java.util.concurrent.FutureTask.run(FutureTask.java:264)
at java.base/java.util.concurrent.ThreadPoolExecutor.runWorker(ThreadPoolExecutor.java:1136)
at java.base/java.util.concurrent.ThreadPoolExecutor$Worker.run(ThreadPoolExecutor.java:635)
at java.base/java.lang.Thread.run(Thread.java:833)
Caused by: java.util.concurrent.TimeoutException
at java.base/java.util.concurrent.CompletableFuture.timedGet(CompletableFuture.java:1960)
at java.base/java.util.concurrent.CompletableFuture.get(CompletableFuture.java:2095)
at org.asynchttpclient.netty.NettyResponseFuture.get(NettyResponseFuture.java:206)
at org.openqa.selenium.remote.http.netty.NettyHttpHandler.makeCall(NettyHttpHandler.java:59)
... 32 more
]]>
    </error>
    <system-out>
      <![CDATA[Failed Test case...!!!]]>
    </system-out>
  </testcase> <!-- verifyUserLoginWithoutUserName -->
  <testcase classname="itSutraGID.DemoOfMaven.EappLoginTest" name="VerifyUserLoginAlertMsgWhenSubmitOnlyUserNameInfo" time="0.002">
    <skipped/>
  </testcase> <!-- VerifyUserLoginAlertMsgWhenSubmitOnlyUserNameInfo -->
  <testcase classname="itSutraGID.DemoOfMaven.EappLoginTest" name="VerifyUserLoginAlertMsgWhenSubmitOnlyUserNameInfo" time="28.713">
    <system-out>
      <![CDATA[
Home Login Button clciked and Login Page get Open
User Name getting input
Password getting input
click to submit login Credential

Sucess!!!, Getting Error msg for Password
Success!!!!]]>
    </system-out>
  </testcase> <!-- VerifyUserLoginAlertMsgWhenSubmitOnlyUserNameInfo -->
  <testcase classname="itSutraGID.DemoOfMaven.EappLoginTest" name="verifyUserLoginWithoutPasswordAndUserName" time="29.056">
    <system-out>
      <![CDATA[verifyUserLoginWithoutPasswordAndUserName is Executed
Success!!!!]]>
    </system-out>
  </testcase> <!-- verifyUserLoginWithoutPasswordAndUserName -->
  <testcase classname="itSutraGID.DemoOfMaven.EappLoginTest" name="verifyUserLoginWithoutUserName" time="0.000">
    <skipped/>
  </testcase> <!-- verifyUserLoginWithoutUserName -->
  <testcase classname="itSutraGID.DemoOfMaven.EappLoginTest" name="VerifyUserLoginAlertMsgWhenSubmitOnlyUserNameInfo" time="25.889">
    <system-out>
      <![CDATA[
Home Login Button clciked and Login Page get Open
User Name getting input
Password getting input
click to submit login Credential

Sucess!!!, Getting Error msg for Password
Success!!!!]]>
    </system-out>
  </testcase> <!-- VerifyUserLoginAlertMsgWhenSubmitOnlyUserNameInfo -->
  <testcase classname="itSutraGID.DemoOfMaven.EappLoginTest" name="verifyUserLoginWithoutPasswordAndUserName" time="66.302">
    <system-out>
      <![CDATA[verifyUserLoginWithoutPasswordAndUserName is Executed
Success!!!!]]>
    </system-out>
  </testcase> <!-- verifyUserLoginWithoutPasswordAndUserName -->
  <testcase classname="itSutraGID.DemoOfMaven.EappLoginTest" name="verifyUserLoginWithoutPassword" time="24.098">
    <system-out>
      <![CDATA[verifyUserLoginWithoutPassword is Executed
Success!!!!]]>
    </system-out>
  </testcase> <!-- verifyUserLoginWithoutPassword -->
  <testcase classname="itSutraGID.DemoOfMaven.EappLoginTest" name="VerifyUserLoginAlertMsgWhenSubmitOnlyUserNameInfo" time="24.919">
    <system-out>
      <![CDATA[
Home Login Button clciked and Login Page get Open
User Name getting input
Password getting input
click to submit login Credential

Sucess!!!, Getting Error msg for Password
Success!!!!]]>
    </system-out>
  </testcase> <!-- VerifyUserLoginAlertMsgWhenSubmitOnlyUserNameInfo -->
  <testcase classname="itSutraGID.DemoOfMaven.EappLoginTest" name="verifyUserLoginWithoutUserName" time="49.174">
    <system-out>
      <![CDATA[verifyUserLoginWithoutUserName is Executed .... AAAAAAAAA!!!!
Success!!!!]]>
    </system-out>
  </testcase> <!-- verifyUserLoginWithoutUserName -->
  <system-out>
    <![CDATA[Browser Init and Navigate to http://eaapp.somee.com/Account/Login
Browser Init and Navigate to http://eaapp.somee.com/Account/Login
Browser Init and Navigate to http://eaapp.somee.com/Account/Login
Browser Init and Navigate to http://eaapp.somee.com/Account/Login
Browser Init and Navigate to http://eaapp.somee.com/Account/Login
Browser Init and Navigate to http://eaapp.somee.com/Account/Login

Home Login Button clciked and Login Page get Open

Home Login Button clciked and Login Page get Open

Home Login Button clciked and Login Page get Open

Home Login Button clciked and Login Page get Open

Home Login Button clciked and Login Page get Open

Home Login Button clciked and Login Page get Open
User Name getting input
User Name getting input
User Name getting input
User Name getting input
User Name getting input
User Name getting input
Password getting input
Password getting input
Password getting input
Password getting input
Password getting input
Password getting input
click to submit login Credential

Sucess!!!, Getting Error msg for Password
Success!!!!
click to submit login Credential
click to submit login Credential
click to submit login Credential
click to submit login Credential

Sucess!!!, Getting Error msg for Password
Success!!!!

Sucess!!!, Getting Error msg for Password
Success!!!!

Sucess!!!, Getting Error msg for Password
Success!!!!
click to submit login Credential

Sucess!!!, Getting Error msg for Password
Success!!!!

Sucess!!!, Getting Error msg for Password
Success!!!!
verifyUserLoginWithoutPassword is Executed
Success!!!!
verifyUserLoginWithoutPassword is Executed
Success!!!!
verifyUserLoginWithoutPassword is Executed
Success!!!!
verifyUserLoginWithoutPassword is Executed
Success!!!!
verifyUserLoginWithoutPassword is Executed
Success!!!!
verifyUserLoginWithoutPassword is Executed
Success!!!!
verifyUserLoginWithoutPasswordAndUserName is Executed
Success!!!!
verifyUserLoginWithoutPasswordAndUserName is Executed
Success!!!!
verifyUserLoginWithoutPasswordAndUserName is Executed
Success!!!!
verifyUserLoginWithoutPasswordAndUserName is Executed
Success!!!!
verifyUserLoginWithoutPasswordAndUserName is Executed
Success!!!!
verifyUserLoginWithoutPasswordAndUserName is Executed
Success!!!!
verifyUserLoginWithoutUserName is Executed .... AAAAAAAAA!!!!
Success!!!!
Failed Test case...!!!
Failed Test case...!!!
Failed Test case...!!!
Failed Test case...!!!
Failed Test case...!!!]]>
  </system-out>
</testsuite> <!-- itSutraGID.DemoOfMaven.EappLoginTest -->
